#
# A fatal error has been detected by the Java Runtime Environment:
#
#  SIGSEGV (0xb) at pc=0x00007fb638b99fd8, pid=12155, tid=0x00007fb6308d4700
#
# JRE version: Java(TM) SE Runtime Environment (8.0_172-b11) (build 1.8.0_172-b11)
# Java VM: Java HotSpot(TM) 64-Bit Server VM (25.172-b11 mixed mode linux-amd64 compressed oops)
# Problematic frame:
# C  [libjprofilerti.so+0xf0fd8]  LiveCpuProfilingHelper::updateThreadNames()+0x108
#
# Core dump written. Default location: /run/media/suoyao/develop/radish/radish-scheduler/core or core.12155
#
# If you would like to submit a bug report, please visit:
#   http://bugreport.java.com/bugreport/crash.jsp
# The crash happened outside the Java Virtual Machine in native code.
# See problematic frame for where to report the bug.
#

---------------  T H R E A D  ---------------

Current thread (0x00007fb5c8013000):  JavaThread "_jprofiler_native_sampler" daemon [_thread_in_native, id=12251, stack(0x00007fb6307d4000,0x00007fb6308d5000)]

siginfo: si_signo: 11 (SIGSEGV), si_code: 2 (SEGV_ACCERR), si_addr: 0x00007fb530031008

Registers:
RAX=0x0000000000000000, RBX=0x00007fb6308d3b50, RCX=0x0000000000000006, RDX=0x0000000000007118
RSP=0x00007fb6308d3b00, RBP=0x00007fb6308d3b20, RSI=0x0000000000000e23, RDI=0x00007fb530031008
R8 =0x0000000000000e23, R9 =0x00007fb5d08ee890, R10=0x00007fb5d08ee890, R11=0x00000000d000a520
R12=0x00000000000000e2, R13=0x00007fb6308d3b90, R14=0x00007fb5c80131f8, R15=0x00007fb5c80074f0
RIP=0x00007fb638b99fd8, EFLAGS=0x0000000000010202, CSGSFS=0x002b000000000033, ERR=0x0000000000000004
  TRAPNO=0x000000000000000e

Top of Stack: (sp=0x00007fb6308d3b00)
0x00007fb6308d3b00:   0000000000b51370 00007fb53002f800
0x00007fb6308d3b10:   0000000000b51370 00007fb53002f800
0x00007fb6308d3b20:   0000000000b51370 00007fb53002f800
0x00007fb6308d3b30:   00007fb5d08ee890 00007fb600000e1e
0x00007fb6308d3b40:   00007fb5d08ee890 00007fb600000e1e
0x00007fb6308d3b50:   00007fb5d08ee890 00007fb600000e23
0x00007fb6308d3b60:   00007fb5d08ee890 fffffffd00000e1e
0x00007fb6308d3b70:   00007fb5d08ee890 00007ffed000a520
0x00007fb6308d3b80:   00007fb5c8013000 00000001c80131f8
0x00007fb6308d3b90:   00007fb550029a20 00007fb55002ad70
0x00007fb6308d3ba0:   00007fb55002ba20 00007fb5c80131f8
0x00007fb6308d3bb0:   00007fb5c80131f8 0000000000000001
0x00007fb6308d3bc0:   00007fb5c80131f8 00007fb638d91e30
0x00007fb6308d3bd0:   00007fb66145ad80 00007fb638baf425
0x00007fb6308d3be0:   00007fb6308d3c20 00007fb660c3d7dd
0x00007fb6308d3bf0:   00007fb6308d3c20 0000000000000004
0x00007fb6308d3c00:   00007fb5c8013000 0000000000000005
0x00007fb6308d3c10:   00007fb5d08c10b0 00000000000003d8
0x00007fb6308d3c20:   00007fb6308d3c50 00007fb660c15db3
0x00007fb6308d3c30:   00007fb5c8013000 00007fb5d08c10b0
0x00007fb6308d3c40:   00000000077b46bf 00007fb5e82f2a00
0x00007fb6308d3c50:   00007fb6308d3c60 00007fb5c80074f0
0x00007fb6308d3c60:   00007fb5c80131f8 00007fb638d91e30
0x00007fb6308d3c70:   00007fb66145ad80 00007fb5e82f2a00
0x00007fb6308d3c80:   00000000000003d8 00007fb638baf9b1
0x00007fb6308d3c90:   00007fb5c8013000 00007fb6308d3cd0
0x00007fb6308d3ca0:   00007fb66145fb40 00007fb660c39651
0x00007fb6308d3cb0:   00007fb6308d3cd0 00007fb6308d3cf0
0x00007fb6308d3cc0:   00007fb5c8013000 00007fb5e82f2a10
0x00007fb6308d3cd0:   00007fb6308d3d60 00007fb660f0c473
0x00007fb6308d3ce0:   00007fb5e82f2a10 00007fb5e82f2de8
0x00007fb6308d3cf0:   00007fb5c8013000 00007fb5c8011310 

Instructions: (pc=0x00007fb638b99fd8)
0x00007fb638b99fb8:   8d 5c 24 50 48 8d 6c 24 20 49 89 ca 89 d6 41 89
0x00007fb638b99fc8:   f0 49 8b 7a 18 4a 8d 14 c5 00 00 00 00 48 01 d7
0x00007fb638b99fd8:   48 8b 0f 48 85 c9 74 60 49 89 d4 4d 03 62 20 49
0x00007fb638b99fe8:   8b 04 24 48 85 c0 74 50 48 8b b4 24 98 00 00 00 

Register to memory mapping:

RAX=0x0000000000000000 is an unknown value
RBX=0x00007fb6308d3b50 is pointing into the stack for thread: 0x00007fb5c8013000
RCX=0x0000000000000006 is an unknown value
RDX=0x0000000000007118 is an unknown value
RSP=0x00007fb6308d3b00 is pointing into the stack for thread: 0x00007fb5c8013000
RBP=0x00007fb6308d3b20 is pointing into the stack for thread: 0x00007fb5c8013000
RSI=0x0000000000000e23 is an unknown value
RDI=0x00007fb530031008 is an unknown value
R8 =0x0000000000000e23 is an unknown value
R9 =0x00007fb5d08ee890 is an unknown value
R10=0x00007fb5d08ee890 is an unknown value
R11=0x00000000d000a520 is an unknown value
R12=0x00000000000000e2 is an unknown value
R13=0x00007fb6308d3b90 is pointing into the stack for thread: 0x00007fb5c8013000
R14=0x00007fb5c80131f8 is an unknown value
R15=0x00007fb5c80074f0 is an unknown value


Stack: [0x00007fb6307d4000,0x00007fb6308d5000],  sp=0x00007fb6308d3b00,  free space=1022k
Native frames: (J=compiled Java code, j=interpreted, Vv=VM code, C=native code)
C  [libjprofilerti.so+0xf0fd8]  LiveCpuProfilingHelper::updateThreadNames()+0x108
C  0x00007fb53002f800


---------------  P R O C E S S  ---------------

Java Threads: ( => current thread )
  0x00007fb5c8058000 JavaThread "_jprofiler_control_sampler" daemon [_thread_blocked, id=12252, stack(0x00007fb6308d5000,0x00007fb6309d6000)]
=>0x00007fb5c8013000 JavaThread "_jprofiler_native_sampler" daemon [_thread_in_native, id=12251, stack(0x00007fb6307d4000,0x00007fb6308d5000)]
  0x0000000000b4d000 JavaThread "RecvWorker:2" daemon [_thread_in_native, id=12240, stack(0x00007fb630bd8000,0x00007fb630cd9000)]
  0x0000000000b47800 JavaThread "SendWorker:2" daemon [_thread_blocked, id=12239, stack(0x00007fb630cd9000,0x00007fb630dda000)]
  0x00007fb65c014000 JavaThread "DestroyJavaVM" [_thread_blocked, id=12156, stack(0x00007fb660206000,0x00007fb660306000)]
  0x00007fb65eeb6000 JavaThread "ClusterPeer[myid=4]" [_thread_blocked, id=12238, stack(0x00007fb630dda000,0x00007fb630edb000)]
  0x00007fb65eeb5000 JavaThread "WorkerReceiver[myid=4]" daemon [_thread_blocked, id=12237, stack(0x00007fb630edb000,0x00007fb630fdc000)]
  0x00007fb65eeb3000 JavaThread "WorkerSender[myid=4]" daemon [_thread_blocked, id=12236, stack(0x00007fb630fdc000,0x00007fb6310dd000)]
  0x00007fb65eead800 JavaThread "/192.168.140.21:3888" [_thread_in_native, id=12234, stack(0x00007fb6310dd000,0x00007fb6311de000)]
  0x00007fb65ee99000 JavaThread "http-nio-8888-AsyncTimeout" daemon [_thread_blocked, id=12233, stack(0x00007fb6311de000,0x00007fb6312df000)]
  0x00007fb65ee98800 JavaThread "http-nio-8888-Acceptor-0" daemon [_thread_in_native, id=12232, stack(0x00007fb6312df000,0x00007fb6313e0000)]
  0x00007fb65ee90800 JavaThread "http-nio-8888-ClientPoller-1" daemon [_thread_in_native, id=12231, stack(0x00007fb6313e0000,0x00007fb6314e1000)]
  0x00007fb65ee76000 JavaThread "http-nio-8888-ClientPoller-0" daemon [_thread_in_native, id=12230, stack(0x00007fb6314e1000,0x00007fb6315e2000)]
  0x00007fb65ee5a000 JavaThread "http-nio-8888-exec-10" daemon [_thread_blocked, id=12229, stack(0x00007fb6315e2000,0x00007fb6316e3000)]
  0x00007fb65ee58000 JavaThread "http-nio-8888-exec-9" daemon [_thread_blocked, id=12228, stack(0x00007fb6316e3000,0x00007fb6317e4000)]
  0x00007fb65ee56800 JavaThread "http-nio-8888-exec-8" daemon [_thread_blocked, id=12227, stack(0x00007fb6317e4000,0x00007fb6318e5000)]
  0x00007fb65ee54800 JavaThread "http-nio-8888-exec-7" daemon [_thread_blocked, id=12226, stack(0x00007fb6318e5000,0x00007fb6319e6000)]
  0x00007fb65ee52800 JavaThread "http-nio-8888-exec-6" daemon [_thread_blocked, id=12225, stack(0x00007fb6319e6000,0x00007fb631ae7000)]
  0x00007fb65ee50800 JavaThread "http-nio-8888-exec-5" daemon [_thread_blocked, id=12224, stack(0x00007fb631ae7000,0x00007fb631be8000)]
  0x00007fb65ee4e800 JavaThread "http-nio-8888-exec-4" daemon [_thread_blocked, id=12223, stack(0x00007fb631be8000,0x00007fb631ce9000)]
  0x00007fb65ee4c800 JavaThread "http-nio-8888-exec-3" daemon [_thread_blocked, id=12222, stack(0x00007fb631ce9000,0x00007fb631dea000)]
  0x00007fb65ee4b000 JavaThread "http-nio-8888-exec-2" daemon [_thread_blocked, id=12221, stack(0x00007fb631dea000,0x00007fb631eeb000)]
  0x00007fb65ee4a000 JavaThread "http-nio-8888-exec-1" daemon [_thread_blocked, id=12220, stack(0x00007fb631eeb000,0x00007fb631fec000)]
  0x00007fb65ee44800 JavaThread "NioBlockingSelector.BlockPoller-1" daemon [_thread_in_native, id=12219, stack(0x00007fb631fec000,0x00007fb6320ed000)]
  0x00007fb65eba7000 JavaThread "RadishQuartzScheduler_QuartzSchedulerThread" [_thread_blocked, id=12215, stack(0x00007fb6325ee000,0x00007fb6326ef000)]
  0x00007fb65eba0000 JavaThread "RadishQuartzScheduler_Worker-15" [_thread_blocked, id=12214, stack(0x00007fb6326ef000,0x00007fb6327f0000)]
  0x00007fb65eb9e000 JavaThread "RadishQuartzScheduler_Worker-14" [_thread_blocked, id=12213, stack(0x00007fb6327f0000,0x00007fb6328f1000)]
  0x00007fb65eb9c000 JavaThread "RadishQuartzScheduler_Worker-13" [_thread_blocked, id=12212, stack(0x00007fb6328f1000,0x00007fb6329f2000)]
  0x00007fb65eb9a000 JavaThread "RadishQuartzScheduler_Worker-12" [_thread_blocked, id=12211, stack(0x00007fb6329f2000,0x00007fb632af3000)]
  0x00007fb65eb98000 JavaThread "RadishQuartzScheduler_Worker-11" [_thread_blocked, id=12210, stack(0x00007fb632af3000,0x00007fb632bf4000)]
  0x00007fb65eb71000 JavaThread "RadishQuartzScheduler_Worker-10" [_thread_blocked, id=12209, stack(0x00007fb632bf4000,0x00007fb632cf5000)]
  0x00007fb65eb6f000 JavaThread "RadishQuartzScheduler_Worker-9" [_thread_blocked, id=12208, stack(0x00007fb632cf5000,0x00007fb632df6000)]
  0x00007fb65eb6d000 JavaThread "RadishQuartzScheduler_Worker-8" [_thread_blocked, id=12207, stack(0x00007fb632df6000,0x00007fb632ef7000)]
  0x00007fb65eb6b000 JavaThread "RadishQuartzScheduler_Worker-7" [_thread_blocked, id=12206, stack(0x00007fb632ef7000,0x00007fb632ff8000)]
  0x00007fb65eb69000 JavaThread "RadishQuartzScheduler_Worker-6" [_thread_blocked, id=12205, stack(0x00007fb632ff8000,0x00007fb6330f9000)]
  0x00007fb65eb67000 JavaThread "RadishQuartzScheduler_Worker-5" [_thread_blocked, id=12204, stack(0x00007fb6330f9000,0x00007fb6331fa000)]
  0x00007fb65eb65000 JavaThread "RadishQuartzScheduler_Worker-4" [_thread_blocked, id=12203, stack(0x00007fb6331fa000,0x00007fb6332fb000)]
  0x00007fb65eb63000 JavaThread "RadishQuartzScheduler_Worker-3" [_thread_blocked, id=12202, stack(0x00007fb6332fb000,0x00007fb6333fc000)]
  0x00007fb65eb61800 JavaThread "RadishQuartzScheduler_Worker-2" [_thread_blocked, id=12201, stack(0x00007fb6333fc000,0x00007fb6334fd000)]
  0x00007fb65eb82000 