#
# A fatal error has been detected by the Java Runtime Environment:
#
#  SIGSEGV (0xb) at pc=0x00007f71d868cf75, pid=12483, tid=0x00007f71e921a700
#
# JRE version: Java(TM) SE Runtime Environment (8.0_172-b11) (build 1.8.0_172-b11)
# Java VM: Java HotSpot(TM) 64-Bit Server VM (25.172-b11 mixed mode linux-amd64 compressed oops)
# Problematic frame:
# C  [libjprofilerti.so+0xe8f75]  ProbePatches::getPatchFunction(jprofiler::String&, std::vector<std::pair<int, char const*>, std::allocator<std::pair<int, char const*> > >&)+0x185
#
# Core dump written. Default location: /run/media/suoyao/develop/radish/radish-scheduler/core or core.12483
#
# If you would like to submit a bug report, please visit:
#   http://bugreport.java.com/bugreport/crash.jsp
# The crash happened outside the Java Virtual Machine in native code.
# See problematic frame for where to report the bug.
#

---------------  T H R E A D  ---------------

Current thread (0x00007f720020f000):  JavaThread "Signal Dispatcher" daemon [_thread_in_native, id=12506, stack(0x00007f71e911a000,0x00007f71e921b000)]

siginfo: si_signo: 11 (SIGSEGV), si_code: 2 (SEGV_ACCERR), si_addr: 0x00007f712d80cd24

Registers:
RAX=0x00000000c7c1a095, RBX=0x0000000005002095, RCX=0x000000000000000a, RDX=0x00007f712c40c500
RSP=0x00007f71e92160c0, RBP=0x00007f712c0195f0, RSI=0x0000000000500209, RDI=0x00007f712c40c500
R8 =0x0000000000500209, R9 =0x0000000000000000, R10=0x00007f71a00008d0, R11=0x00007f71d8726fc0
R12=0x00007f71e92163a0, R13=0x0000000000000000, R14=0x00007f71e9218400, R15=0x000000002d3e63bf
RIP=0x00007f71d868cf75, EFLAGS=0x0000000000010206, CSGSFS=0x002b000000000033, ERR=0x0000000000000004
  TRAPNO=0x000000000000000e

Top of Stack: (sp=0x00007f71e92160c0)
0x00007f71e92160c0:   00007f712c40c500 05002095d88df660
0x00007f71e92160d0:   00007f71e9216120 00007f71e92163d0
0x00007f71e92160e0:   00007f71a0002af0 000000000000000b
0x00007f71e92160f0:   3f40000000000008 00007f71a0002b50
0x00007f71e9216100:   00007f720020be72 00000002018e3740
0x00007f71e9216110:   00007f7100000002 0000000000000000
0x00007f71e9216120:   0000000000000000 00007f7100000000
0x00007f71e9216130:   0000000000000000 00007f71e9216128
0x00007f71e9216140:   00007f71e9216128 0000000000000000
0x00007f71e9216150:   000000000000026e 00007f71d88df660
0x00007f71e9216160:   00007f71e92163d0 00007f71e92163a0
0x00007f71e9216170:   0000000000000000 00007f712d303dc0
0x00007f71e9216180:   0000000000000000 00007f71d86b06c7
0x00007f71e9216190:   00007f71e9216278 00007f712d303dc0
0x00007f71e92161a0:   00007f71d88df660 0000000000000000
0x00007f71e92161b0:   00007f71e9218494 0000000000000000
0x00007f71e92161c0:   00007f71e92163d0 00007f71e9216360
0x00007f71e92161d0:   00007f71e9216310 0000000000000000
0x00007f71e92161e0:   0000000000000000 0000000000000000
0x00007f71e92161f0:   0000000000000000 0000000000000000
0x00007f71e9216200:   0100000000000000 0000000000000000
0x00007f71e9216210:   0000000000000000 00007f71a00029a0
0x00007f71e9216220:   00007f71d88df660 0000000000000000
0x00007f71e9216230:   00007f712c018ca0 0000000100000000
0x00007f71e9216240:   00007f71e92185ec 00007f71e9218488
0x00007f71e9216250:   0000026e00000000 00007f720020bdb0
0x00007f71e9216260:   00007f720020f1f8 0000000000000000
0x00007f71e9216270:   0000000000000000 000001c900000000
0x00007f71e9216280:   0000000000000000 0000000000000000
0x00007f71e9216290:   0000000000000000 0000000000000000
0x00007f71e92162a0:   0000000000000000 0000000000000000
0x00007f71e92162b0:   0000000000000000 0000000000000000 

Instructions: (pc=0x00007f71d868cf75)
0x00007f71d868cf55:   44 21 fb 89 5c 24 0c 48 89 14 24 41 89 d8 48 8b
0x00007f71d868cf65:   3c 24 89 d9 41 c1 e8 04 83 e1 0f 44 89 c6 01 c9
0x00007f71d868cf75:   8b 04 b7 d3 e8 a8 02 0f 85 9c 00 00 00 a8 01 75
0x00007f71d868cf85:   3f 41 89 db 49 8b 7e 10 49 c1 e3 05 4c 03 5d 18 

Register to memory mapping:

RAX=0x00000000c7c1a095 is an unknown value
RBX=0x0000000005002095 is an unknown value
RCX=0x000000000000000a is an unknown value
RDX=0x00007f712c40c500 is an unknown value
RSP=0x00007f71e92160c0 is pointing into the stack for thread: 0x00007f720020f000
RBP=0x00007f712c0195f0 is an unknown value
RSI=0x0000000000500209 is an unknown value
RDI=0x00007f712c40c500 is an unknown value
R8 =0x0000000000500209 is an unknown value
R9 =0x0000000000000000 is an unknown value
R10=0x00007f71a00008d0 is an unknown value
R11=0x00007f71d8726fc0: _ZN9jprofiler6String8hashCodeEv+0 in /opt/jprofiler11.0/bin/linux-x64/libjprofilerti.so at 0x00007f71d85a4000
R12=0x00007f71e92163a0 is pointing into the stack for thread: 0x00007f720020f000
R13=0x0000000000000000 is an unknown value
R14=0x00007f71e9218400 is pointing into the stack for thread: 0x00007f720020f000
R15=0x000000002d3e63bf is an unknown value


Stack: [0x00007f71e911a000,0x00007f71e921b000],  sp=0x00007f71e92160c0,  free space=1008k
Native frames: (J=compiled Java code, j=interpreted, Vv=VM code, C=native code)
C  [libjprofilerti.so+0xe8f75]  ProbePatches::getPatchFunction(jprofiler::String&, std::vector<std::pair<int, char const*>, std::allocator<std::pair<int, char const*> > >&)+0x185

Java frames: (J=compiled Java code, j=interpreted, Vv=VM code)
j  sun.misc.Signal.dispatch(I)V+25
v  ~StubRoutines::call_stub

---------------  P R O C E S S  ---------------

Java Threads: ( => current thread )
  0x00007f7124060800 JavaThread "_jprofiler_control_sampler" daemon [_thread_blocked, id=12597, stack(0x00007f71d23e6000,0x00007f71d24e7000)]
  0x00007f7124039800 JavaThread "_jprofiler_native_sampler" daemon [_thread_blocked, id=12596, stack(0x00007f71d24e7000,0x00007f71d25e8000)]
  0x0000000000d4a000 JavaThread "RecvWorker:2" daemon [_thread_in_native, id=12572, stack(0x00007f71d27ea000,0x00007f71d28eb000)]
  0x0000000000d48800 JavaThread "SendWorker:2" daemon [_thread_blocked, id=12571, stack(0x00007f71d28eb000,0x00007f71d29ec000)]
  0x00007f7200014000 JavaThread "DestroyJavaVM" [_thread_blocked, id=12490, stack(0x00007f7205ed4000,0x00007f7205fd4000)]
  0x00007f72018d9800 JavaThread "ClusterPeer[myid=4]" [_thread_blocked, id=12570, stack(0x00007f71d29ec000,0x00007f71d2aed000)]
  0x00007f72018d8000 JavaThread "WorkerReceiver[myid=4]" daemon [_thread_blocked, id=12569, stack(0x00007f71d2aed000,0x00007f71d2bee000)]
  0x00007f72018d6000 JavaThread "WorkerSender[myid=4]" daemon [_thread_blocked, id=12568, stack(0x00007f71d2bee000,0x00007f71d2cef000)]
  0x00007f72018d0800 JavaThread "/192.168.140.21:3888" [_thread_in_native, id=12567, stack(0x00007f71d2cef000,0x00007f71d2df0000)]
  0x00007f7200ace800 JavaThread "http-nio-8888-AsyncTimeout" daemon [_thread_blocked, id=12566, stack(0x00007f71d2df0000,0x00007f71d2ef1000)]
  0x00007f7200acd800 JavaThread "http-nio-8888-Acceptor-0" daemon [_thread_in_native, id=12565, stack(0x00007f71d2ef1000,0x00007f71d2ff2000)]
  0x00007f7200aca000 JavaThread "http-nio-8888-ClientPoller-1" daemon [_thread_in_native, id=12564, stack(0x00007f71d2ff2000,0x00007f71d30f3000)]
  0x00007f72017cb000 JavaThread "http-nio-8888-ClientPoller-0" daemon [_thread_in_native, id=12563, stack(0x00007f71d30f3000,0x00007f71d31f4000)]
  0x00007f72017af000 JavaThread "http-nio-8888-exec-10" daemon [_thread_blocked, id=12562, stack(0x00007f71d31f4000,0x00007f71d32f5000)]
  0x00007f72017ad800 JavaThread "http-nio-8888-exec-9" daemon [_thread_blocked, id=12561, stack(0x00007f71d32f5000,0x00007f71d33f6000)]
  0x00007f7202360800 JavaThread "http-nio-8888-exec-8" daemon [_thread_blocked, id=12560, stack(0x00007f71d33f6000,0x00007f71d34f7000)]
  0x00007f720235e800 JavaThread "http-nio-8888-exec-7" daemon [_thread_blocked, id=12559, stack(0x00007f71d34f7000,0x00007f71d35f8000)]
  0x00007f720235c800 JavaThread "http-nio-8888-exec-6" daemon [_thread_blocked, id=12558, stack(0x00007f71d35f8000,0x00007f71d36f9000)]
  0x00007f720235a800 JavaThread "http-nio-8888-exec-5" daemon [_thread_blocked, id=12557, stack(0x00007f71d36f9000,0x00007f71d37fa000)]
  0x00007f7202359000 JavaThread "http-nio-8888-exec-4" daemon [_thread_blocked, id=12556, stack(0x00007f71d37fa000,0x00007f71d38fb000)]
  0x00007f7202357800 JavaThread "http-nio-8888-exec-3" daemon [_thread_blocked, id=12555, stack(0x00007f71d38fb000,0x00007f71d39fc000)]
  0x00007f7202356000 JavaThread "http-nio-8888-exec-2" daemon [_thread_blocked, id=12554, stack(0x00007f71d39fc000,0x00007f71d3afd000)]
  0x00007f7202355000 JavaThread "http-nio-8888-exec-1" daemon [_thread_blocked, id=12553, stack(0x00007f71d3afd000,0x00007f71d3bfe000)]
  0x00007f7200ea8800 JavaThread "NioBlockingSelector.BlockPoller-1" daemon [_thread_in_native, id=12552, stack(0x00007f71d3bfe000,0x00007f71d3cff000)]
  0x00007f712c66f000 JavaThread "_jprofiler_native_comm" daemon [_thread_in_native, id=12549, stack(0x00007f71d8013000,0x00007f71d8114000)]
  0x00007f712c499000 JavaThread "_jprofiler_sampler" daemon [_thread_blocked, id=12547, stack(0x00007f71d8314000,0x00007f71d8415000)]
  0x00007f71a0001000 JavaThread "Attach Listener" daemon [_thread_blocked, id=12546, stack(0x00007f71d8afa000,0x00007f71d8bfb000)]
  0x00007f7201e41000 JavaThread "RadishQuartzScheduler_QuartzSchedulerThread" [_thread_blocked, id=12544, stack(0x00007f71d8bfb000,0x00007f71d8cfc000)]
  0x00007f72014ec000 JavaThread "RadishQuartzScheduler_Worker-15" [_thread_blocked, id=12543, stack(0x00007f71d8cfc000,0x00007f71d8dfd000)]
  0x00007f72014ea000 JavaThread "RadishQuartzScheduler_Worker-14" [_thread_blocked, id=12542, stack(0x00007f71d8dfd000,0x00007f71d8efe000)]
  0x00007f7201f3b000 JavaThread "RadishQuartzScheduler_Worker-13" [_thread_blocked, id=12541, stack(0x00007f71d8efe000,0x00007f71d8fff000)]
  0x00007f7201f39000 JavaThread "RadishQuartzScheduler_Worker-12" [_thread_blocked, id=12540, stack(0x00007f71e003b000,0x00007f71e013c000)]
  0x00007f7201f37000 JavaThread "RadishQuartzScheduler_Worker-11" [_thread_blocked, id=12539, stack(0x00007f71e013c000,0x00007f71e023d000)]
  0x00007f7201f35000 JavaThread "RadishQuartzScheduler_Worker-10" [_thread_blocked, id=12538, stack(0x00007f71e023d000,0x00007f71e033e000)]
  0x00007f720104e000 JavaThread "RadishQuartzScheduler_Worker-9" [_thread_blocked, id=12537, stack(0x00007f71e033e000,0x00007f71e043f000)]
  0x00007f720104c000 JavaThread "RadishQuartzScheduler_Worker-8" [_thread_blocked, id=12536, stack(0x00007f71e043f000,0x00007f71e0540000)]
  0x00007f720104a000 JavaThread "RadishQuartzScheduler_Worker-7" [_thread_blocked, id=12535, stack(0x00007f71e0540000,0x00007f71e0641000)]
  0x00007f7201048800 JavaThread "RadishQuartzScheduler_Worker-6" [_thread_blocked, id=12534, stack(0x00007f71e0641000,0x00007f71e0742000)]
  0x00007f720192a000 JavaThread "RadishQuartzScheduler_Worker-5" [_thread_blocked, id=12533, stack(0x00007f71e0742000,0x00007f71e0843000)]
  0x00007f7201928800 JavaThread "RadishQuartzScheduler_Worker-4" [_thread_blocked, id=12532, stack(0x00007f71e0843000,0x00007f71e0944000)]
  0x00007f7201926800 JavaThread "RadishQuartzScheduler_Worker-3" [_thread_blocked, id=12531, stack(0x00007f71e0944000,0x00007f71e0a45000)]
  0x00007f7201925000 JavaThread "RadishQuartzScheduler_Worker-2" [_thread_blocked, id=12530, stack(0x00007f71e0a45000,0x00007f71e0b46000)]
  0x00007f7201923000 JavaThread "RadishQuartzScheduler_Worker-1" [_thread_blocked, id=12529, stack(0x00007f71e0b46000,0x00007f71e0c47000)]
  0x00007f720240d000 JavaThread "Druid-ConnectionPool-Destroy-1328203744" daemon [_thread_blocked, id=12528, stack(0x00007f71e1447000,0x00007f71e1548000)]
  0x00007f7202407800 JavaThread "Druid-ConnectionPool-Create-1328203744" daemon [_thread_blocked, id=12527, stack(0x00007f71e1548000,0x00007f71e1649000)]
  0x00007f72022ad800 JavaThread "Abandoned connection cleanup thread" daemon [_thread_blocked, id=12526, stack(0x00007f71e3704000,0x00007f71e3805000)]
  0x00007f72021e7800 JavaThread "container-0" [_thread_blocked, id=12525, stack(0x00007f71e3eff000,0x00007f71e4000000)]
  0x00007f72021e4800 JavaThread "ContainerBackgroundProcessor[StandardEngine[Tomcat]]" daemon [_thread_blocked, id=12524, stack(0x00007f71e80a0000,0x00007f71e81a1000)]
  0x00007f7200836000 JavaThread "Service Thread" daemon [_thread_blocked, id=12520, stack(0x00007f71e82cd000,0x00007f71e83ce000)]
  0x00007f7200828800 JavaThread "C1 CompilerThread3" daemon [_thread_blocked, id=12519, stack(0x00007f71e83cf000,0x00007f71e84cf000)]
  0x00007f7200826800 JavaThread "C2 CompilerThread2" daemon [_thread_blocked, id=12518, stack(0x00007f71e84d0000,0x00007f71e85d0000)]
  0x00007f720077c800 JavaThread "C2 CompilerThread1" daemon [_thread_blocked, id=12517, stack(0x00007f71e85d1000,0x00007f71e86d1000)]
  0x00007f720077f000 JavaThread "C2 CompilerThread0" daemon [_thread_blocked, id=12516, stack(0x00007f71e86d2000,0x00007f71e87d2000)]
  0x00007f7200221800 JavaThread "JDWP Event Helper Thread" daemon [_thread_blocked, id=12509, stack(0x00007f71e8d14000,0x00007f71e8e15000)]
  0x00007f720021e000 JavaThread "JDWP Transport Listener: dt_socket" daemon [_thread_in_native, id=12508, stack(0x00007f71e8e15000,0x00007f71e8f16000)]
=>0x00007f720020f000 JavaThread "Signal Dispatcher" daemon [_thread_in_native, id=12506, stack(0x00007f71e911a000,0x00007f71e921b000)]
  0x00007f72001dd000 JavaThread "Finalizer" daemon [_thread_blocked, id=12504, stack(0x00007f71e921b000,0x00007f71e931c000)]
  0x00007f72001da800 JavaThread "Reference Handler" daemon [_thread_blocked, id=12503, stack(0x00007f71e931c000,0x00007f71e941d000)]

Other Threads:
  0x00007f72001d1000 VMThread [stack: 0x00007f71e941e000,0x00007f71e951e000] [id=12502]
  0x00007f7200839000 WatcherThread [stack: 0x00007f71e81cd000,0x00007f71e82cd000] [id=12521]

VM state:not at safepoint (normal execution)

VM Mutex/Monitor currently owned by a thread: None

Heap:
 PSYoungGen      total 402944K, used 383488K [0x000000076d100000, 0x0000000788400000, 0x00000007c0000000)
  eden space 383488K, 100% used [0x000000076d100000,0x0000000784780000,0x0000000784780000)
  from space 19456K, 0% used [0x0000000785a00000,0x0000000785a00000,0x0000000786d00000)
  to   space 18944K, 0% used [0x0000000784780000,0x0000000784780000,0x0000000785a00000)
 ParOldGen       total 214528K, used 27852K [0x00000006c7200000, 0x00000006d4380000, 0x000000076d100000)
  object space 214528K, 12% used [0x00000006c7200000,0x00000006c8d33048,0x00000006d4380000)
 Metaspace       used 62214K, capacity 64360K, committed 64640K, reserved 1105920K
  class space    used 7583K, capacity 7968K, committed 8064K, reserved 1048576K

Card table byte_map: [0x00007f72040be000,0x00007f7204886000] byte_map_base: 0x00007f7200a85000

Marking Bits: (ParMarkBitMap*) 0x00007f720712cde0
 Begin Bits: [0x00007f71b4390000, 0x00007f71b81c8000)
 End Bits:   [0x00007f71b81c8000, 0x00007f71bc000000)

Polling page: 0x00007f7207590000

CodeCache: size=245760Kb used=14025Kb max_used=21334Kb free=231734Kb
 bounds [0x00007f71f1000000, 0x00007f71f2530000, 0x00007f7200000000]
 total_blobs=5304 nmethods=4739 adapters=485
 compilation: enabled

Compilation events (10 events):
Event: 950.862 Thread 0x00007f7200828800 7034   !   3       java.lang.ThreadGroup::remove (94 bytes)
Event: 950.862 Thread 0x00007f7200828800 nmethod 7034 0x00007f71f17575d0 code [0x00007f71f1757780, 0x00007f71f1757e88]
Event: 964.448 Thread 0x00007f7200828800 7035       3       java.util.TreeMap$PrivateEntryIterator::<init> (28 bytes)
Event: 964.449 Thread 0x00007f7200828800 nmethod 7035 0x00007f71f1a98950 code [0x00007f71f1a98ae0, 0x00007f71f1a98f08]
Event: 1004.449 Thread 0x00007f7200826800 7036       4       java.util.concurrent.CopyOnWriteArrayList::iterator (14 bytes)
Event: 1004.450 Thread 0x00007f7200826800 nmethod 7036 0x00007f71f1a80d10 code [0x00007f71f1a80e60, 0x00007f71f1a80f98]
Event: 1010.861 Thread 0x00007f720077c800 7037       4       java.util.Arrays::copyOf (13 bytes)
Event: 1010.864 Thread 0x00007f720077c800 nmethod 7037 0x00007f71f1d46450 code [0x00007f71f1d465a0, 0x00007f71f1d46778]
Event: 1036.834 Thread 0x00007f7200826800 7038   !   4       com.jprofiler.agent.probe.ProbeHandler::doSampling (153 bytes)
Event: 1036.844 Thread 0x00007f7200826800 nmethod 7038 0x00007f71f1891f50 code [0x00007f71f1892140, 0x00007f71f1892e58]

GC Heap History (10 events):
Event: 3.533 GC heap before
{Heap before GC invocations=9 (full 2):
 PSYoungGen      total 211968K, used 9163K [0x000000076d100000, 0x0000000782280000, 0x00000007c0000000)
  eden space 201216K, 0% used [0x000000076d100000,0x000000076d100000,0x0000000779580000)
  from space 10752K, 85% used [0x0000000779580000,0x0000000779e72c10,0x000000077a000000)
  to   space 11264K, 0% used [0x0000000781780000,0x0000000781780000,0x0000000782280000)
 ParOldGen       total 96256K, used 7905K [0x00000006c7200000, 0x00000006cd000000, 0x000000076d100000)
  object space 96256K, 8% used [0x00000006c7200000,0x00000006c79b8400,0x00000006cd000000)
 Metaspace       used 34312K, capacity 35260K, committed 35416K, reserved 1081344K
  class space    used 4321K, capacity 4536K, committed 4608K, reserved 1048576K
Event: 3.594 GC heap after
Heap after GC invocations=9 (full 2):
 PSYoungGen      total 211968K, used 0K [0x000000076d100000, 0x0000000782280000, 0x00000007c0000000)
  eden space 201216K, 0% used [0x000000076d100000,0x000000076d100000,0x0000000779580000)
  from space 10752K, 0% used [0x0000000779580000,0x0000000779580000,0x000000077a000000)
  to   space 11264K, 0% used [0x0000000781780000,0x0000000781780000,0x0000000782280000)
 ParOldGen       total 145920K, used 13417K [0x00000006c7200000, 0x00000006d0080000, 0x000000076d100000)
  object space 145920K, 9% used [0x00000006c7200000,0x00000006c7f1a7e0,0x00000006d0080000)
 Metaspace       used 34312K, capacity 35260K, committed 35416K, reserved 1081344K
  class space    used 4321K, capacity 4536K, committed 4608K, reserved 1048576K
}
Event: 4.873 GC heap before
{Heap before GC invocations=10 (full 2):
 PSYoungGen      total 211968K, used 201216K [0x000000076d100000, 0x0000000782280000, 0x00000007c0000000)
  eden space 201216K, 100% used [0x000000076d100000,0x0000000779580000,0x0000000779580000)
  from space 10752K, 0% used [0x0000000779580000,0x0000000779580000,0x000000077a000000)
  to   space 11264K, 0% used [0x0000000781780000,0x0000000781780000,0x0000000782280000)
 ParOldGen       total 145920K, used 13417K [0x00000006c7200000, 0x00000006d0080000, 0x000000076d100000)
  object space 145920K, 9% used [0x00000006c7200000,0x00000006c7f1a7e0,0x00000006d0080000)
 Metaspace       used 43140K, capacity 44600K, committed 44800K, reserved 1089536K
  class space    used 5244K, capacity 5532K, committed 5632K, reserved 1048576K
Event: 4.887 GC heap after
Heap after GC invocations=10 (full 2):
 PSYoungGen      total 311296K, used 11240K [0x000000076d100000, 0x0000000782280000, 0x00000007c0000000)
  eden space 300032K, 0% used [0x000000076d100000,0x000000076d100000,0x000000077f600000)
  from space 11264K, 99% used [0x0000000781780000,0x000000078227a340,0x0000000782280000)
  to   space 13824K, 0% used [0x0000000780780000,0x0000000780780000,0x0000000781500000)
 ParOldGen       total 145920K, used 16197K [0x00000006c7200000, 0x00000006d0080000, 0x000000076d100000)
  object space 145920K, 11% used [0x00000006c7200000,0x00000006c81d17c0,0x00000006d0080000)
 Metaspace       used 43140K, capacity 44600K, committed 44800K, reserved 1089536K
  class space    used 5244K, capacity 5532K, committed 5632K, reserved 1048576K
}
Event: 6.645 GC heap before
{Heap before GC invocations=11 (full 2):
 PSYoungGen      total 311296K, used 311272K [0x000000076d100000, 0x0000000782280000, 0x00000007c0000000)
  eden space 300032K, 100% used [0x000000076d100000,0x000000077f600000,0x000000077f600000)
  from space 11264K, 99% used [0x0000000781780000,0x000000078227a340,0x0000000782280000)
  to   space 13824K, 0% used [0x0000000780780000,0x0000000780780000,0x0000000781500000)
 ParOldGen       total 145920K, used 16197K [0x00000006c7200000, 0x00000006d0080000, 0x000000076d100000)
  object space 145920K, 11% used [0x00000006c7200000,0x00000006c81d17c0,0x00000006d0080000)
 Metaspace       used 54357K, capacity 56060K, committed 56192K, reserved 1097728K
  class space    used 6646K, capacity 6984K, committed 7040K, reserved 1048576K
Event: 6.668 GC heap after
Heap after GC invocations=11 (full 2):
 PSYoungGen      total 331776K, used 13811K [0x000000076d100000, 0x0000000786d00000, 0x00000007c0000000)
  eden space 317952K, 0% used [0x000000076d100000,0x000000076d100000,0x0000000780780000)
  from space 13824K, 99% used [0x0000000780780000,0x00000007814fcc50,0x0000000781500000)
  to   space 19456K, 0% used [0x0000000785a00000,0x0000000785a00000,0x0000000786d00000)
 ParOldGen       total 145920K, used 25971K [0x00000006c7200000, 0x00000006d0080000, 0x000000076d100000)
  object space 145920K, 17% used [0x00000006c7200000,0x00000006c8b5cc48,0x00000006d0080000)
 Metaspace       used 54357K, capacity 56060K, committed 56192K, reserved 1097728K
  class space    used 6646K, capacity 6984K, committed 7040K, reserved 1048576K
}
Event: 7.370 GC heap before
{Heap before GC invocations=12 (full 2):
 PSYoungGen      total 331776K, used 65543K [0x000000076d100000, 0x0000000786d00000, 0x00000007c0000000)
  eden space 317952K, 16% used [0x000000076d100000,0x00000007703851e0,0x0000000780780000)
  from space 13824K, 99% used [0x0000000780780000,0x00000007814fcc50,0x0000000781500000)
  to   space 19456K, 0% used [0x0000000785a00000,0x0000000785a00000,0x0000000786d00000)
 ParOldGen       total 145920K, used 25971K [0x00000006c7200000, 0x00000006d0080000, 0x000000076d100000)
  object space 145920K, 17% used [0x00000006c7200000,0x00000006c8b5cc48,0x00000006d0080000)
 Metaspace       used 57201K, capacity 58938K, committed 59028K, reserved 1101824K
  class space    used 7002K, capacity 7337K, committed 7424K, reserved 1048576K
Event: 7.387 GC heap after
Heap after GC invocations=12 (full 2):
 PSYoungGen      total 402944K, used 7924K [0x000000076d100000, 0x0000000788400000, 0x00000007c0000000)
  eden space 383488K, 0% used [0x000000076d100000,0x000000076d100000,0x0000000784780000)
  from space 19456K, 40% used [0x0000000785a00000,0x00000007861bd358,0x0000000786d00000)
  to   space 18944K, 0% used [0x0000000784780000,0x0000000784780000,0x0000000785a00000)
 ParOldGen       total 145920K, used 34164K [0x00000006c7200000, 0x00000006d0080000, 0x000000076d100000)
  object space 145920K, 23% used [0x00000006c7200000,0x00000006c935d070,0x00000006d0080000)
 Metaspace       used 57201K, capacity 58938K, committed 59028K, reserved 1101824K
  class space    used 7002K, capacity 7337K, committed 7424K, reserved 1048576K
}
Event: 7.387 GC heap before
{Heap before GC invocations=13 (full 3):
 PSYoungGen      total 402944K, used 7924K [0x000000076d100000, 0x0000000788400000, 0x00000007c0000000)
  eden space 383488K, 0% used [0x000000076d100000,0x000000076d100000,0x0000000784780000)
  from space 19456K, 40% used [0x0000000785a00000,0x00000007861bd358,0x0000000786d00000)
  to   space 18944K, 0% used [0x0000000784780000,0x0000000784780000,0x0000000785a00000)
 ParOldGen       total 145920K, used 34164K [0x00000006c7200000, 0x00000006d0080000, 0x000000076d100000)
  object space 145920K, 23% used [0x00000006c7200000,0x00000006c935d070,0x00000006d0080000)
 Metaspace       used 57201K, capacity 58938K, committed 59028K, reserved 1101824K
  class space    used 7002K, capacity 7337K, committed 7424K, reserved 1048576K
Event: 7.556 GC heap after
Heap after GC invocations=13 (full 3):
 PSYoungGen      total 402944K, used 0K [0x000000076d100000, 0x0000000788400000, 0x00000007c0000000)
  eden space 383488K, 0% used [0x000000076d100000,0x000000076d100000,0x0000000784780000)
  from space 19456K, 0% used [0x0000000785a00000,0x0000000785a00000,0x0000000786d00000)
  to   space 18944K, 0% used [0x0000000784780000,0x0000000784780000,0x0000000785a00000)
 ParOldGen       total 214528K, used 27852K [0x00000006c7200000, 0x00000006d4380000, 0x000000076d100000)
  object space 214528K, 12% used [0x00000006c7200000,0x00000006c8d33048,0x00000006d4380000)
 Metaspace       used 57181K, capacity 58908K, committed 59028K, reserved 1101824K
  class space    used 6999K, capacity 7332K, committed 7424K, reserved 1048576K
}

Deoptimization events (10 events):
Event: 650.849 Thread 0x0000000000d50800 Uncommon trap: reason=unhandled action=none pc=0x00007f71f11fd6a8 method=java.net.AbstractPlainSocketImpl.available()I @ 16
Event: 650.850 Thread 0x00007f70d8032000 Uncommon trap: reason=unhandled action=none pc=0x00007f71f11fd6a8 method=java.net.AbstractPlainSocketImpl.available()I @ 16
Event: 710.852 Thread 0x00007f70d8032000 Uncommon trap: reason=unhandled action=none pc=0x00007f71f11fd6a8 method=java.net.AbstractPlainSocketImpl.available()I @ 16
Event: 770.855 Thread 0x00007f70d8032000 Uncommon trap: reason=unhandled action=none pc=0x00007f71f11fd6a8 method=java.net.AbstractPlainSocketImpl.available()I @ 16
Event: 830.859 Thread 0x00007f70d8032000 Uncommon trap: reason=unhandled action=none pc=0x00007f71f11fd6a8 method=java.net.AbstractPlainSocketImpl.available()I @ 16
Event: 890.861 Thread 0x00007f70d8032000 Uncommon trap: reason=unhandled action=none pc=0x00007f71f11fd6a8 method=java.net.AbstractPlainSocketImpl.available()I @ 16
Event: 950.862 Thread 0x00007f70d8032000 Uncommon trap: reason=unhandled action=none pc=0x00007f71f11fd6a8 method=java.net.AbstractPlainSocketImpl.available()I @ 16
Event: 1010.866 Thread 0x00007f70d8032000 Uncommon trap: reason=unhandled action=none pc=0x00007f71f11fd6a8 method=java.net.AbstractPlainSocketImpl.available()I @ 16
Event: 1045.343 Thread 0x00007f720020f000 Uncommon trap: reason=bimorphic action=maybe_recompile pc=0x00007f71f1219ac8 method=java.util.Hashtable.get(Ljava/lang/Object;)Ljava/lang/Object; @ 45
Event: 1045.343 Thread 0x00007f720020f000 Uncommon trap: reason=bimorphic action=maybe_recompile pc=0x00007f71f1219ac8 method=java.util.Hashtable.get(Ljava/lang/Object;)Ljava/lang/Object; @ 45

Classes redefined (10 events):
Event: 12.790 Thread 0x00007f72001d1000 redefined class name=java.net.Socket, count=2
Event: 12.808 Thread 0x00007f72001d1000 redefined class name=sun.nio.ch.FileChannelImpl, count=2
Event: 12.824 Thread 0x00007f72001d1000 redefined class name=javax.management.MBeanServerBuilder, count=2
Event: 12.842 Thread 0x00007f72001d1000 redefined class name=java.lang.management.ManagementFactory, count=2
Event: 12.859 Thread 0x00007f72001d1000 redefined class name=java.util.concurrent.locks.LockSupport, count=3
Event: 12.876 Thread 0x00007f72001d1000 redefined class name=javax.naming.InitialContext, count=2
Event: 12.894 Thread 0x00007f72001d1000 redefined class name=java.nio.Bits, count=2
Event: 12.911 Thread 0x00007f72001d1000 redefined class name=java.io.FileOutputStream, count=2
Event: 12.929 Thread 0x00007f72001d1000 redefined class name=java.io.FileInputStream, count=2
Event: 12.947 Thread 0x00007f72001d1000 redefined class name=java.lang.Thread, count=3

Internal exceptions (10 events):
Event: 770.853 Thread 0x00007f72018d6000 Exception <a 'java/net/ConnectException'> (0x000000077672b988) thrown at [/HUDSON/workspace/8-2-build-linux-amd64/jdk8u172/10810/hotspot/src/share/vm/prims/jni.cpp, line 709]
Event: 770.854 Thread 0x00007f70d8030800 Exception <a 'java/net/SocketException'> (0x0000000782591540) thrown at [/HUDSON/workspace/8-2-build-linux-amd64/jdk8u172/10810/hotspot/src/share/vm/prims/jni.cpp, line 709]
Event: 830.855 Thread 0x00007f72018d6000 Exception <a 'java/net/ConnectException'> (0x0000000776735718) thrown at [/HUDSON/workspace/8-2-build-linux-amd64/jdk8u172/10810/hotspot/src/share/vm/prims/jni.cpp, line 709]
Event: 830.859 Thread 0x00007f70d8030800 Exception <a 'java/net/SocketException'> (0x0000000782d0ec98) thrown at [/HUDSON/workspace/8-2-build-linux-amd64/jdk8u172/10810/hotspot/src/share/vm/prims/jni.cpp, line 709]
Event: 890.857 Thread 0x00007f72018d6000 Exception <a 'java/net/ConnectException'> (0x000000077673f4a8) thrown at [/HUDSON/workspace/8-2-build-linux-amd64/jdk8u172/10810/hotspot/src/share/vm/prims/jni.cpp, line 709]
Event: 890.860 Thread 0x00007f70d8030800 Exception <a 'java/net/SocketException'> (0x000000078348c3f0) thrown at [/HUDSON/workspace/8-2-build-linux-amd64/jdk8u172/10810/hotspot/src/share/vm/prims/jni.cpp, line 709]
Event: 950.860 Thread 0x00007f72018d6000 Exception <a 'java/net/ConnectException'> (0x0000000776749238) thrown at [/HUDSON/workspace/8-2-build-linux-amd64/jdk8u172/10810/hotspot/src/share/vm/prims/jni.cpp, line 709]
Event: 950.862 Thread 0x00007f70d8030800 Exception <a 'java/net/SocketException'> (0x0000000783c09b48) thrown at [/HUDSON/workspace/8-2-build-linux-amd64/jdk8u172/10810/hotspot/src/share/vm/prims/jni.cpp, line 709]
Event: 1010.862 Thread 0x00007f72018d6000 Exception <a 'java/net/ConnectException'> (0x0000000776752fc8) thrown at [/HUDSON/workspace/8-2-build-linux-amd64/jdk8u172/10810/hotspot/src/share/vm/prims/jni.cpp, line 709]
Event: 1010.865 Thread 0x00007f70d8030800 Exception <a 'java/net/SocketException'> (0x00000007843872a0) thrown at [/HUDSON/workspace/8-2-build-linux-amd64/jdk8u172/10810/hotspot/src/share/vm/prims/jni.cpp, line 709]

Events (10 events):
Event: 1010.866 Thread 0x00007f70d8030800 Thread exited: 0x00007f70d8030800
Event: 1010.866 Thread 0x00007f70d8032000 Thread exited: 0x00007f70d8032000
Event: 1045.343 Thread 0x00007f71a4001000 Thread exited: 0x00007f71a4001000
Event: 1045.343 Thread 0x00007f720020f000 Uncommon trap: trap_request=0xffffffc6 fr.pc=0x00007f71f1219ac8
Event: 1045.343 Thread 0x00007f720020f000 DEOPT PACKING pc=0x00007f71f1219ac8 sp=0x00007f71e92197e0
Event: 1045.343 Thread 0x00007f720020f000 DEOPT UNPACKING pc=0x00007f71f104573a sp=0x00007f71e92197a0 mode 2
Event: 1045.343 Thread 0x00007f720020f000 Uncommon trap: trap_request=0xffffffc6 fr.pc=0x00007f71f1219ac8
Event: 1045.343 Thread 0x00007f720020f000 DEOPT PACKING pc=0x00007f71f1219ac8 sp=0x00007f71e92197e0
Event: 1045.343 Thread 0x00007f720020f000 DEOPT UNPACKING pc=0x00007f71f104573a sp=0x00007f71e92197a0 mode 2
Event: 1045.343 loading class sun/misc/Signal$1


Dynamic libraries:
00400000-00401000 r-xp 00000000 08:12 3676775                            /usr/local/java/jdk1.8.0_172/bin/java
00600000-00601000 rw-p 00000000 08:12 3676775                            /usr/local/java/jdk1.8.0_172/bin/java
00d29000-00d6b000 rw-p 00000000 00:00 0                                  [heap]
6c7200000-6d4380000 rw-p 00000000 00:00 0 
6d4380000-76d100000 ---p 00000000 00:00 0 
76d100000-788400000 rw-p 00000000 00:00 0 
788400000-7c0000000 ---p 00000000 00:00 0 
7c0000000-7c07e0000 rw-p 00000000 00:00 0 
7c07e0000-800000000 ---p 00000000 00:00 0 
7f70d0000000-7f70d1801000 rw-p 00000000 00:00 0 
7f70d1801000-7f70d4000000 ---p 00000000 00:00 0 
7f70d8000000-7f70d8047000 rw-p 00000000 00:00 0 
7f70d8047000-7f70dc000000 ---p 00000000 00:00 0 
7f70dc000000-7f70dc723000 rw-p 00000000 00:00 0 
7f70dc723000-7f70e0000000 ---p 00000000 00:00 0 
7f70e0000000-7f70e0041000 rw-p 00000000 00:00 0 
7f70e0041000-7f70e4000000 ---p 00000000 00:00 0 
7f70e4000000-7f70e4042000 rw-p 00000000 00:00 0 
7f70e4042000-7f70e8000000 ---p 00000000 00:00 0 
7f70e8000000-7f70e803e000 rw-p 00000000 00:00 0 
7f70e803e000-7f70ec000000 ---p 00000000 00:00 0 
7f70ec000000-7f70ec099000 rw-p 00000000 00:00 0 
7f70ec099000-7f70f0000000 ---p 00000000 00:00 0 
7f70f0000000-7f70f002d000 rw-p 00000000 00:00 0 
7f70f002d000-7f70f4000000 ---p 00000000 00:00 0 
7f70f4000000-7f70f403e000 rw-p 00000000 00:00 0 
7f70f403e000-7f70f8000000 ---p 00000000 00:00 0 
7f70f8000000-7f70f803e000 rw-p 00000000 00:00 0 
7f70f803e000-7f70fc000000 ---p 00000000 00:00 0 
7f70fc000000-7f70fc03e000 rw-p 00000000 00:00 0 
7f70fc03e000-7f7100000000 ---p 00000000 00:00 0 
7f7100000000-7f710002c000 rw-p 00000000 00:00 0 
7f710002c000-7f7104000000 ---p 00000000 00:00 0 
7f7104000000-7f710403e000 rw-p 00000000 00:00 0 
7f710403e000-7f7108000000 ---p 00000000 00:00 0 
7f7108000000-7f710803e000 rw-p 00000000 00:00 0 
7f710803e000-7f710c000000 ---p 00000000 00:00 0 
7f710c000000-7f710c02d000 rw-p 00000000 00:00 0 
7f710c02d000-7f7110000000 ---p 00000000 00:00 0 
7f7110000000-7f711002d000 rw-p 00000000 00:00 0 
7f711002d000-7f7114000000 ---p 00000000 00:00 0 
7f7114000000-7f711403e000 rw-p 00000000 00:00 0 
7f711403e000-7f7118000000 ---p 00000000 00:00 0 
7f7118000000-7f711803e000 rw-p 00000000 00:00 0 
7f711803e000-7f711c000000 ---p 00000000 00:00 0 
7f711c000000-7f711c02f000 rw-p 00000000 00:00 0 
7f711c02f000-7f7120000000 ---p 00000000 00:00 0 
7f7120000000-7f712003c000 rw-p 00000000 00:00 0 
7f712003c000-7f7124000000 ---p 00000000 00:00 0 
7f7124000000-7f712455d000 rw-p 00000000 00:00 0 
7f712455d000-7f7128000000 ---p 00000000 00:00 0 
7f7128000000-7f712802a000 rw-p 00000000 00:00 0 
7f712802a000-7f712c000000 ---p 00000000 00:00 0 
7f712c000000-7f712d3fe000 rw-p 00000000 00:00 0 
7f712d3fe000-7f7130000000 ---p 00000000 00:00 0 
7f7130000000-7f7130021000 rw-p 00000000 00:00 0 
7f7130021000-7f7134000000 ---p 00000000 00:00 0 
7f7134000000-7f713402a000 rw-p 00000000 00:00 0 
7f713402a000-7f7138000000 ---p 00000000 00:00 0 
7f7138000000-7f7138326000 rw-p 00000000 00:00 0 
7f7138326000-7f713c000000 ---p 00000000 00:00 0 
7f713c000000-7f713c021000 rw-p 00000000 00:00 0 
7f713c021000-7f7140000000 ---p 00000000 00:00 0 
7f7140000000-7f714002a000 rw-p 00000000 00:00 0 
7f714002a000-7f7144000000 ---p 00000000 00:00 0 
7f7144000000-7f71442a0000 rw-p 00000000 00:00 0 
7f71442a0000-7f7148000000 ---p 00000000 00:00 0 
7f7148000000-7f7148021000 rw-p 00000000 00:00 0 
7f7148021000-7f714c000000 ---p 00000000 00:00 0 
7f714c000000-7f714c021000 rw-p 00000000 00:00 0 
7f714c021000-7f7150000000 ---p 00000000 00:00 0 
7f7150000000-7f7150021000 rw-p 00000000 00:00 0 
7f7150021000-7f7154000000 ---p 00000000 00:00 0 
7f7154000000-7f7154021000 rw-p 00000000 00:00 0 
7f7154021000-7f7158000000 ---p 00000000 00:00 0 
7f7158000000-7f7158021000 rw-p 00000000 00:00 0 
7f7158021000-7f715c000000 ---p 00000000 00:00 0 
7f715c000000-7f715c021000 rw-p 00000000 00:00 0 
7f715c021000-7f7160000000 ---p 00000000 00:00 0 
7f7160000000-7f7160021000 rw-p 00000000 00:00 0 
7f7160021000-7f7164000000 ---p 00000000 00:00 0 
7f7164000000-7f7164021000 rw-p 00000000 00:00 0 
7f7164021000-7f7168000000 ---p 00000000 00:00 0 
7f7168000000-7f7168021000 rw-p 00000000 00:00 0 
7f7168021000-7f716c000000 ---p 00000000 00:00 0 
7f716c000000-7f716c021000 rw-p 00000000 00:00 0 
7f716c021000-7f7170000000 ---p 00000000 00:00 0 
7f7170000000-7f7170021000 rw-p 00000000 00:00 0 
7f7170021000-7f7174000000 ---p 00000000 00:00 0 
7f7174000000-7f7174021000 rw-p 00000000 00:00 0 
7f7174021000-7f7178000000 ---p 00000000 00:00 0 
7f7178000000-7f7178b9c000 rw-p 00000000 00:00 0 
7f7178b9c000-7f717c000000 ---p 00000000 00:00 0 
7f717c000000-7f717c021000 rw-p 00000000 00:00 0 
7f717c021000-7f7180000000 ---p 00000000 00:00 0 
7f7180000000-7f7180021000 rw-p 00000000 00:00 0 
7f7180021000-7f7184000000 ---p 00000000 00:00 0 
7f7184000000-7f7184021000 rw-p 00000000 00:00 0 
7f7184021000-7f7188000000 ---p 00000000 00:00 0 
7f7188000000-7f718b683000 rw-p 00000000 00:00 0 
7f718b683000-7f718c000000 ---p 00000000 00:00 0 
7f718c000000-7f718d7ee000 rw-p 00000000 00:00 0 
7f718d7ee000-7f7190000000 ---p 00000000 00:00 0 
7f7190000000-7f7193138000 rw-p 00000000 00:00 0 
7f7193138000-7f7194000000 ---p 00000000 00:00 0 
7f7194000000-7f7197ffc000 rw-p 00000000 00:00 0 
7f7197ffc000-7f7198000000 ---p 00000000 00:00 0 
7f7198000000-7f7198024000 rw-p 00000000 00:00 0 
7f7198024000-7f719c000000 ---p 00000000 00:00 0 
7f719c000000-7f719c021000 rw-p 00000000 00:00 0 
7f719c021000-7f71a0000000 ---p 00000000 00:00 0 
7f71a0000000-7f71a0021000 rw-p 00000000 00:00 0 
7f71a0021000-7f71a4000000 ---p 00000000 00:00 0 
7f71a4000000-7f71a404d000 rw-p 00000000 00:00 0 
7f71a404d000-7f71a8000000 ---p 00000000 00:00 0 
7f71a8000000-7f71a8021000 rw-p 00000000 00:00 0 
7f71a8021000-7f71ac000000 ---p 00000000 00:00 0 
7f71ac000000-7f71ac021000 rw-p 00000000 00:00 0 
7f71ac021000-7f71b0000000 ---p 00000000 00:00 0 
7f71b0000000-7f71b4000000 rw-p 00000000 00:00 0 
7f71b4390000-7f71bc000000 rw-p 00000000 00:00 0 
7f71bc000000-7f71bc021000 rw-p 00000000 00:00 0 
7f71bc021000-7f71c0000000 ---p 00000000 00:00 0 
7f71c0000000-7f71c002b000 rw-p 00000000 00:00 0 
7f71c002b000-7f71c4000000 ---p 00000000 00:00 0 
7f71c4000000-7f71c4021000 rw-p 00000000 00:00 0 
7f71c4021000-7f71c8000000 ---p 00000000 00:00 0 
7f71cc000000-7f71cc025000 rw-p 00000000 00:00 0 
7f71cc025000-7f71d0000000 ---p 00000000 00:00 0 
7f71d1683000-7f71d2124000 rw-p 00000000 00:00 0 
7f71d2124000-7f71d21e7000 ---p 00000000 00:00 0 
7f71d21e7000-7f71d22e5000 rw-p 00000000 00:00 0 
7f71d22e5000-7f71d22e8000 ---p 00000000 00:00 0 
7f71d22e8000-7f71d23e6000 rw-p 00000000 00:00 0 
7f71d23e6000-7f71d23e9000 ---p 00000000 00:00 0 
7f71d23e9000-7f71d24e7000 rw-p 00000000 00:00 0 
7f71d24e7000-7f71d24ea000 ---p 00000000 00:00 0 
7f71d24ea000-7f71d25e8000 rw-p 00000000 00:00 0 
7f71d25e8000-7f71d25eb000 ---p 00000000 00:00 0 
7f71d25eb000-7f71d26e9000 rw-p 00000000 00:00 0 
7f71d26e9000-7f71d26ec000 ---p 00000000 00:00 0 
7f71d26ec000-7f71d27ea000 rw-p 00000000 00:00 0 
7f71d27ea000-7f71d27ed000 ---p 00000000 00:00 0 
7f71d27ed000-7f71d28eb000 rw-p 00000000 00:00 0 
7f71d28eb000-7f71d28ee000 ---p 00000000 00:00 0 
7f71d28ee000-7f71d29ec000 rw-p 00000000 00:00 0 
7f71d29ec000-7f71d29ef000 ---p 00000000 00:00 0 
7f71d29ef000-7f71d2aed000 rw-p 00000000 00:00 0 
7f71d2aed000-7f71d2af0000 ---p 00000000 00:00 0 
7f71d2af0000-7f71d2bee000 rw-p 00000000 00:00 0 
7f71d2bee000-7f71d2bf1000 ---p 00000000 00:00 0 
7f71d2bf1000-7f71d2cef000 rw-p 00000000 00:00 0 
7f71d2cef000-7f71d2cf2000 ---p 00000000 00:00 0 
7f71d2cf2000-7f71d2df0000 rw-p 00000000 00:00 0 
7f71d2df0000-7f71d2df3000 ---p 00000000 00:00 0 
7f71d2df3000-7f71d2ef1000 rw-p 00000000 00:00 0 
7f71d2ef1000-7f71d2ef4000 ---p 00000000 00:00 0 
7f71d2ef4000-7f71d2ff2000 rw-p 00000000 00:00 0 
7f71d2ff2000-7f71d2ff5000 ---p 00000000 00:00 0 
7f71d2ff5000-7f71d30f3000 rw-p 00000000 00:00 0 
7f71d30f3000-7f71d30f6000 ---p 00000000 00:00 0 
7f71d30f6000-7f71d31f4000 rw-p 00000000 00:00 0 
7f71d31f4000-7f71d31f7000 ---p 00000000 00:00 0 
7f71d31f7000-7f71d32f5000 rw-p 00000000 00:00 0 
7f71d32f5000-7f71d32f8000 ---p 00000000 00:00 0 
7f71d32f8000-7f71d33f6000 rw-p 00000000 00:00 0 
7f71d33f6000-7f71d33f9000 ---p 00000000 00:00 0 
7f71d33f9000-7f71d34f7000 rw-p 00000000 00:00 0 
7f71d34f7000-7f71d34fa000 ---p 00000000 00:00 0 
7f71d34fa000-7f71d35f8000 rw-p 00000000 00:00 0 
7f71d35f8000-7f71d35fb000 ---p 00000000 00:00 0 
7f71d35fb000-7f71d36f9000 rw-p 00000000 00:00 0 
7f71d36f9000-7f71d36fc000 ---p 00000000 00:00 0 
7f71d36fc000-7f71d37fa000 rw-p 00000000 00:00 0 
7f71d37fa000-7f71d37fd000 ---p 00000000 00:00 0 
7f71d37fd000-7f71d38fb000 rw-p 00000000 00:00 0 
7f71d38fb000-7f71d38fe000 ---p 00000000 00:00 0 
7f71d38fe000-7f71d39fc000 rw-p 00000000 00:00 0 
7f71d39fc000-7f71d39ff000 ---p 00000000 00:00 0 
7f71d39ff000-7f71d3afd000 rw-p 00000000 00:00 0 
7f71d3afd000-7f71d3b00000 ---p 00000000 00:00 0 
7f71d3b00000-7f71d3bfe000 rw-p 00000000 00:00 0 
7f71d3bfe000-7f71d3c01000 ---p 00000000 00:00 0 
7f71d3c01000-7f71d3cff000 rw-p 00000000 00:00 0 
7f71d3cff000-7f71d3d02000 ---p 00000000 00:00 0 
7f71d3d02000-7f71d4000000 rw-p 00000000 00:00 0 
7f71d4000000-7f71d4021000 rw-p 00000000 00:00 0 
7f71d4021000-7f71d8000000 ---p 00000000 00:00 0 
7f71d8013000-7f71d8016000 ---p 00000000 00:00 0 
7f71d8016000-7f71d8314000 rw-p 00000000 00:00 0 
7f71d8314000-7f71d8317000 ---p 00000000 00:00 0 
7f71d8317000-7f71d8415000 rw-p 00000000 00:00 0 
7f71d8415000-7f71d849e000 r--p 00000000 08:12 3551746                    /usr/lib/libstdc++.so.6.0.25
7f71d849e000-7f71d8556000 r-xp 00089000 08:12 3551746                    /usr/lib/libstdc++.so.6.0.25
7f71d8556000-7f71d8593000 r--p 00141000 08:12 3551746                    /usr/lib/libstdc++.so.6.0.25
7f71d8593000-7f71d8594000 ---p 0017e000 08:12 3551746                    /usr/lib/libstdc++.so.6.0.25
7f71d8594000-7f71d85a0000 r--p 0017e000 08:12 3551746                    /usr/lib/libstdc++.so.6.0.25
7f71d85a0000-7f71d85a1000 rw-p 0018a000 08:12 3551746                    /usr/lib/libstdc++.so.6.0.25
7f71d85a1000-7f71d85a4000 rw-p 00000000 00:00 0 
7f71d85a4000-7f71d8780000 r-xp 00000000 08:12 4597242                    /opt/jprofiler11.0/bin/linux-x64/libjprofilerti.so
7f71d8780000-7f71d8880000 ---p 001dc000 08:12 4597242                    /opt/jprofiler11.0/bin/linux-x64/libjprofilerti.so
7f71d8880000-7f71d888d000 rw-p 001dc000 08:12 4597242                    /opt/jprofiler11.0/bin/linux-x64/libjprofilerti.so
7f71d888d000-7f71d8afa000 rw-p 00000000 00:00 0 
7f71d8afa000-7f71d8afd000 ---p 00000000 00:00 0 
7f71d8afd000-7f71d8bfb000 rw-p 00000000 00:00 0 
7f71d8bfb000-7f71d8bfe000 ---p 00000000 00:00 0 
7f71d8bfe000-7f71d8cfc000 rw-p 00000000 00:00 0 
7f71d8cfc000-7f71d8cff000 ---p 00000000 00:00 0 
7f71d8cff000-7f71d8dfd000 rw-p 00000000 00:00 0 
7f71d8dfd000-7f71d8e00000 ---p 00000000 00:00 0 
7f71d8e00000-7f71d8efe000 rw-p 00000000 00:00 0 
7f71d8efe000-7f71d8f01000 ---p 00000000 00:00 0 
7f71d8f01000-7f71dc000000 rw-p 00000000 00:00 0 
7f71dc000000-7f71dc05f000 rw-p 00000000 00:00 0 
7f71dc05f000-7f71e0000000 ---p 00000000 00:00 0 
7f71e003b000-7f71e003e000 ---p 00000000 00:00 0 
7f71e003e000-7f71e013c000 rw-p 00000000 00:00 0 
7f71e013c000-7f71e013f000 ---p 00000000 00:00 0 
7f71e013f000-7f71e023d000 rw-p 00000000 00:00 0 
7f71e023d000-7f71e0240000 ---p 00000000 00:00 0 
7f71e0240000-7f71e033e000 rw-p 00000000 00:00 0 
7f71e033e000-7f71e0341000 ---p 00000000 00:00 0 
7f71e0341000-7f71e043f000 rw-p 00000000 00:00 0 
7f71e043f000-7f71e0442000 ---p 00000000 00:00 0 
7f71e0442000-7f71e0540000 rw-p 00000000 00:00 0 
7f71e0540000-7f71e0543000 ---p 00000000 00:00 0 
7f71e0543000-7f71e0641000 rw-p 00000000 00:00 0 
7f71e0641000-7f71e0644000 ---p 00000000 00:00 0 
7f71e0644000-7f71e0742000 rw-p 00000000 00:00 0 
7f71e0742000-7f71e0745000 ---p 00000000 00:00 0 
7f71e0745000-7f71e0843000 rw-p 00000000 00:00 0 
7f71e0843000-7f71e0846000 ---p 00000000 00:00 0 
7f71e0846000-7f71e0944000 rw-p 00000000 00:00 0 
7f71e0944000-7f71e0947000 ---p 00000000 00:00 0 
7f71e0947000-7f71e0a45000 rw-p 00000000 00:00 0 
7f71e0a45000-7f71e0a48000 ---p 00000000 00:00 0 
7f71e0a48000-7f71e0b46000 rw-p 00000000 00:00 0 
7f71e0b46000-7f71e0b49000 ---p 00000000 00:00 0 
7f71e0b49000-7f71e0e47000 rw-p 00000000 00:00 0 
7f71e0e47000-7f71e1047000 rw-p 00000000 00:00 0 
7f71e1047000-7f71e1247000 rw-p 00000000 00:00 0 
7f71e1247000-7f71e1447000 rw-p 00000000 00:00 0 
7f71e1447000-7f71e144a000 ---p 00000000 00:00 0 
7f71e144a000-7f71e1548000 rw-p 00000000 00:00 0 
7f71e1548000-7f71e154b000 ---p 00000000 00:00 0 
7f71e154b000-7f71e1849000 rw-p 00000000 00:00 0 
7f71e1849000-7f71e1a