#
# A fatal error has been detected by the Java Runtime Environment:
#
#  SIGSEGV (0xb) at pc=0x00007f58ae87df75, pid=11403, tid=0x00007f5978dd6700
#
# JRE version: Java(TM) SE Runtime Environment (8.0_172-b11) (build 1.8.0_172-b11)
# Java VM: Java HotSpot(TM) 64-Bit Server VM (25.172-b11 mixed mode linux-amd64 compressed oops)
# Problematic frame:
# C  [libjprofilerti.so+0xe8f75]  ProbePatches::getPatchFunction(jprofiler::String&, std::vector<std::pair<int, char const*>, std::allocator<std::pair<int, char const*> > >&)+0x185
#
# Core dump written. Default location: /run/media/suoyao/develop/radish/radish-scheduler/core or core.11403
#
# If you would like to submit a bug report, please visit:
#   http://bugreport.java.com/bugreport/crash.jsp
# The crash happened outside the Java Virtual Machine in native code.
# See problematic frame for where to report the bug.
#

---------------  T H R E A D  ---------------

Current thread (0x00007f598c20f000):  JavaThread "Signal Dispatcher" daemon [_thread_in_native, id=11423, stack(0x00007f5978cd6000,0x00007f5978dd7000)]

siginfo: si_signo: 11 (SIGSEGV), si_code: 2 (SEGV_ACCERR), si_addr: 0x00007f591091ff80

Registers:
RAX=0x00000000c7c1a095, RBX=0x00000000c1410085, RCX=0x000000000000000a, RDX=0x00007f58e041bf60
RSP=0x00007f5978dd20c0, RBP=0x00007f58e0019ef0, RSI=0x000000000c141008, RDI=0x00007f58e041bf60
R8 =0x000000000c141008, R9 =0x0000000000000000, R10=0x00007f593c0008d0, R11=0x00007f58ae917fc0
R12=0x00007f5978dd23a0, R13=0x0000000000000000, R14=0x00007f5978dd4400, R15=0x00000000e16543af
RIP=0x00007f58ae87df75, EFLAGS=0x0000000000010206, CSGSFS=0x002b000000000033, ERR=0x0000000000000004
  TRAPNO=0x000000000000000e

Top of Stack: (sp=0x00007f5978dd20c0)
0x00007f5978dd20c0:   00007f58e041bf60 c1410085aead0660
0x00007f5978dd20d0:   00007f5978dd2120 00007f5978dd23d0
0x00007f5978dd20e0:   00007f593c001dd0 000000000000000b
0x00007f5978dd20f0:   3f40000000000008 00007f593c001e30
0x00007f5978dd2100:   00007f598c20be72 0000000201ad4740
0x00007f5978dd2110:   00007f5800000002 0000000000000001
0x00007f5978dd2120:   0000000000000000 00007f5800000000
0x00007f5978dd2130:   0000000000000000 00007f5978dd2128
0x00007f5978dd2140:   00007f5978dd2128 0000000000000000
0x00007f5978dd2150:   000000000000026e 00007f58aead0660
0x00007f5978dd2160:   00007f5978dd23d0 00007f5978dd23a0
0x00007f5978dd2170:   0000000000000000 00007f58e157f160
0x00007f5978dd2180:   0000000000000000 00007f58ae8a16c7
0x00007f5978dd2190:   00007f5978dd2278 00007f58e157f160
0x00007f5978dd21a0:   00007f58aead0660 0000000000000000
0x00007f5978dd21b0:   00007f5978dd4494 0000000000000000
0x00007f5978dd21c0:   00007f5978dd23d0 00007f5978dd2360
0x00007f5978dd21d0:   00007f5978dd2310 0000000000000000
0x00007f5978dd21e0:   0000000000000000 0000000000000000
0x00007f5978dd21f0:   0000000000000000 0000000000000000
0x00007f5978dd2200:   0100000000000000 0000000000000000
0x00007f5978dd2210:   0000000000000000 00007f593c002550
0x00007f5978dd2220:   00007f58aead0660 0000000000000000
0x00007f5978dd2230:   00007f58e00195a0 0000000100000000
0x00007f5978dd2240:   00007f5978dd45ec 00007f5978dd4488
0x00007f5978dd2250:   0000026e00000000 00007f598c20bdb0
0x00007f5978dd2260:   00007f598c20f1f8 0000000000000000
0x00007f5978dd2270:   0000000000000000 000001c900000000
0x00007f5978dd2280:   0000000000000000 0000000000000000
0x00007f5978dd2290:   0000000000000000 0000000000000000
0x00007f5978dd22a0:   0000000000000000 0000000000000000
0x00007f5978dd22b0:   0000000000000000 0000000000000000 

Instructions: (pc=0x00007f58ae87df75)
0x00007f58ae87df55:   44 21 fb 89 5c 24 0c 48 89 14 24 41 89 d8 48 8b
0x00007f58ae87df65:   3c 24 89 d9 41 c1 e8 04 83 e1 0f 44 89 c6 01 c9
0x00007f58ae87df75:   8b 04 b7 d3 e8 a8 02 0f 85 9c 00 00 00 a8 01 75
0x00007f58ae87df85:   3f 41 89 db 49 8b 7e 10 49 c1 e3 05 4c 03 5d 18 

Register to memory mapping:

RAX=0x00000000c7c1a095 is an unknown value
RBX=0x00000000c1410085 is an unknown value
RCX=0x000000000000000a is an unknown value
RDX=0x00007f58e041bf60 is an unknown value
RSP=0x00007f5978dd20c0 is pointing into the stack for thread: 0x00007f598c20f000
RBP=0x00007f58e0019ef0 is an unknown value
RSI=0x000000000c141008 is an unknown value
RDI=0x00007f58e041bf60 is an unknown value
R8 =0x000000000c141008 is an unknown value
R9 =0x0000000000000000 is an unknown value
R10=0x00007f593c0008d0 is an unknown value
R11=0x00007f58ae917fc0: _ZN9jprofiler6String8hashCodeEv+0 in /opt/jprofiler11.0/bin/linux-x64/libjprofilerti.so at 0x00007f58ae795000
R12=0x00007f5978dd23a0 is pointing into the stack for thread: 0x00007f598c20f000
R13=0x0000000000000000 is an unknown value
R14=0x00007f5978dd4400 is pointing into the stack for thread: 0x00007f598c20f000
R15=0x00000000e16543af is an unknown value


Stack: [0x00007f5978cd6000,0x00007f5978dd7000],  sp=0x00007f5978dd20c0,  free space=1008k
Native frames: (J=compiled Java code, j=interpreted, Vv=VM code, C=native code)
C  [libjprofilerti.so+0xe8f75]  ProbePatches::getPatchFunction(jprofiler::String&, std::vector<std::pair<int, char const*>, std::allocator<std::pair<int, char const*> > >&)+0x185

Java frames: (J=compiled Java code, j=interpreted, Vv=VM code)
j  sun.misc.Signal.dispatch(I)V+25
v  ~StubRoutines::call_stub

---------------  P R O C E S S  ---------------

Java Threads: ( => current thread )
  0x00007f587800a800 JavaThread "RecvWorker:4" daemon [_thread_blocked, id=11555, stack(0x00007f58ad802000,0x00007f58ad903000)]
  0x00007f5874001800 JavaThread "RecvWorker:4" [_thread_blocked, id=11554, stack(0x00007f58ad903000,0x00007f58ada04000)]
  0x00007f5878008800 JavaThread "SendWorker:4" daemon [_thread_blocked, id=11553, stack(0x00007f59581f5000,0x00007f59582f6000)]
  0x00007f5874003000 JavaThread "SendWorker:4" [_thread_blocked, id=11552, stack(0x00007f58aebec000,0x00007f58aeced000)]
  0x00007f58ec0ad800 JavaThread "_jprofiler_control_sampler" daemon [_thread_blocked, id=11544, stack(0x00007f58ae305000,0x00007f58ae406000)]
  0x00007f58ec041000 JavaThread "_jprofiler_native_sampler" daemon [_thread_blocked, id=11543, stack(0x00007f58ae204000,0x00007f58ae305000)]
  0x00007f58e1572000 JavaThread "_jprofiler_native_comm" daemon [_thread_in_native, id=11530, stack(0x00007f58aedee000,0x00007f58aeeef000)]
  0x00007f58e0496000 JavaThread "_jprofiler_sampler" daemon [_thread_blocked, id=11529, stack(0x00007f58aeaeb000,0x00007f58aebec000)]
  0x00007f593c001000 JavaThread "Attach Listener" daemon [_thread_blocked, id=11528, stack(0x00007f58aeced000,0x00007f58aedee000)]
  0x00007f5878006800 JavaThread "RecvWorker:2" daemon [_thread_in_native, id=11482, stack(0x00007f58aeeef000,0x00007f58aeff0000)]
  0x00007f5878005800 JavaThread "SendWorker:2" daemon [_thread_blocked, id=11481, stack(0x00007f58aeff0000,0x00007f58af0f1000)]
  0x00007f598c014000 JavaThread "DestroyJavaVM" [_thread_blocked, id=11405, stack(0x00007f5991a73000,0x00007f5991b73000)]
  0x00007f598d79d000 JavaThread "ClusterPeer[myid=4]" [_thread_blocked, id=11480, stack(0x00007f58af0f1000,0x00007f58af1f2000)]
  0x00007f598d79c000 JavaThread "WorkerReceiver[myid=4]" daemon [_thread_blocked, id=11479, stack(0x00007f58af1f2000,0x00007f58af2f3000)]
  0x00007f598d798800 JavaThread "WorkerSender[myid=4]" daemon [_thread_blocked, id=11478, stack(0x00007f58af2f3000,0x00007f58af3f4000)]
  0x00007f598d793800 JavaThread "/192.168.140.21:3888" [_thread_in_native, id=11477, stack(0x00007f58af3f4000,0x00007f58af4f5000)]
  0x00007f598e899000 JavaThread "http-nio-8888-AsyncTimeout" daemon [_thread_blocked, id=11476, stack(0x00007f58af4f5000,0x00007f58af5f6000)]
  0x00007f598e702000 JavaThread "http-nio-8888-Acceptor-0" daemon [_thread_in_native, id=11475, stack(0x00007f58af5f6000,0x00007f58af6f7000)]
  0x00007f598e700000 JavaThread "http-nio-8888-ClientPoller-1" daemon [_thread_in_native, id=11474, stack(0x00007f58af6f7000,0x00007f58af7f8000)]
  0x00007f598e6fe800 JavaThread "http-nio-8888-ClientPoller-0" daemon [_thread_in_native, id=11473, stack(0x00007f58af7f8000,0x00007f58af8f9000)]
  0x00007f598decb000 JavaThread "http-nio-8888-exec-10" daemon [_thread_blocked, id=11472, stack(0x00007f58af8f9000,0x00007f58af9fa000)]
  0x00007f598dec9000 JavaThread "http-nio-8888-exec-9" daemon [_thread_blocked, id=11471, stack(0x00007f58af9fa000,0x00007f58afafb000)]
  0x00007f598dec7000 JavaThread "http-nio-8888-exec-8" daemon [_thread_blocked, id=11470, stack(0x00007f58afafb000,0x00007f58afbfc000)]
  0x00007f598dec5000 JavaThread "http-nio-8888-exec-7" daemon [_thread_blocked, id=11469, stack(0x00007f58afbfc000,0x00007f58afcfd000)]
  0x00007f598dec3000 JavaThread "http-nio-8888-exec-6" daemon [_thread_blocked, id=11468, stack(0x00007f58afcfd000,0x00007f58afdfe000)]
  0x00007f598dec1000 JavaThread "http-nio-8888-exec-5" daemon [_thread_blocked, id=11467, stack(0x00007f58afdfe000,0x00007f58afeff000)]
  0x00007f598debf800 JavaThread "http-nio-8888-exec-4" daemon [_thread_blocked, id=11466, stack(0x00007f58afeff000,0x00007f58b0000000)]
  0x00007f598debd800 JavaThread "http-nio-8888-exec-3" daemon [_thread_blocked, id=11465, stack(0x00007f594c08d000,0x00007f594c18e000)]
  0x00007f598e7bf800 JavaThread "http-nio-8888-exec-2" daemon [_thread_blocked, id=11464, stack(0x00007f594c18e000,0x00007f594c28f000)]
  0x00007f598e7be000 JavaThread "http-nio-8888-exec-1" daemon [_thread_blocked, id=11463, stack(0x00007f594c28f000,0x00007f594c390000)]
  0x00007f598e7ba000 JavaThread "NioBlockingSelector.BlockPoller-1" daemon [_thread_in_native, id=11462, stack(0x00007f59580f4000,0x00007f59581f5000)]
  0x00007f598cec3000 JavaThread "RadishQuartzScheduler_QuartzSchedulerThread" [_thread_blocked, id=11460, stack(0x00007f59586f6000,0x00007f59587f7000)]
  0x00007f598d04d000 JavaThread "RadishQuartzScheduler_Worker-15" [_thread_blocked, id=11459, stack(0x00007f59587f7000,0x00007f59588f8000)]
  0x00007f598d04b000 JavaThread "RadishQuartzScheduler_Worker-14" [_thread_blocked, id=11458, stack(0x00007f59588f8000,0x00007f59589f9000)]
  0x00007f598d049000 JavaThread "RadishQuartzScheduler_Worker-13" [_thread_blocked, id=11457, stack(0x00007f59589f9000,0x00007f5958afa000)]
  0x00007f598d047000 JavaThread "RadishQuartzScheduler_Worker-12" [_thread_blocked, id=11456, stack(0x00007f5958afa000,0x00007f5958bfb000)]
  0x00007f598d045000 JavaThread "RadishQuartzScheduler_Worker-11" [_thread_blocked, id=11455, stack(0x00007f5958bfb000,0x00007f5958cfc000)]
  0x00007f598d043000 JavaThread "RadishQuartzScheduler_Worker-10" [_thread_blocked, id=11454, stack(0x00007f5958cfc000,0x00007f5958dfd000)]
  0x00007f598d041000 JavaThread "RadishQuartzScheduler_Worker-9" [_thread_blocked, id=11453, stack(0x00007f5958dfd000,0x00007f5958efe000)]
  0x00007f598d03f800 JavaThread "RadishQuartzScheduler_Worker-8" [_thread_blocked, id=11452, stack(0x00007f5958efe000,0x00007f5958fff000)]
  0x00007f598d658800 JavaThread "RadishQuartzScheduler_Worker-7" [_thread_blocked, id=11451, stack(0x00007f59680de000,0x00007f59681df000)]
  0x00007f598d656800 JavaThread "RadishQuartzScheduler_Worker-6" [_thread_blocked, id=11450, stack(0x00007f59681df000,0x00007f59682e0000)]
  0x00007f598d654800 JavaThread "RadishQuartzScheduler_Worker-5" [_thread_blocked, id=11449, stack(0x00007f59682e0000,0x00007f59683e1000)]
  0x00007f598d652800 JavaThread "RadishQuartzScheduler_Worker-4" [_thread_blocked, id=11448, stack(0x00007f59683e1000,0x00007f59684e2000)]
  0x00007f598d726800 JavaThread "RadishQuartzScheduler_Worker-3" [_thread_blocked, id=11447, stack(0x00007f59684e2000,0x00007f59685e3000)]
  0x00007f598d725000 JavaThread "RadishQuartzScheduler_Worker-2" [_thread_blocked, id=11446, stack(0x00007f59685e3000,0x00007f59686e4000)]
  0x00007f598d724800 JavaThread "RadishQuartzScheduler_Worker-1" [_thread_blocked, id=11445, stack(0x00007f59686e4000,0x00007f59687e5000)]
  0x00007f598ebe5800 JavaThread "Druid-ConnectionPool-Destroy-1416549024" daemon [_thread_blocked, id=11444, stack(0x00007f5968fe5000,0x00007f59690e6000)]
  0x00007f598eb8a000 JavaThread "Druid-ConnectionPool-Create-1416549024" daemon [_thread_blocked, id=11443, stack(0x00007f59690e6000,0x00007f59691e7000)]
  0x00007f598eae6800 JavaThread "Abandoned connection cleanup thread" daemon [_thread_blocked, id=11442, stack(0x00007f5969640000,0x00007f5969741000)]
  0x00007f598ea4e800 JavaThread "container-0" [_thread_blocked, id=11441, stack(0x00007f5969941000,0x00007f5969a42000)]
  0x00007f598ea46000 JavaThread "ContainerBackgroundProcessor[StandardEngine[Tomcat]]" daemon [_thread_blocked, id=11440, stack(0x00007f596b728000,0x00007f596b829000)]
  0x00007f598c827800 JavaThread "Service Thread" daemon [_thread_blocked, id=11436, stack(0x00007f596bdfe000,0x00007f596beff000)]
  0x00007f598c782800 JavaThread "C1 CompilerThread3" daemon [_thread_blocked, id=11435, stack(0x00007f596bf00000,0x00007f596c000000)]
  0x00007f598c77d800 JavaThread "C2 CompilerThread2" daemon [_thread_blocked, id=11434, stack(0x00007f597806f000,0x00007f597816f000)]
  0x00007f598c780000 JavaThread "C2 CompilerThread1" daemon [_thread_blocked, id=11433, stack(0x00007f5978170000,0x00007f5978270000)]
  0x00007f598c787800 JavaThread "C2 CompilerThread0" daemon [_thread_blocked, id=11432, stack(0x00007f5978271000,0x00007f5978371000)]
  0x00007f598c221800 JavaThread "JDWP Event Helper Thread" daemon [_thread_blocked, id=11428, stack(0x00007f59788d0000,0x00007f59789d1000)]
  0x00007f598c21e000 JavaThread "JDWP Transport Listener: dt_socket" daemon [_thread_in_native, id=11425, stack(0x00007f59789d1000,0x00007f5978ad2000)]
=>0x00007f598c20f000 JavaThread "Signal Dispatcher" daemon [_thread_in_native, id=11423, stack(0x00007f5978cd6000,0x00007f5978dd7000)]
  0x00007f598c1dd000 JavaThread "Finalizer" daemon [_thread_blocked, id=11422, stack(0x00007f5978dd7000,0x00007f5978ed8000)]
  0x00007f598c1da800 JavaThread "Reference Handler" daemon [_thread_blocked, id=11421, stack(0x00007f5978ed8000,0x00007f5978fd9000)]

Other Threads:
  0x00007f598c1d1000 VMThread [stack: 0x00007f5978fda000,0x00007f59790da000] [id=11420]
  0x00007f598c83a800 WatcherThread [stack: 0x00007f596bcfe000,0x00007f596bdfe000] [id=11437]

VM state:not at safepoint (normal execution)

VM Mutex/Monitor currently owned by a thread: None

Heap:
 PSYoungGen      total 490496K, used 31717K [0x000000076d100000, 0x000000078c780000, 0x00000007c0000000)
  eden space 472576K, 6% used [0x000000076d100000,0x000000076eff9470,0x0000000789e80000)
  from space 17920K, 0% used [0x000000078b100000,0x000000078b100000,0x000000078c280000)
  to   space 18944K, 0% used [0x0000000789e80000,0x0000000789e80000,0x000000078b100000)
 ParOldGen       total 330240K, used 28383K [0x00000006c7200000, 0x00000006db480000, 0x000000076d100000)
  object space 330240K, 8% used [0x00000006c7200000,0x00000006c8db7ce0,0x00000006db480000)
 Metaspace       used 69562K, capacity 71636K, committed 71936K, reserved 1112064K
  class space    used 7953K, capacity 8338K, committed 8448K, reserved 1048576K

Card table byte_map: [0x00007f597c838000,0x00007f597d000000] byte_map_base: 0x00007f59791ff000

Marking Bits: (ParMarkBitMap*) 0x00007f5992ccbde0
 Begin Bits: [0x00007f594c390000, 0x00007f59501c8000)
 End Bits:   [0x00007f59501c8000, 0x00007f5954000000)

Polling page: 0x00007f599312f000

CodeCache: size=245760Kb used=11548Kb max_used=20786Kb free=234211Kb
 bounds [0x00007f597d000000, 0x00007f597e4e0000, 0x00007f598c000000]
 total_blobs=4815 nmethods=4247 adapters=489
 compilation: enabled

Compilation events (10 events):
Event: 3350.306 Thread 0x00007f598c782800 6793       3       java.lang.Long::formatUnsignedLong (52 bytes)
Event: 3350.307 Thread 0x00007f598c782800 nmethod 6793 0x00007f597d61a250 code [0x00007f597d61a3c0, 0x00007f597d61a650]
Event: 3350.307 Thread 0x00007f598c782800 6792       3       java.lang.Long::numberOfLeadingZeros (94 bytes)
Event: 3350.307 Thread 0x00007f598c782800 nmethod 6792 0x00007f597d36b750 code [0x00007f597d36b8c0, 0x00007f597d36bbd0]
Event: 3350.318 Thread 0x00007f598c782800 6794       3       java.lang.Long::toHexString (6 bytes)
Event: 3350.318 Thread 0x00007f598c782800 nmethod 6794 0x00007f597e133050 code [0x00007f597e1331c0, 0x00007f597e133348]
Event: 3350.318 Thread 0x00007f598c782800 6795       3       java.lang.Long::toUnsignedString0 (49 bytes)
Event: 3350.318 Thread 0x00007f598c782800 nmethod 6795 0x00007f597da50890 code [0x00007f597da50a40, 0x00007f597da51088]
Event: 3393.450 Thread 0x00007f598c782800 6796       1       org.quartz.core.QuartzSchedulerResources::getMaxBatchSize (5 bytes)
Event: 3393.451 Thread 0x00007f598c782800 nmethod 6796 0x00007f597d64cf90 code [0x00007f597d64d0e0, 0x00007f597d64d1f0]

GC Heap History (10 events):
Event: 6.955 GC heap before
{Heap before GC invocations=13 (full 3):
 PSYoungGen      total 404480K, used 10173K [0x000000076d100000, 0x0000000788980000, 0x00000007c0000000)
  eden space 385536K, 0% used [0x000000076d100000,0x000000076d100000,0x0000000784980000)
  from space 18944K, 53% used [0x0000000785b00000,0x00000007864ef710,0x0000000786d80000)
  to   space 17920K, 0% used [0x0000000784980000,0x0000000784980000,0x0000000785b00000)
 ParOldGen       total 142848K, used 32463K [0x00000006c7200000, 0x00000006cfd80000, 0x000000076d100000)
  object space 142848K, 22% used [0x00000006c7200000,0x00000006c91b3c60,0x00000006cfd80000)
 Metaspace       used 57069K, capacity 58956K, committed 59028K, reserved 1101824K
  class space    used 7068K, capacity 7424K, committed 7424K, reserved 1048576K
Event: 7.093 GC heap after
Heap after GC invocations=13 (full 3):
 PSYoungGen      total 404480K, used 0K [0x000000076d100000, 0x0000000788980000, 0x00000007c0000000)
  eden space 385536K, 0% used [0x000000076d100000,0x000000076d100000,0x0000000784980000)
  from space 18944K, 0% used [0x0000000785b00000,0x0000000785b00000,0x0000000786d80000)
  to   space 17920K, 0% used [0x0000000784980000,0x0000000784980000,0x0000000785b00000)
 ParOldGen       total 208384K, used 29827K [0x00000006c7200000, 0x00000006d3d80000, 0x000000076d100000)
  object space 208384K, 14% used [0x00000006c7200000,0x00000006c8f20f58,0x00000006d3d80000)
 Metaspace       used 57069K, capacity 58956K, committed 59028K, reserved 1101824K
  class space    used 7068K, capacity 7424K, committed 7424K, reserved 1048576K
}
Event: 3214.706 GC heap before
{Heap before GC invocations=14 (full 3):
 PSYoungGen      total 404480K, used 250988K [0x000000076d100000, 0x0000000788980000, 0x00000007c0000000)
  eden space 385536K, 65% used [0x000000076d100000,0x000000077c61b248,0x0000000784980000)
  from space 18944K, 0% used [0x0000000785b00000,0x0000000785b00000,0x0000000786d80000)
  to   space 17920K, 0% used [0x0000000784980000,0x0000000784980000,0x0000000785b00000)
 ParOldGen       total 208384K, used 29827K [0x00000006c7200000, 0x00000006d3d80000, 0x000000076d100000)
  object space 208384K, 14% used [0x00000006c7200000,0x00000006c8f20f58,0x00000006d3d80000)
 Metaspace       used 69627K, capacity 71744K, committed 71936K, reserved 1112064K
  class space    used 7963K, capacity 8356K, committed 8448K, reserved 1048576K
Event: 3214.716 GC heap after
Heap after GC invocations=14 (full 3):
 PSYoungGen      total 403456K, used 5134K [0x000000076d100000, 0x000000078c280000, 0x00000007c0000000)
  eden space 385536K, 0% used [0x000000076d100000,0x000000076d100000,0x0000000784980000)
  from space 17920K, 28% used [0x0000000784980000,0x0000000784e83b58,0x0000000785b00000)
  to   space 17920K, 0% used [0x000000078b100000,0x000000078b100000,0x000000078c280000)
 ParOldGen       total 208384K, used 29835K [0x00000006c7200000, 0x00000006d3d80000, 0x000000076d100000)
  object space 208384K, 14% used [0x00000006c7200000,0x00000006c8f22f58,0x00000006d3d80000)
 Metaspace       used 69627K, capacity 71744K, committed 71936K, reserved 1112064K
  class space    used 7963K, capacity 8356K, committed 8448K, reserved 1048576K
}
Event: 3214.716 GC heap before
{Heap before GC invocations=15 (full 4):
 PSYoungGen      total 403456K, used 5134K [0x000000076d100000, 0x000000078c280000, 0x00000007c0000000)
  eden space 385536K, 0% used [0x000000076d100000,0x000000076d100000,0x0000000784980000)
  from space 17920K, 28% used [0x0000000784980000,0x0000000784e83b58,0x0000000785b00000)
  to   space 17920K, 0% used [0x000000078b100000,0x000000078b100000,0x000000078c280000)
 ParOldGen       total 208384K, used 29835K [0x00000006c7200000, 0x00000006d3d80000, 0x000000076d100000)
  object space 208384K, 14% used [0x00000006c7200000,0x00000006c8f22f58,0x00000006d3d80000)
 Metaspace       used 69627K, capacity 71744K, committed 71936K, reserved 1112064K
  class space    used 7963K, capacity 8356K, committed 8448K, reserved 1048576K
Event: 3215.043 GC heap after
Heap after GC invocations=15 (full 4):
 PSYoungGen      total 403456K, used 0K [0x000000076d100000, 0x000000078c280000, 0x00000007c0000000)
  eden space 385536K, 0% used [0x000000076d100000,0x000000076d100000,0x0000000784980000)
  from space 17920K, 0% used [0x0000000784980000,0x0000000784980000,0x0000000785b00000)
  to   space 17920K, 0% used [0x000000078b100000,0x000000078b100000,0x000000078c280000)
 ParOldGen       total 264704K, used 29364K [0x00000006c7200000, 0x00000006d7480000, 0x000000076d100000)
  object space 264704K, 11% used [0x00000006c7200000,0x00000006c8ead140,0x00000006d7480000)
 Metaspace       used 69561K, capacity 71636K, committed 71936K, reserved 1112064K
  class space    used 7953K, capacity 8338K, committed 8448K, reserved 1048576K
}
Event: 3216.034 GC heap before
{Heap before GC invocations=16 (full 4):
 PSYoungGen      total 403456K, used 20735K [0x000000076d100000, 0x000000078c280000, 0x00000007c0000000)
  eden space 385536K, 5% used [0x000000076d100000,0x000000076e53fc78,0x0000000784980000)
  from space 17920K, 0% used [0x0000000784980000,0x0000000784980000,0x0000000785b00000)
  to   space 17920K, 0% used [0x000000078b100000,0x000000078b100000,0x000000078c280000)
 ParOldGen       total 264704K, used 29364K [0x00000006c7200000, 0x00000006d7480000, 0x000000076d100000)
  object space 264704K, 11% used [0x00000006c7200000,0x00000006c8ead140,0x00000006d7480000)
 Metaspace       used 69562K, capacity 71636K, committed 71936K, reserved 1112064K
  class space    used 7953K, capacity 8338K, committed 8448K, reserved 1048576K
Event: 3216.038 GC heap after
Heap after GC invocations=16 (full 4):
 PSYoungGen      total 490496K, used 192K [0x000000076d100000, 0x000000078c780000, 0x00000007c0000000)
  eden space 472576K, 0% used [0x000000076d100000,0x000000076d100000,0x0000000789e80000)
  from space 17920K, 1% used [0x000000078b100000,0x000000078b130000,0x000000078c280000)
  to   space 18944K, 0% used [0x0000000789e80000,0x0000000789e80000,0x000000078b100000)
 ParOldGen       total 264704K, used 29364K [0x00000006c7200000, 0x00000006d7480000, 0x000000076d100000)
  object space 264704K, 11% used [0x00000006c7200000,0x00000006c8ead140,0x00000006d7480000)
 Metaspace       used 69562K, capacity 71636K, committed 71936K, reserved 1112064K
  class space    used 7953K, capacity 8338K, committed 8448K, reserved 1048576K
}
Event: 3216.038 GC heap before
{Heap before GC invocations=17 (full 5):
 PSYoungGen      total 490496K, used 192K [0x000000076d100000, 0x000000078c780000, 0x00000007c0000000)
  eden space 472576K, 0% used [0x000000076d100000,0x000000076d100000,0x0000000789e80000)
  from space 17920K, 1% used [0x000000078b100000,0x000000078b130000,0x000000078c280000)
  to   space 18944K, 0% used [0x0000000789e80000,0x0000000789e80000,0x000000078b100000)
 ParOldGen       total 264704K, used 29364K [0x00000006c7200000, 0x00000006d7480000, 0x000000076d100000)
  object space 264704K, 11% used [0x00000006c7200000,0x00000006c8ead140,0x00000006d7480000)
 Metaspace       used 69562K, capacity 71636K, committed 71936K, reserved 1112064K
  class space    used 7953K, capacity 8338K, committed 8448K, reserved 1048576K
Event: 3216.122 GC heap after
Heap after GC invocations=17 (full 5):
 PSYoungGen      total 490496K, used 0K [0x000000076d100000, 0x000000078c780000, 0x00000007c0000000)
  eden space 472576K, 0% used [0x000000076d100000,0x000000076d100000,0x0000000789e80000)
  from space 17920K, 0% used [0x000000078b100000,0x000000078b100000,0x000000078c280000)
  to   space 18944K, 0% used [0x0000000789e80000,0x0000000789e80000,0x000000078b100000)
 ParOldGen       total 330240K, used 28383K [0x00000006c7200000, 0x00000006db480000, 0x000000076d100000)
  object space 330240K, 8% used [0x00000006c7200000,0x00000006c8db7ce0,0x00000006db480000)
 Metaspace       used 69562K, capacity 71636K, committed 71936K, reserved 1112064K
  class space    used 7953K, capacity 8338K, committed 8448K, reserved 1048576K
}

Deoptimization events (10 events):
Event: 571.658 Thread 0x00007f58e1572000 Uncommon trap: reason=unstable_if action=reinterpret pc=0x00007f597d8e9288 method=com.jprofiler.agent.AllocationCallee.__ejt_alloc(Ljava/lang/Object;)V @ 3
Event: 577.086 Thread 0x00007f58e1572000 Uncommon trap: reason=bimorphic action=maybe_recompile pc=0x00007f597d485c10 method=java.io.DataOutputStream.write([BII)V @ 7
Event: 577.086 Thread 0x00007f58e1572000 Uncommon trap: reason=bimorphic action=maybe_recompile pc=0x00007f597d485c10 method=java.io.DataOutputStream.write([BII)V @ 7
Event: 578.446 Thread 0x00007f58e1572000 Uncommon trap: reason=bimorphic action=maybe_recompile pc=0x00007f597d485c10 method=java.io.DataOutputStream.write([BII)V @ 7
Event: 578.446 Thread 0x00007f58e1572000 Uncommon trap: reason=bimorphic action=maybe_recompile pc=0x00007f597d485c10 method=java.io.DataOutputStream.write([BII)V @ 7
Event: 649.892 Thread 0x00007f58ec0ad800 Uncommon trap: reason=unstable_if action=reinterpret pc=0x00007f597d993f28 method=com.jprofiler.agent.probe.g.c.a(J)V @ 41
Event: 649.948 Thread 0x00007f58e0496000 Uncommon trap: reason=unstable_if action=reinterpret pc=0x00007f597df2f608 method=com.jprofiler.agent.util.a.a.b.n$m.d(Ljava/lang/Object;I)Z @ 4
Event: 649.993 Thread 0x00007f58ec0ad800 Uncommon trap: reason=unstable_if action=reinterpret pc=0x00007f597d4efc24 method=com.jprofiler.agent.probe.g.c.a(J)V @ 41
Event: 3394.279 Thread 0x00007f598c20f000 Uncommon trap: reason=bimorphic action=maybe_recompile pc=0x00007f597e1ed03c method=java.util.Hashtable.get(Ljava/lang/Object;)Ljava/lang/Object; @ 45
Event: 3394.279 Thread 0x00007f598c20f000 Uncommon trap: reason=bimorphic action=maybe_recompile pc=0x00007f597e1ed03c method=java.util.Hashtable.get(Ljava/lang/Object;)Ljava/lang/Object; @ 45

Classes redefined (10 events):
Event: 49.144 Thread 0x00007f598c1d1000 redefined class name=java.util.concurrent.locks.LockSupport, count=3
Event: 49.156 Thread 0x00007f598c1d1000 redefined class name=javax.naming.InitialContext, count=2
Event: 49.168 Thread 0x00007f598c1d1000 redefined class name=com.sun.proxy.$Proxy3, count=2
Event: 49.180 Thread 0x00007f598c1d1000 redefined class name=com.sun.proxy.$Proxy2, count=2
Event: 49.192 Thread 0x00007f598c1d1000 redefined class name=com.sun.proxy.$Proxy1, count=2
Event: 49.204 Thread 0x00007f598c1d1000 redefined class name=com.sun.proxy.$Proxy0, count=2
Event: 49.216 Thread 0x00007f598c1d1000 redefined class name=java.nio.Bits, count=2
Event: 49.227 Thread 0x00007f598c1d1000 redefined class name=java.io.FileOutputStream, count=2
Event: 49.239 Thread 0x00007f598c1d1000 redefined class name=java.io.FileInputStream, count=2
Event: 49.252 Thread 0x00007f598c1d1000 redefined class name=java.lang.Thread, count=3

Internal exceptions (10 events):
Event: 2810.205 Thread 0x00007f598d798800 Exception <a 'java/net/ConnectException'> (0x00000007721a3138) thrown at [/HUDSON/workspace/8-2-build-linux-amd64/jdk8u172/10810/hotspot/src/share/vm/prims/jni.cpp, line 709]
Event: 2870.211 Thread 0x00007f598d798800 Exception <a 'java/net/ConnectException'> (0x00000007721abe60) thrown at [/HUDSON/workspace/8-2-build-linux-amd64/jdk8u172/10810/hotspot/src/share/vm/prims/jni.cpp, line 709]
Event: 2930.215 Thread 0x00007f598d798800 Exception <a 'java/net/ConnectException'> (0x000000077c39b090) thrown at [/HUDSON/workspace/8-2-build-linux-amd64/jdk8u172/10810/hotspot/src/share/vm/prims/jni.cpp, line 709]
Event: 2990.262 Thread 0x00007f598d798800 Exception <a 'java/net/ConnectException'> (0x000000077c3a3db8) thrown at [/HUDSON/workspace/8-2-build-linux-amd64/jdk8u172/10810/hotspot/src/share/vm/prims/jni.cpp, line 709]
Event: 3050.269 Thread 0x00007f598d798800 Exception <a 'java/net/ConnectException'> (0x000000077c3acae0) thrown at [/HUDSON/workspace/8-2-build-linux-amd64/jdk8u172/10810/hotspot/src/share/vm/prims/jni.cpp, line 709]
Event: 3110.278 Thread 0x00007f598d798800 Exception <a 'java/net/ConnectException'> (0x000000077c3b5808) thrown at [/HUDSON/workspace/8-2-build-linux-amd64/jdk8u172/10810/hotspot/src/share/vm/prims/jni.cpp, line 709]
Event: 3170.285 Thread 0x00007f598d798800 Exception <a 'java/net/ConnectException'> (0x000000077c3be530) thrown at [/HUDSON/workspace/8-2-build-linux-amd64/jdk8u172/10810/hotspot/src/share/vm/prims/jni.cpp, line 709]
Event: 3230.289 Thread 0x00007f598d798800 Exception <a 'java/net/ConnectException'> (0x000000076df15878) thrown at [/HUDSON/workspace/8-2-build-linux-amd64/jdk8u172/10810/hotspot/src/share/vm/prims/jni.cpp, line 709]
Event: 3290.297 Thread 0x00007f598d798800 Exception <a 'java/net/ConnectException'> (0x000000076df1ea88) thrown at [/HUDSON/workspace/8-2-build-linux-amd64/jdk8u172/10810/hotspot/src/share/vm/prims/jni.cpp, line 709]
Event: 3350.305 Thread 0x00007f598d798800 Exception <a 'java/net/ConnectException'> (0x000000076df277b0) thrown at [/HUDSON/workspace/8-2-build-linux-amd64/jdk8u172/10810/hotspot/src/share/vm/prims/jni.cpp, line 709]

Events (10 events):
Event: 3393.117 Executing VM operation: ChangeBreakpoints
Event: 3393.118 Executing VM operation: ChangeBreakpoints done
Event: 3394.278 Thread 0x00007f5930001000 Thread exited: 0x00007f5930001000
Event: 3394.279 Thread 0x00007f598c20f000 Uncommon trap: trap_request=0xffffffc6 fr.pc=0x00007f597e1ed03c
Event: 3394.279 Thread 0x00007f598c20f000 DEOPT PACKING pc=0x00007f597e1ed03c sp=0x00007f5978dd57e0
Event: 3394.279 Thread 0x00007f598c20f000 DEOPT UNPACKING pc=0x00007f597d04573a sp=0x00007f5978dd57a0 mode 2
Event: 3394.279 Thread 0x00007f598c20f000 Uncommon trap: trap_request=0xffffffc6 fr.pc=0x00007f597e1ed03c
Event: 3394.279 Thread 0x00007f598c20f000 DEOPT PACKING pc=0x00007f597e1ed03c sp=0x00007f5978dd57e0
Event: 3394.279 Thread 0x00007f598c20f000 DEOPT UNPACKING pc=0x00007f597d04573a sp=0x00007f5978dd57a0 mode 2
Event: 3394.279 loading class sun/misc/Signal$1


Dynamic libraries:
00400000-00401000 r-xp 00000000 08:12 3676775                            /usr/local/java/jdk1.8.0_172/bin/java
00600000-00601000 rw-p 00000000 08:12 3676775                            /usr/local/java/jdk1.8.0_172/bin/java
00b0f000-00b30000 rw-p 00000000 00:00 0                                  [heap]
6c7200000-6db480000 rw-p 00000000 00:00 0 
6db480000-76d100000 ---p 00000000 00:00 0 
76d100000-78c780000 rw-p 00000000 00:00 0 
78c780000-7c0000000 ---p 00000000 00:00 0 
7c0000000-7c0840000 rw-p 00000000 00:00 0 
7c0840000-800000000 ---p 00000000 00:00 0 
7f586c000000-7f586c072000 rw-p 00000000 00:00 0 
7f586c072000-7f5870000000 ---p 00000000 00:00 0 
7f5870000000-7f58700c0000 rw-p 00000000 00:00 0 
7f58700c0000-7f5874000000 ---p 00000000 00:00 0 
7f5874000000-7f5874021000 rw-p 00000000 00:00 0 
7f5874021000-7f5878000000 ---p 00000000 00:00 0 
7f5878000000-7f5878060000 rw-p 00000000 00:00 0 
7f5878060000-7f587c000000 ---p 00000000 00:00 0 
7f587c000000-7f587c021000 rw-p 00000000 00:00 0 
7f587c021000-7f5880000000 ---p 00000000 00:00 0 
7f5880000000-7f5880021000 rw-p 00000000 00:00 0 
7f5880021000-7f5884000000 ---p 00000000 00:00 0 
7f5884000000-7f588406f000 rw-p 00000000 00:00 0 
7f588406f000-7f5888000000 ---p 00000000 00:00 0 
7f5888000000-7f5888021000 rw-p 00000000 00:00 0 
7f5888021000-7f588c000000 ---p 00000000 00:00 0 
7f588c000000-7f588c021000 rw-p 00000000 00:00 0 
7f588c021000-7f5890000000 ---p 00000000 00:00 0 
7f5890000000-7f5890021000 rw-p 00000000 00:00 0 
7f5890021000-7f5894000000 ---p 00000000 00:00 0 
7f5894000000-7f5894021000 rw-p 00000000 00:00 0 
7f5894021000-7f5898000000 ---p 00000000 00:00 0 
7f5898000000-7f5898021000 rw-p 00000000 00:00 0 
7f5898021000-7f589c000000 ---p 00000000 00:00 0 
7f589c000000-7f589c021000 rw-p 00000000 00:00 0 
7f589c021000-7f58a0000000 ---p 00000000 00:00 0 
7f58a0000000-7f58a0021000 rw-p 00000000 00:00 0 
7f58a0021000-7f58a4000000 ---p 00000000 00:00 0 
7f58a4000000-7f58a4021000 rw-p 00000000 00:00 0 
7f58a4021000-7f58a8000000 ---p 00000000 00:00 0 
7f58a8000000-7f58a8021000 rw-p 00000000 00:00 0 
7f58a8021000-7f58ac000000 ---p 00000000 00:00 0 
7f58ad001000-7f58ad002000 ---p 00000000 00:00 0 
7f58ad002000-7f58ad802000 rw-p 00000000 00:00 0 
7f58ad802000-7f58ad805000 ---p 00000000 00:00 0 
7f58ad805000-7f58ad903000 rw-p 00000000 00:00 0 
7f58ad903000-7f58ad906000 ---p 00000000 00:00 0 
7f58ad906000-7f58adc04000 rw-p 00000000 00:00 0 
7f58adc04000-7f58ade04000 rw-p 00000000 00:00 0 
7f58ade04000-7f58ae004000 rw-p 00000000 00:00 0 
7f58ae004000-7f58ae204000 rw-p 00000000 00:00 0 
7f58ae204000-7f58ae207000 ---p 00000000 00:00 0 
7f58ae207000-7f58ae305000 rw-p 00000000 00:00 0 
7f58ae305000-7f58ae308000 ---p 00000000 00:00 0 
7f58ae308000-7f58ae606000 rw-p 00000000 00:00 0 
7f58ae606000-7f58ae68f000 r--p 00000000 08:12 3551746                    /usr/lib/libstdc++.so.6.0.25
7f58ae68f000-7f58ae747000 r-xp 00089000 08:12 3551746                    /usr/lib/libstdc++.so.6.0.25
7f58ae747000-7f58ae784000 r--p 00141000 08:12 3551746                    /usr/lib/libstdc++.so.6.0.25
7f58ae784000-7f58ae785000 ---p 0017e000 08:12 3551746                    /usr/lib/libstdc++.so.6.0.25
7f58ae785000-7f58ae791000 r--p 0017e000 08:12 3551746                    /usr/lib/libstdc++.so.6.0.25
7f58ae791000-7f58ae792000 rw-p 0018a000 08:12 3551746                    /usr/lib/libstdc++.so.6.0.25
7f58ae792000-7f58ae795000 rw-p 00000000 00:00 0 
7f58ae795000-7f58ae971000 r-xp 00000000 08:12 4597242                    /opt/jprofiler11.0/bin/linux-x64/libjprofilerti.so
7f58ae971000-7f58aea71000 ---p 001dc000 08:12 4597242                    /opt/jprofiler11.0/bin/linux-x64/libjprofilerti.so
7f58aea71000-7f58aea7e000 rw-p 001dc000 08:12 4597242                    /opt/jprofiler11.0/bin/linux-x64/libjprofilerti.so
7f58aea7e000-7f58aeaeb000 rw-p 00000000 00:00 0 
7f58aeaeb000-7f58aeaee000 ---p 00000000 00:00 0 
7f58aeaee000-7f58aebec000 rw-p 00000000 00:00 0 
7f58aebec000-7f58aebef000 ---p 00000000 00:00 0 
7f58aebef000-7f58aeced000 rw-p 00000000 00:00 0 
7f58aeced000-7f58aecf0000 ---p 00000000 00:00 0 
7f58aecf0000-7f58aedee000 rw-p 00000000 00:00 0 
7f58aedee000-7f58aedf1000 ---p 00000000 00:00 0 
7f58aedf1000-7f58aeeef000 rw-p 00000000 00:00 0 
7f58aeeef000-7f58aeef2000 ---p 00000000 00:00 0 
7f58aeef2000-7f58aeff0000 rw-p 00000000 00:00 0 
7f58aeff0000-7f58aeff3000 ---p 00000000 00:00 0 
7f58aeff3000-7f58af0f1000 rw-p 00000000 00:00 0 
7f58af0f1000-7f58af0f4000 ---p 00000000 00:00 0 
7f58af0f4000-7f58af1f2000 rw-p 00000000 00:00 0 
7f58af1f2000-7f58af1f5000 ---p 00000000 00:00 0 
7f58af1f5000-7f58af2f3000 rw-p 00000000 00:00 0 
7f58af2f3000-7f58af2f6000 ---p 00000000 00:00 0 
7f58af2f6000-7f58af3f4000 rw-p 00000000 00:00 0 
7f58af3f4000-7f58af3f7000 ---p 00000000 00:00 0 
7f58af3f7000-7f58af4f5000 rw-p 00000000 00:00 0 
7f58af4f5000-7f58af4f8000 ---p 00000000 00:00 0 
7f58af4f8000-7f58af5f6000 rw-p 00000000 00:00 0 
7f58af5f6000-7f58af5f9000 ---p 00000000 00:00 0 
7f58af5f9000-7f58af6f7000 rw-p 00000000 00:00 0 
7f58af6f7000-7f58af6fa000 ---p 00000000 00:00 0 
7f58af6fa000-7f58af7f8000 rw-p 00000000 00:00 0 
7f58af7f8000-7f58af7fb000 ---p 00000000 00:00 0 
7f58af7fb000-7f58af8f9000 rw-p 00000000 00:00 0 
7f58af8f9000-7f58af8fc000 ---p 00000000 00:00 0 
7f58af8fc000-7f58af9fa000 rw-p 00000000 00:00 0 
7f58af9fa000-7f58af9fd000 ---p 00000000 00:00 0 
7f58af9fd000-7f58afafb000 rw-p 00000000 00:00 0 
7f58afafb000-7f58afafe000 ---p 00000000 00:00 0 
7f58afafe000-7f58afbfc000 rw-p 00000000 00:00 0 
7f58afbfc000-7f58afbff000 ---p 00000000 00:00 0 
7f58afbff000-7f58afcfd000 rw-p 00000000 00:00 0 
7f58afcfd000-7f58afd00000 ---p 00000000 00:00 0 
7f58afd00000-7f58afdfe000 rw-p 00000000 00:00 0 
7f58afdfe000-7f58afe01000 ---p 00000000 00:00 0 
7f58afe01000-7f58afeff000 rw-p 00000000 00:00 0 
7f58afeff000-7f58aff02000 ---p 00000000 00:00 0 
7f58aff02000-7f58b0000000 rw-p 00000000 00:00 0 
7f58b0000000-7f58b0021000 rw-p 00000000 00:00 0 
7f58b0021000-7f58b4000000 ---p 00000000 00:00 0 
7f58b4000000-7f58b4021000 rw-p 00000000 00:00 0 
7f58b4021000-7f58b8000000 ---p 00000000 00:00 0 
7f58b8000000-7f58b82f3000 rw-p 00000000 00:00 0 
7f58b82f3000-7f58bc000000 ---p 00000000 00:00 0 
7f58bc000000-7f58bc021000 rw-p 00000000 00:00 0 
7f58bc021000-7f58c0000000 ---p 00000000 00:00 0 
7f58c0000000-7f58c0021000 rw-p 00000000 00:00 0 
7f58c0021000-7f58c4000000 ---p 00000000 00:00 0 
7f58c4000000-7f58c4021000 rw-p 00000000 00:00 0 
7f58c4021000-7f58c8000000 ---p 00000000 00:00 0 
7f58c8000000-7f58c8021000 rw-p 00000000 00:00 0 
7f58c8021000-7f58cc000000 ---p 00000000 00:00 0 
7f58cc000000-7f58cc021000 rw-p 00000000 00:00 0 
7f58cc021000-7f58d0000000 ---p 00000000 00:00 0 
7f58d0000000-7f58d0021000 rw-p 00000000 00:00 0 
7f58d0021000-7f58d4000000 ---p 00000000 00:00 0 
7f58d4000000-7f58d4021000 rw-p 00000000 00:00 0 
7f58d4021000-7f58d8000000 ---p 00000000 00:00 0 
7f58d8000000-7f58d8021000 rw-p 00000000 00:00 0 
7f58d8021000-7f58dc000000 ---p 00000000 00:00 0 
7f58dc000000-7f58dc021000 rw-p 00000000 00:00 0 
7f58dc021000-7f58e0000000 ---p 00000000 00:00 0 
7f58e0000000-7f58e1702000 rw-p 00000000 00:00 0 
7f58e1702000-7f58e4000000 ---p 00000000 00:00 0 
7f58e4000000-7f58e4021000 rw-p 00000000 00:00 0 
7f58e4021000-7f58e8000000 ---p 00000000 00:00 0 
7f58e8000000-7f58e8021000 rw-p 00000000 00:00 0 
7f58e8021000-7f58ec000000 ---p 00000000 00:00 0 
7f58ec000000-7f58ed2d7000 rw-p 00000000 00:00 0 
7f58ed2d7000-7f58f0000000 ---p 00000000 00:00 0 
7f58f0000000-7f58f0021000 rw-p 00000000 00:00 0 
7f58f0021000-7f58f4000000 ---p 00000000 00:00 0 
7f58f4000000-7f58f4021000 rw-p 00000000 00:00 0 
7f58f4021000-7f58f8000000 ---p 00000000 00:00 0 
7f58f8000000-7f58f82a0000 rw-p 00000000 00:00 0 
7f58f82a0000-7f58fc000000 ---p 00000000 00:00 0 
7f58fc000000-7f58fc021000 rw-p 00000000 00:00 0 
7f58fc021000-7f5900000000 ---p 00000000 00:00 0 
7f5900000000-7f5900021000 rw-p 00000000 00:00 0 
7f5900021000-7f5904000000 ---p 00000000 00:00 0 
7f5904000000-7f59040d0000 rw-p 00000000 00:00 0 
7f59040d0000-7f5908000000 ---p 00000000 00:00 0 
7f5908000000-7f590845a000 rw-p 00000000 00:00 0 
7f590845a000-7f590c000000 ---p 00000000 00:00 0 
7f590c000000-7f590c214000 rw-p 00000000 00:00 0 
7f590c214000-7f5910000000 ---p 00000000 00:00 0 
7f5910000000-7f5910021000 rw-p 00000000 00:00 0 
7f5910021000-7f5914000000 ---p 00000000 00:00 0 
7f5914000000-7f5914a4a000 rw-p 00000000 00:00 0 
7f5914a4a000-7f5918000000 ---p 00000000 00:00 0 
7f5918000000-7f5919f7f000 rw-p 00000000 00:00 0 
7f5919f7f000-7f591c000000 ---p 00000000 00:00 0 
7f591c000000-7f591c021000 rw-p 00000000 00:00 0 
7f591c021000-7f5920000000 ---p 00000000 00:00 0 
7f5920000000-7f592358e000 rw-p 00000000 00:00 0 
7f592358e000-7f5924000000 ---p 00000000 00:00 0 
7f5924000000-7f5926f25000 rw-p 00000000 00:00 0 
7f5926f25000-7f5928000000 ---p 00000000 00:00 0 
7f5928000000-7f5928021000 rw-p 00000000 00:00 0 
7f5928021000-7f592c000000 ---p 00000000 00:00 0 
7f592c000000-7f592f13c000 rw-p 00000000 00:00 0 
7f592f13c000-7f5930000000 ---p 00000000 00:00 0 
7f5930000000-7f5930052000 rw-p 00000000 00:00 0 
7f5930052000-7f5934000000 ---p 00000000 00:00 0 
7f5934000000-7f5934021000 rw-p 00000000 00:00 0 
7f5934021000-7f5938000000 ---p 00000000 00:00 0 
7f5938000000-7f5938021000 rw-p 00000000 00:00 0 
7f5938021000-7f593c000000 ---p 00000000 00:00 0 
7f593c000000-7f593c021000 rw-p 00000000 00:00 0 
7f593c021000-7f5940000000 ---p 00000000 00:00 0 
7f5940000000-7f59401b0000 rw-p 00000000 00:00 0 
7f59401b0000-7f5944000000 ---p 00000000 00:00 0 
7f5944000000-7f5944021000 rw-p 00000000 00:00 0 
7f5944021000-7f5948000000 ---p 00000000 00:00 0 
7f5948000000-7f5948021000 rw-p 00000000 00:00 0 
7f5948021000-7f594c000000 ---p 00000000 00:00 0 
7f594c08d000-7f594c090000 ---p 00000000 00:00 0 
7f594c090000-7f594c18e000 rw-p 00000000 00:00 0 
7f594c18e000-7f594c191000 ---p 00000000 00:00 0 
7f594c191000-7f594c28f000 rw-p 00000000 00:00 0 
7f594c28f000-7f594c292000 ---p 00000000 00:00 0 
7f594c292000-7f5954000000 rw-p 00000000 00:00 0 
7f5954000000-7f5954021000 rw-p 00000000 00:00 0 
7f5954021000-7f5958000000 ---p 00000000 00:00 0 
7f59580f4000-7f59580f7000 ---p 00000000 00:00 0 
7f59580f7000-7f59581f5000 rw-p 00000000 00:00 0 
7f59581f5000-7f59581f8000 ---p 00000000 00:00 0 
7f59581f8000-7f59584f6000 rw-p 00000000 00:00 0 
7f59584f6000-7f59586f6000 rw-p 00000000 00:00 0 
7f59586f6000-7f59586f9000 ---p 00000000 00:00 0 
7f59586f9000-7f59587f7000 rw-p 00000000 00:00 0 
7f59587f7000-7f59587fa000 ---p 00000000 00:00 0 
7f59587fa000-7f59588f8000 rw-p 00000000 00:00 0 
7f59588f8000-7f59588fb000 ---p 00000000 00:00 0 
7f59588fb000-7f59589f9000 rw-p 00000000 00:00 0 
7f59589f9000-7f59589fc000 ---p 00000000 00:00 0 
7f59589fc000-7f5958afa000 rw-p 00000000 00:00 0 
7f5958afa000-7f5958afd000 ---p 00000000 00:00 0 
7f5958afd000-7f5958bfb000 rw-p 00000000 00:00 0 
7f5958bfb000-7f5958bfe000 ---p 00000000 00:00 0 
7f5958bfe000-7f5958cfc000 rw-p 00000000 00:00 0 
7f5958cfc000-7f5958cff000 ---p 00000000 00:00 0 
7f5958cff000-7f5958dfd000 rw-p 00000000