#
# A fatal error has been detected by the Java Runtime Environment:
#
#  SIGSEGV (0xb) at pc=0x00007ff847287f75, pid=17458, tid=0x00007ff9399e1700
#
# JRE version: Java(TM) SE Runtime Environment (8.0_172-b11) (build 1.8.0_172-b11)
# Java VM: Java HotSpot(TM) 64-Bit Server VM (25.172-b11 mixed mode linux-amd64 compressed oops)
# Problematic frame:
# C  [libjprofilerti.so+0xe8f75]  ProbePatches::getPatchFunction(jprofiler::String&, std::vector<std::pair<int, char const*>, std::allocator<std::pair<int, char const*> > >&)+0x185
#
# Core dump written. Default location: /run/media/suoyao/develop/radish/radish-scheduler/core or core.17458
#
# If you would like to submit a bug report, please visit:
#   http://bugreport.java.com/bugreport/crash.jsp
# The crash happened outside the Java Virtual Machine in native code.
# See problematic frame for where to report the bug.
#

---------------  T H R E A D  ---------------

Current thread (0x00007ff95820f000):  JavaThread "Signal Dispatcher" daemon [_thread_in_native, id=17479, stack(0x00007ff9398e1000,0x00007ff9399e2000)]

siginfo: si_signo: 11 (SIGSEGV), si_code: 2 (SEGV_ACCERR), si_addr: 0x00007ff8ad929fa4

Registers:
RAX=0x00000000c7c1a095, RBX=0x0000000085402015, RCX=0x000000000000000a, RDX=0x00007ff88c4297a0
RSP=0x00007ff9399dd040, RBP=0x00007ff88c019740, RSI=0x0000000008540201, RDI=0x00007ff88c4297a0
R8 =0x0000000008540201, R9 =0x0000000000000000, R10=0x00007ff90c0008d0, R11=0x00007ff847321fc0
R12=0x00007ff9399dd320, R13=0x0000000000000000, R14=0x00007ff9399df380, R15=0x000000008d64731f
RIP=0x00007ff847287f75, EFLAGS=0x0000000000010206, CSGSFS=0x002b000000000033, ERR=0x0000000000000004
  TRAPNO=0x000000000000000e

Top of Stack: (sp=0x00007ff9399dd040)
0x00007ff9399dd040:   00007ff88c4297a0 85402015474da660
0x00007ff9399dd050:   00007ff9399dd0a0 00007ff9399dd350
0x00007ff9399dd060:   00007ff90c001dd0 000000000000000b
0x00007ff9399dd070:   3f40000000000008 00007ff90c001e30
0x00007ff9399dd080:   00007ff95820be72 00000002014de740
0x00007ff9399dd090:   00007ff800000002 0000000000000000
0x00007ff9399dd0a0:   0000000000000000 00007ff800000000
0x00007ff9399dd0b0:   0000000000000000 00007ff9399dd0a8
0x00007ff9399dd0c0:   00007ff9399dd0a8 0000000000000000
0x00007ff9399dd0d0:   000000000000026e 00007ff8474da660
0x00007ff9399dd0e0:   00007ff9399dd350 00007ff9399dd320
0x00007ff9399dd0f0:   0000000000000000 00007ff88d582f70
0x00007ff9399dd100:   0000000000000000 00007ff8472ab6c7
0x00007ff9399dd110:   00007ff9399dd1f8 00007ff88d582f70
0x00007ff9399dd120:   00007ff8474da660 0000000000000000
0x00007ff9399dd130:   00007ff9399df414 0000000000000000
0x00007ff9399dd140:   00007ff9399dd350 00007ff9399dd2e0
0x00007ff9399dd150:   00007ff9399dd290 0000000000000000
0x00007ff9399dd160:   0000000000000000 0000000000000000
0x00007ff9399dd170:   0000000000000000 0000000000000000
0x00007ff9399dd180:   0100000000000000 0000000000000000
0x00007ff9399dd190:   0000000000000000 00007ff90c002550
0x00007ff9399dd1a0:   00007ff8474da660 0000000000000000
0x00007ff9399dd1b0:   00007ff88c018df0 0000000100000000
0x00007ff9399dd1c0:   00007ff9399df56c 00007ff9399df408
0x00007ff9399dd1d0:   0000026e00000000 00007ff95820bdb0
0x00007ff9399dd1e0:   00007ff95820f1f8 0000000000000000
0x00007ff9399dd1f0:   0000000000000000 000001c900000000
0x00007ff9399dd200:   0000000000000000 0000000000000000
0x00007ff9399dd210:   0000000000000000 0000000000000000
0x00007ff9399dd220:   0000000000000000 0000000000000000
0x00007ff9399dd230:   0000000000000000 0000000000000000 

Instructions: (pc=0x00007ff847287f75)
0x00007ff847287f55:   44 21 fb 89 5c 24 0c 48 89 14 24 41 89 d8 48 8b
0x00007ff847287f65:   3c 24 89 d9 41 c1 e8 04 83 e1 0f 44 89 c6 01 c9
0x00007ff847287f75:   8b 04 b7 d3 e8 a8 02 0f 85 9c 00 00 00 a8 01 75
0x00007ff847287f85:   3f 41 89 db 49 8b 7e 10 49 c1 e3 05 4c 03 5d 18 

Register to memory mapping:

RAX=0x00000000c7c1a095 is an unknown value
RBX=0x0000000085402015 is an unknown value
RCX=0x000000000000000a is an unknown value
RDX=0x00007ff88c4297a0 is an unknown value
RSP=0x00007ff9399dd040 is pointing into the stack for thread: 0x00007ff95820f000
RBP=0x00007ff88c019740 is an unknown value
RSI=0x0000000008540201 is an unknown value
RDI=0x00007ff88c4297a0 is an unknown value
R8 =0x0000000008540201 is an unknown value
R9 =0x0000000000000000 is an unknown value
R10=0x00007ff90c0008d0 is an unknown value
R11=0x00007ff847321fc0: _ZN9jprofiler6String8hashCodeEv+0 in /opt/jprofiler11.0/bin/linux-x64/libjprofilerti.so at 0x00007ff84719f000
R12=0x00007ff9399dd320 is pointing into the stack for thread: 0x00007ff95820f000
R13=0x0000000000000000 is an unknown value
R14=0x00007ff9399df380 is pointing into the stack for thread: 0x00007ff95820f000
R15=0x000000008d64731f is an unknown value


Stack: [0x00007ff9398e1000,0x00007ff9399e2000],  sp=0x00007ff9399dd040,  free space=1008k
Native frames: (J=compiled Java code, j=interpreted, Vv=VM code, C=native code)
C  [libjprofilerti.so+0xe8f75]  ProbePatches::getPatchFunction(jprofiler::String&, std::vector<std::pair<int, char const*>, std::allocator<std::pair<int, char const*> > >&)+0x185

Java frames: (J=compiled Java code, j=interpreted, Vv=VM code)
j  sun.misc.Signal.dispatch(I)V+25
v  ~StubRoutines::call_stub

---------------  P R O C E S S  ---------------

Java Threads: ( => current thread )
  0x00007ff8b8063800 JavaThread "_jprofiler_control_sampler" daemon [_thread_blocked, id=17599, stack(0x00007ff846d0f000,0x00007ff846e10000)]
  0x00007ff8b8041000 JavaThread "_jprofiler_native_sampler" daemon [_thread_blocked, id=17598, stack(0x00007ff846c0e000,0x00007ff846d0f000)]
  0x00007ff88d596000 JavaThread "_jprofiler_native_comm" daemon [_thread_in_native, id=17588, stack(0x00007ff8475f6000,0x00007ff8476f7000)]
  0x00007ff88c4a5800 JavaThread "_jprofiler_sampler" daemon [_thread_blocked, id=17587, stack(0x00007ff8474f5000,0x00007ff8475f6000)]
  0x00007ff90c001000 JavaThread "Attach Listener" daemon [_thread_blocked, id=17586, stack(0x00007ff8dd0b3000,0x00007ff8dd1b4000)]
  0x00007ff84000a000 JavaThread "RecvWorker:3" daemon [_thread_blocked, id=17547, stack(0x00007ff8478f9000,0x00007ff8479fa000)]
  0x00007ff840008800 JavaThread "SendWorker:3" daemon [_thread_blocked, id=17546, stack(0x00007ff8479fa000,0x00007ff847afb000)]
  0x00007ff840006800 JavaThread "RecvWorker:2" daemon [_thread_in_Java, id=17545, stack(0x00007ff847afb000,0x00007ff847bfc000)]
  0x00007ff840005800 JavaThread "SendWorker:2" daemon [_thread_blocked, id=17544, stack(0x00007ff847bfc000,0x00007ff847cfd000)]
  0x00007ff958014000 JavaThread "DestroyJavaVM" [_thread_blocked, id=17464, stack(0x00007ff95e729000,0x00007ff95e829000)]
  0x00007ff958b3f000 JavaThread "ClusterPeer[myid=4]" [_thread_blocked, id=17543, stack(0x00007ff847cfd000,0x00007ff847dfe000)]
  0x00007ff958b3e000 JavaThread "WorkerReceiver[myid=4]" daemon [_thread_blocked, id=17542, stack(0x00007ff847dfe000,0x00007ff847eff000)]
  0x00007ff958b3a800 JavaThread "WorkerSender[myid=4]" daemon [_thread_blocked, id=17541, stack(0x00007ff847eff000,0x00007ff848000000)]
  0x00007ff958b37000 JavaThread "/192.168.140.21:3888" [_thread_in_native, id=17540, stack(0x00007ff8dc0a3000,0x00007ff8dc1a4000)]
  0x00007ff959abe000 JavaThread "http-nio-8888-AsyncTimeout" daemon [_thread_blocked, id=17539, stack(0x00007ff8dc1a4000,0x00007ff8dc2a5000)]
  0x00007ff959abb000 JavaThread "http-nio-8888-Acceptor-0" daemon [_thread_in_native, id=17538, stack(0x00007ff8dc2a5000,0x00007ff8dc3a6000)]
  0x00007ff959ab9000 JavaThread "http-nio-8888-ClientPoller-1" daemon [_thread_in_native, id=17537, stack(0x00007ff8dc3a6000,0x00007ff8dc4a7000)]
  0x00007ff959ab7800 JavaThread "http-nio-8888-ClientPoller-0" daemon [_thread_in_native, id=17536, stack(0x00007ff8dc4a7000,0x00007ff8dc5a8000)]
  0x00007ff958b32800 JavaThread "http-nio-8888-exec-10" daemon [_thread_blocked, id=17535, stack(0x00007ff8dc5a8000,0x00007ff8dc6a9000)]
  0x00007ff958b30800 JavaThread "http-nio-8888-exec-9" daemon [_thread_blocked, id=17534, stack(0x00007ff8dc6a9000,0x00007ff8dc7aa000)]
  0x00007ff958b2e800 JavaThread "http-nio-8888-exec-8" daemon [_thread_blocked, id=17533, stack(0x00007ff8dc7aa000,0x00007ff8dc8ab000)]
  0x00007ff958b2c800 JavaThread "http-nio-8888-exec-7" daemon [_thread_blocked, id=17532, stack(0x00007ff8dc8ab000,0x00007ff8dc9ac000)]
  0x00007ff958b2a800 JavaThread "http-nio-8888-exec-6" daemon [_thread_blocked, id=17531, stack(0x00007ff8dc9ac000,0x00007ff8dcaad000)]
  0x00007ff958b28800 JavaThread "http-nio-8888-exec-5" daemon [_thread_blocked, id=17530, stack(0x00007ff8dcaad000,0x00007ff8dcbae000)]
  0x00007ff958d97000 JavaThread "http-nio-8888-exec-4" daemon [_thread_blocked, id=17529, stack(0x00007ff8dcbae000,0x00007ff8dccaf000)]
  0x00007ff958d95000 JavaThread "http-nio-8888-exec-3" daemon [_thread_blocked, id=17528, stack(0x00007ff8dccaf000,0x00007ff8dcdb0000)]
  0x00007ff958d93800 JavaThread "http-nio-8888-exec-2" daemon [_thread_blocked, id=17527, stack(0x00007ff8dcdb0000,0x00007ff8dceb1000)]
  0x00007ff958d92000 JavaThread "http-nio-8888-exec-1" daemon [_thread_blocked, id=17526, stack(0x00007ff8dceb1000,0x00007ff8dcfb2000)]
  0x00007ff958d8e800 JavaThread "NioBlockingSelector.BlockPoller-1" daemon [_thread_in_native, id=17525, stack(0x00007ff8dcfb2000,0x00007ff8dd0b3000)]
  0x00007ff959e61000 JavaThread "RadishQuartzScheduler_QuartzSchedulerThread" [_thread_blocked, id=17523, stack(0x00007ff8dd5b4000,0x00007ff8dd6b5000)]
  0x00007ff959e5c000 JavaThread "RadishQuartzScheduler_Worker-15" [_thread_blocked, id=17522, stack(0x00007ff8dd6b5000,0x00007ff8dd7b6000)]
  0x00007ff9590c1000 JavaThread "RadishQuartzScheduler_Worker-14" [_thread_blocked, id=17521, stack(0x00007ff8dd7b6000,0x00007ff8dd8b7000)]
  0x00007ff9590bf000 JavaThread "RadishQuartzScheduler_Worker-13" [_thread_blocked, id=17520, stack(0x00007ff8dd8b7000,0x00007ff8dd9b8000)]
  0x00007ff9590bd000 JavaThread "RadishQuartzScheduler_Worker-12" [_thread_blocked, id=17519, stack(0x00007ff8dd9b8000,0x00007ff8ddab9000)]
  0x00007ff9590bb000 JavaThread "RadishQuartzScheduler_Worker-11" [_thread_blocked, id=17518, stack(0x00007ff8ddab9000,0x00007ff8ddbba000)]
  0x00007ff9590b9000 JavaThread "RadishQuartzScheduler_Worker-10" [_thread_blocked, id=17517, stack(0x00007ff8ddbba000,0x00007ff8ddcbb000)]
  0x00007ff959fc5000 JavaThread "RadishQuartzScheduler_Worker-9" [_thread_blocked, id=17516, stack(0x00007ff8ddcbb000,0x00007ff8dddbc000)]
  0x00007ff959fc3000 JavaThread "RadishQuartzScheduler_Worker-8" [_thread_blocked, id=17515, stack(0x00007ff8dddbc000,0x00007ff8ddebd000)]
  0x00007ff959fc1000 JavaThread "RadishQuartzScheduler_Worker-7" [_thread_blocked, id=17514, stack(0x00007ff8ddebd000,0x00007ff8ddfbe000)]
  0x00007ff959fbf000 JavaThread "RadishQuartzScheduler_Worker-6" [_thread_blocked, id=17513, stack(0x00007ff8ddfbe000,0x00007ff8de0bf000)]
  0x00007ff9599ac000 JavaThread "RadishQuartzScheduler_Worker-5" [_thread_blocked, id=17512, stack(0x00007ff8de0bf000,0x00007ff8de1c0000)]
  0x00007ff9599aa000 JavaThread "RadishQuartzScheduler_Worker-4" [_thread_blocked, id=17511, stack(0x00007ff8de1c0000,0x00007ff8de2c1000)]
  0x00007ff9599a8800 JavaThread "RadishQuartzScheduler_Worker-3" [_thread_blocked, id=17510, stack(0x00007ff8de2c1000,0x00007ff8de3c2000)]
  0x00007ff9599a7000 JavaThread "RadishQuartzScheduler_Worker-2" [_thread_blocked, id=17509, stack(0x00007ff8de3c2000,0x00007ff8de4c3000)]
  0x00007ff9599a5000 JavaThread "RadishQuartzScheduler_Worker-1" [_thread_blocked, id=17508, stack(0x00007ff8de4c3000,0x00007ff8de5c4000)]
  0x00007ff95a8ab800 JavaThread "Druid-ConnectionPool-Destroy-1616453147" daemon [_thread_blocked, id=17507, stack(0x00007ff91c07e000,0x00007ff91c17f000)]
  0x00007ff95a8ad800 JavaThread "Druid-ConnectionPool-Create-1616453147" daemon [_thread_blocked, id=17506, stack(0x00007ff9280f8000,0x00007ff9281f9000)]
  0x00007ff95a7d3000 JavaThread "Abandoned connection cleanup thread" daemon [_thread_blocked, id=17505, stack(0x00007ff9284de000,0x00007ff9285df000)]
  0x00007ff95a73c000 JavaThread "container-0" [_thread_blocked, id=17504, stack(0x00007ff93807c000,0x00007ff93817d000)]
  0x00007ff95a733800 JavaThread "ContainerBackgroundProcessor[StandardEngine[Tomcat]]" daemon [_thread_blocked, id=17503, stack(0x00007ff9386f5000,0x00007ff9387f6000)]
  0x00007ff958817800 JavaThread "Service Thread" daemon [_thread_blocked, id=17498, stack(0x00007ff938b22000,0x00007ff938c23000)]
  0x00007ff958828800 JavaThread "C1 CompilerThread3" daemon [_thread_blocked, id=17497, stack(0x00007ff938c24000,0x00007ff938d24000)]
  0x00007ff958826800 JavaThread "C2 CompilerThread2" daemon [_thread_blocked, id=17496, stack(0x00007ff938d25000,0x00007ff938e25000)]
  0x00007ff95877c800 JavaThread "C2 CompilerThread1" daemon [_thread_blocked, id=17495, stack(0x00007ff938e26000,0x00007ff938f26000)]
  0x00007ff95877f000 JavaThread "C2 CompilerThread0" daemon [_thread_blocked, id=17494, stack(0x00007ff938f27000,0x00007ff939027000)]
  0x00007ff958221800 JavaThread "JDWP Event Helper Thread" daemon [_thread_blocked, id=17483, stack(0x00007ff9394db000,0x00007ff9395dc000)]
  0x00007ff95821e000 JavaThread "JDWP Transport Listener: dt_socket" daemon [_thread_in_native, id=17481, stack(0x00007ff9395dc000,0x00007ff9396dd000)]
=>0x00007ff95820f000 JavaThread "Signal Dispatcher" daemon [_thread_in_native, id=17479, stack(0x00007ff9398e1000,0x00007ff9399e2000)]
  0x00007ff9581dd000 JavaThread "Finalizer" daemon [_thread_blocked, id=17478, stack(0x00007ff9399e2000,0x00007ff939ae3000)]
  0x00007ff9581da800 JavaThread "Reference Handler" daemon [_thread_blocked, id=17477, stack(0x00007ff939ae3000,0x00007ff939be4000)]

Other Threads:
  0x00007ff9581d1000 VMThread [stack: 0x00007ff939be5000,0x00007ff939ce5000] [id=17476]
  0x00007ff95881a800 WatcherThread [stack: 0x00007ff938a22000,0x00007ff938b22000] [id=17499]

VM state:not at safepoint (normal execution)

VM Mutex/Monitor currently owned by a thread: None

Heap:
 PSYoungGen      total 391680K, used 229297K [0x000000076d100000, 0x0000000788c80000, 0x00000007c0000000)
  eden space 373248K, 61% used [0x000000076d100000,0x000000077b0ec5e0,0x0000000783d80000)
  from space 18432K, 0% used [0x0000000784f00000,0x0000000784f00000,0x0000000786100000)
  to   space 17920K, 0% used [0x0000000783d80000,0x0000000783d80000,0x0000000784f00000)
 ParOldGen       total 217088K, used 30342K [0x00000006c7200000, 0x00000006d4600000, 0x000000076d100000)
  object space 217088K, 13% used [0x00000006c7200000,0x00000006c8fa1aa8,0x00000006d4600000)
 Metaspace       used 62441K, capacity 64562K, committed 64896K, reserved 1105920K
  class space    used 7595K, capacity 7971K, committed 8064K, reserved 1048576K

Card table byte_map: [0x00007ff95c913000,0x00007ff95d0db000] byte_map_base: 0x00007ff9592da000

Marking Bits: (ParMarkBitMap*) 0x00007ff95f981de0
 Begin Bits: [0x00007ff91c390000, 0x00007ff9201c8000)
 End Bits:   [0x00007ff9201c8000, 0x00007ff924000000)

Polling page: 0x00007ff95fde5000

CodeCache: size=245760Kb used=10261Kb max_used=21251Kb free=235498Kb
 bounds [0x00007ff949000000, 0x00007ff94a520000, 0x00007ff958000000]
 total_blobs=4471 nmethods=3906 adapters=485
 compilation: enabled

Compilation events (10 events):
Event: 152.723 Thread 0x00007ff958828800 6342       3       java.lang.Double::doubleValue (5 bytes)
Event: 152.723 Thread 0x00007ff958828800 nmethod 6342 0x00007ff949c93410 code [0x00007ff949c93560, 0x00007ff949c936b0]
Event: 160.726 Thread 0x00007ff958828800 6343   !   3       com.jprofiler.agent.probe.ProbeHandler::doSampling (153 bytes)
Event: 160.726 Thread 0x00007ff958828800 nmethod 6343 0x00007ff9492bbb90 code [0x00007ff9492bbda0, 0x00007ff9492bc808]
Event: 161.737 Thread 0x00007ff958828800 6344       3       sun.nio.ch.SelectorImpl::keys (28 bytes)
Event: 161.738 Thread 0x00007ff958828800 nmethod 6344 0x00007ff949a42210 code [0x00007ff949a423c0, 0x00007ff949a42878]
Event: 164.522 Thread 0x00007ff958828800 6345       3       org.apache.catalina.util.LifecycleBase::fireLifecycleEvent (56 bytes)
Event: 164.523 Thread 0x00007ff958828800 nmethod 6345 0x00007ff94931e810 code [0x00007ff94931ea20, 0x00007ff94931f518]
Event: 164.523 Thread 0x00007ff958828800 6346       3       org.apache.catalina.LifecycleEvent::<init> (16 bytes)
Event: 164.523 Thread 0x00007ff958828800 nmethod 6346 0x00007ff9494c5b90 code [0x00007ff9494c5d40, 0x00007ff9494c6298]

GC Heap History (10 events):
Event: 3.596 GC heap before
{Heap before GC invocations=9 (full 2):
 PSYoungGen      total 217088K, used 9071K [0x000000076d100000, 0x0000000782600000, 0x00000007c0000000)
  eden space 206336K, 0% used [0x000000076d100000,0x000000076d100000,0x0000000779a80000)
  from space 10752K, 84% used [0x0000000779a80000,0x000000077a35bd68,0x000000077a500000)
  to   space 11264K, 0% used [0x0000000781b00000,0x0000000781b00000,0x0000000782600000)
 ParOldGen       total 94208K, used 7684K [0x00000006c7200000, 0x00000006cce00000, 0x000000076d100000)
  object space 94208K, 8% used [0x00000006c7200000,0x00000006c79812a8,0x00000006cce00000)
 Metaspace       used 34418K, capacity 35366K, committed 35496K, reserved 1081344K
  class space    used 4331K, capacity 4569K, committed 4608K, reserved 1048576K
Event: 3.652 GC heap after
Heap after GC invocations=9 (full 2):
 PSYoungGen      total 217088K, used 0K [0x000000076d100000, 0x0000000782600000, 0x00000007c0000000)
  eden space 206336K, 0% used [0x000000076d100000,0x000000076d100000,0x0000000779a80000)
  from space 10752K, 0% used [0x0000000779a80000,0x0000000779a80000,0x000000077a500000)
  to   space 11264K, 0% used [0x0000000781b00000,0x0000000781b00000,0x0000000782600000)
 ParOldGen       total 147968K, used 13514K [0x00000006c7200000, 0x00000006d0280000, 0x000000076d100000)
  object space 147968K, 9% used [0x00000006c7200000,0x00000006c7f32bd8,0x00000006d0280000)
 Metaspace       used 34416K, capacity 35360K, committed 35496K, reserved 1081344K
  class space    used 4330K, capacity 4568K, committed 4608K, reserved 1048576K
}
Event: 5.177 GC heap before
{Heap before GC invocations=10 (full 2):
 PSYoungGen      total 217088K, used 206336K [0x000000076d100000, 0x0000000782600000, 0x00000007c0000000)
  eden space 206336K, 100% used [0x000000076d100000,0x0000000779a80000,0x0000000779a80000)
  from space 10752K, 0% used [0x0000000779a80000,0x0000000779a80000,0x000000077a500000)
  to   space 11264K, 0% used [0x0000000781b00000,0x0000000781b00000,0x0000000782600000)
 ParOldGen       total 147968K, used 13514K [0x00000006c7200000, 0x00000006d0280000, 0x000000076d100000)
  object space 147968K, 9% used [0x00000006c7200000,0x00000006c7f32bd8,0x00000006d0280000)
 Metaspace       used 43963K, capacity 45360K, committed 45568K, reserved 1089536K
  class space    used 5334K, capacity 5596K, committed 5632K, reserved 1048576K
Event: 5.190 GC heap after
Heap after GC invocations=10 (full 2):
 PSYoungGen      total 308736K, used 11250K [0x000000076d100000, 0x0000000782600000, 0x00000007c0000000)
  eden space 297472K, 0% used [0x000000076d100000,0x000000076d100000,0x000000077f380000)
  from space 11264K, 99% used [0x0000000781b00000,0x00000007825fc8d0,0x0000000782600000)
  to   space 13824K, 0% used [0x0000000780b00000,0x0000000780b00000,0x0000000781880000)
 ParOldGen       total 147968K, used 16734K [0x00000006c7200000, 0x00000006d0280000, 0x000000076d100000)
  object space 147968K, 11% used [0x00000006c7200000,0x00000006c8257b70,0x00000006d0280000)
 Metaspace       used 43963K, capacity 45360K, committed 45568K, reserved 1089536K
  class space    used 5334K, capacity 5596K, committed 5632K, reserved 1048576K
}
Event: 6.757 GC heap before
{Heap before GC invocations=11 (full 2):
 PSYoungGen      total 308736K, used 308722K [0x000000076d100000, 0x0000000782600000, 0x00000007c0000000)
  eden space 297472K, 100% used [0x000000076d100000,0x000000077f380000,0x000000077f380000)
  from space 11264K, 99% used [0x0000000781b00000,0x00000007825fc8d0,0x0000000782600000)
  to   space 13824K, 0% used [0x0000000780b00000,0x0000000780b00000,0x0000000781880000)
 ParOldGen       total 147968K, used 16734K [0x00000006c7200000, 0x00000006d0280000, 0x000000076d100000)
  object space 147968K, 11% used [0x00000006c7200000,0x00000006c8257b70,0x00000006d0280000)
 Metaspace       used 54557K, capacity 56250K, committed 56576K, reserved 1099776K
  class space    used 6706K, capacity 7051K, committed 7168K, reserved 1048576K
Event: 6.774 GC heap after
Heap after GC invocations=11 (full 2):
 PSYoungGen      total 335360K, used 13814K [0x000000076d100000, 0x0000000786100000, 0x00000007c0000000)
  eden space 321536K, 0% used [0x000000076d100000,0x000000076d100000,0x0000000780b00000)
  from space 13824K, 99% used [0x0000000780b00000,0x000000078187d810,0x0000000781880000)
  to   space 18432K, 0% used [0x0000000784f00000,0x0000000784f00000,0x0000000786100000)
 ParOldGen       total 147968K, used 24728K [0x00000006c7200000, 0x00000006d0280000, 0x000000076d100000)
  object space 147968K, 16% used [0x00000006c7200000,0x00000006c8a26000,0x00000006d0280000)
 Metaspace       used 54557K, capacity 56250K, committed 56576K, reserved 1099776K
  class space    used 6706K, capacity 7051K, committed 7168K, reserved 1048576K
}
Event: 7.319 GC heap before
{Heap before GC invocations=12 (full 2):
 PSYoungGen      total 335360K, used 120654K [0x000000076d100000, 0x0000000786100000, 0x00000007c0000000)
  eden space 321536K, 33% used [0x000000076d100000,0x0000000773956198,0x0000000780b00000)
  from space 13824K, 99% used [0x0000000780b00000,0x000000078187d810,0x0000000781880000)
  to   space 18432K, 0% used [0x0000000784f00000,0x0000000784f00000,0x0000000786100000)
 ParOldGen       total 147968K, used 24728K [0x00000006c7200000, 0x00000006d0280000, 0x000000076d100000)
  object space 147968K, 16% used [0x00000006c7200000,0x00000006c8a26000,0x00000006d0280000)
 Metaspace       used 57192K, capacity 59136K, committed 59136K, reserved 1101824K
  class space    used 7087K, capacity 7424K, committed 7424K, reserved 1048576K
Event: 7.341 GC heap after
Heap after GC invocations=12 (full 2):
 PSYoungGen      total 391680K, used 10504K [0x000000076d100000, 0x0000000788c80000, 0x00000007c0000000)
  eden space 373248K, 0% used [0x000000076d100000,0x000000076d100000,0x0000000783d80000)
  from space 18432K, 56% used [0x0000000784f00000,0x0000000785942370,0x0000000786100000)
  to   space 17920K, 0% used [0x0000000783d80000,0x0000000783d80000,0x0000000784f00000)
 ParOldGen       total 147968K, used 32781K [0x00000006c7200000, 0x00000006d0280000, 0x000000076d100000)
  object space 147968K, 22% used [0x00000006c7200000,0x00000006c9203608,0x00000006d0280000)
 Metaspace       used 57192K, capacity 59136K, committed 59136K, reserved 1101824K
  class space    used 7087K, capacity 7424K, committed 7424K, reserved 1048576K
}
Event: 7.341 GC heap before
{Heap before GC invocations=13 (full 3):
 PSYoungGen      total 391680K, used 10504K [0x000000076d100000, 0x0000000788c80000, 0x00000007c0000000)
  eden space 373248K, 0% used [0x000000076d100000,0x000000076d100000,0x0000000783d80000)
  from space 18432K, 56% used [0x0000000784f00000,0x0000000785942370,0x0000000786100000)
  to   space 17920K, 0% used [0x0000000783d80000,0x0000000783d80000,0x0000000784f00000)
 ParOldGen       total 147968K, used 32781K [0x00000006c7200000, 0x00000006d0280000, 0x000000076d100000)
  object space 147968K, 22% used [0x00000006c7200000,0x00000006c9203608,0x00000006d0280000)
 Metaspace       used 57192K, capacity 59136K, committed 59136K, reserved 1101824K
  class space    used 7087K, capacity 7424K, committed 7424K, reserved 1048576K
Event: 7.503 GC heap after
Heap after GC invocations=13 (full 3):
 PSYoungGen      total 391680K, used 0K [0x000000076d100000, 0x0000000788c80000, 0x00000007c0000000)
  eden space 373248K, 0% used [0x000000076d100000,0x000000076d100000,0x0000000783d80000)
  from space 18432K, 0% used [0x0000000784f00000,0x0000000784f00000,0x0000000786100000)
  to   space 17920K, 0% used [0x0000000783d80000,0x0000000783d80000,0x0000000784f00000)
 ParOldGen       total 217088K, used 30342K [0x00000006c7200000, 0x00000006d4600000, 0x000000076d100000)
  object space 217088K, 13% used [0x00000006c7200000,0x00000006c8fa1aa8,0x00000006d4600000)
 Metaspace       used 57192K, capacity 59136K, committed 59136K, reserved 1101824K
  class space    used 7087K, capacity 7424K, committed 7424K, reserved 1048576K
}

Deoptimization events (10 events):
Event: 110.213 Thread 0x00007ff958b3a800 Uncommon trap: reason=unstable_if action=reinterpret pc=0x00007ff949241990 method=com.jprofiler.agent.AllocationCallee.__ejt_alloc(Ljava/lang/Object;)V @ 3
Event: 110.215 Thread 0x00007ff958b3a800 Uncommon trap: reason=unstable_if action=reinterpret pc=0x00007ff9494d5748 method=com.jprofiler.agent.AllocationCallee.__ejt_alloc(Ljava/lang/Object;)V @ 3
Event: 110.215 Thread 0x00007ff958b3a800 Uncommon trap: reason=unstable_if action=reinterpret pc=0x00007ff949199af0 method=com.jprofiler.agent.AllocationCallee.__ejt_alloc(Ljava/lang/Object;)V @ 3
Event: 110.216 Thread 0x00007ff840006800 Uncommon trap: reason=unstable_if action=reinterpret pc=0x00007ff949ae3d78 method=com.jprofiler.agent.AllocationCallee.__ejt_alloc(Ljava/lang/Object;)V @ 3
Event: 110.216 Thread 0x00007ff840010000 Uncommon trap: reason=unstable_if action=reinterpret pc=0x00007ff949255ccc method=com.jprofiler.agent.AllocationCallee.__ejt_alloc(Ljava/lang/Object;)V @ 3
Event: 110.216 Thread 0x00007ff840011000 Uncommon trap: reason=unstable_if action=reinterpret pc=0x00007ff949255ccc method=com.jprofiler.agent.AllocationCallee.__ejt_alloc(Ljava/lang/Object;)V @ 3
Event: 110.216 Thread 0x00007ff958b3f000 Uncommon trap: reason=unstable_if action=reinterpret pc=0x00007ff9493b8c48 method=com.jprofiler.agent.AllocationCallee.__ejt_alloc(Ljava/lang/Object;)V @ 3
Event: 110.216 Thread 0x00007ff84000a000 Uncommon trap: reason=unstable_if action=reinterpret pc=0x00007ff949ae3d78 method=com.jprofiler.agent.AllocationCallee.__ejt_alloc(Ljava/lang/Object;)V @ 3
Event: 166.586 Thread 0x00007ff95820f000 Uncommon trap: reason=bimorphic action=maybe_recompile pc=0x00007ff9495ce7bc method=java.util.Hashtable.get(Ljava/lang/Object;)Ljava/lang/Object; @ 45
Event: 166.586 Thread 0x00007ff95820f000 Uncommon trap: reason=bimorphic action=maybe_recompile pc=0x00007ff9495ce7bc method=java.util.Hashtable.get(Ljava/lang/Object;)Ljava/lang/Object; @ 45

Classes redefined (10 events):
Event: 47.904 Thread 0x00007ff9581d1000 redefined class name=java.net.Socket, count=2
Event: 47.916 Thread 0x00007ff9581d1000 redefined class name=javax.management.MBeanServerBuilder, count=2
Event: 47.930 Thread 0x00007ff9581d1000 redefined class name=sun.nio.ch.FileChannelImpl, count=2
Event: 47.942 Thread 0x00007ff9581d1000 redefined class name=java.lang.management.ManagementFactory, count=2
Event: 47.954 Thread 0x00007ff9581d1000 redefined class name=java.util.concurrent.locks.LockSupport, count=3
Event: 47.967 Thread 0x00007ff9581d1000 redefined class name=javax.naming.InitialContext, count=2
Event: 47.980 Thread 0x00007ff9581d1000 redefined class name=java.nio.Bits, count=2
Event: 47.992 Thread 0x00007ff9581d1000 redefined class name=java.io.FileOutputStream, count=2
Event: 48.004 Thread 0x00007ff9581d1000 redefined class name=java.io.FileInputStream, count=2
Event: 48.017 Thread 0x00007ff9581d1000 redefined class name=java.lang.Thread, count=3

Internal exceptions (10 events):
Event: 29.120 Thread 0x00007ff90c001000 Exception <a 'java/lang/ClassNotFoundException': com/jprofiler/agent/callee/PM5Callee> (0x00000007783d78e8) thrown at [/HUDSON/workspace/8-2-build-linux-amd64/jdk8u172/10810/hotspot/src/share/vm/classfile/systemDictionary.cpp, line 210]
Event: 29.134 Thread 0x00007ff90c001000 Exception <a 'java/lang/ClassNotFoundException': java/util/concurrent/FutureTask$Sync> (0x00000007784fa7e0) thrown at [/HUDSON/workspace/8-2-build-linux-amd64/jdk8u172/10810/hotspot/src/share/vm/classfile/systemDictionary.cpp, line 210]
Event: 33.399 Thread 0x00007ff958b3a800 Exception <a 'java/net/ConnectException'> (0x0000000771751628) thrown at [/HUDSON/workspace/8-2-build-linux-amd64/jdk8u172/10810/hotspot/src/share/vm/prims/jni.cpp, line 709]
Event: 33.402 Thread 0x00007ff84c002000 Exception <a 'java/net/SocketException'> (0x0000000778ee7278) thrown at [/HUDSON/workspace/8-2-build-linux-amd64/jdk8u172/10810/hotspot/src/share/vm/prims/jni.cpp, line 709]
Event: 46.013 Thread 0x00007ff8b8063800 Exception <a 'java/lang/InterruptedException': sleep interrupted> (0x00000007793c3328) thrown at [/HUDSON/workspace/8-2-build-linux-amd64/jdk8u172/10810/hotspot/src/share/vm/prims/jvm.cpp, line 3225]
Event: 59.011 Thread 0x00007ff958b3a800 Exception <a 'java/net/ConnectException'> (0x000000077175b470) thrown at [/HUDSON/workspace/8-2-build-linux-amd64/jdk8u172/10810/hotspot/src/share/vm/prims/jni.cpp, line 709]
Event: 59.016 Thread 0x00007ff84c002000 Exception <a 'java/net/SocketException'> (0x000000077a257e80) thrown at [/HUDSON/workspace/8-2-build-linux-amd64/jdk8u172/10810/hotspot/src/share/vm/prims/jni.cpp, line 709]
Event: 68.331 Thread 0x00007ff88d596000 Exception <a 'java/security/PrivilegedActionException'> (0x00000007798b11c8) thrown at [/HUDSON/workspace/8-2-build-linux-amd64/jdk8u172/10810/hotspot/src/share/vm/prims/jvm.cpp, line 1435]
Event: 110.214 Thread 0x00007ff958b3a800 Exception <a 'java/net/ConnectException'> (0x0000000771765348) thrown at [/HUDSON/workspace/8-2-build-linux-amd64/jdk8u172/10810/hotspot/src/share/vm/prims/jni.cpp, line 709]
Event: 110.217 Thread 0x00007ff84c002000 Exception <a 'java/net/SocketException'> (0x000000077ac10518) thrown at [/HUDSON/workspace/8-2-build-linux-amd64/jdk8u172/10810/hotspot/src/share/vm/prims/jni.cpp, line 709]

Events (10 events):
Event: 166.585 Thread 0x00007ff900001000 Thread exited: 0x00007ff900001000
Event: 166.586 Thread 0x00007ff95820f000 Uncommon trap: trap_request=0xffffffc6 fr.pc=0x00007ff9495ce7bc
Event: 166.586 Thread 0x00007ff95820f000 DEOPT PACKING pc=0x00007ff9495ce7bc sp=0x00007ff9399e0760
Event: 166.586 Thread 0x00007ff95820f000 DEOPT UNPACKING pc=0x00007ff94904573a sp=0x00007ff9399e0720 mode 2
Event: 166.586 Thread 0x00007ff95820f000 Uncommon trap: trap_request=0xffffffc6 fr.pc=0x00007ff9495ce7bc
Event: 166.586 Thread 0x00007ff95820f000 DEOPT PACKING pc=0x00007ff9495ce7bc sp=0x00007ff9399e0760
Event: 166.586 Thread 0x00007ff95820f000 DEOPT UNPACKING pc=0x00007ff94904573a sp=0x00007ff9399e0720 mode 2
Event: 166.586 loading class sun/misc/Signal$1
Event: 166.586 Executing VM operation: GetThreadListStackTraces
Event: 166.587 Executing VM operation: GetThreadListStackTraces done


Dynamic libraries:
00400000-00401000 r-xp 00000000 08:12 3676775                            /usr/local/java/jdk1.8.0_172/bin/java
00600000-00601000 rw-p 00000000 08:12 3676775                            /usr/local/java/jdk1.8.0_172/bin/java
014d4000-014f5000 rw-p 00000000 00:00 0                                  [heap]
6c7200000-6d4600000 rw-p 00000000 00:00 0 
6d4600000-76d100000 ---p 00000000 00:00 0 
76d100000-788c80000 rw-p 00000000 00:00 0 
788c80000-7c0000000 ---p 00000000 00:00 0 
7c0000000-7c07e0000 rw-p 00000000 00:00 0 
7c07e0000-800000000 ---p 00000000 00:00 0 
7ff838000000-7ff838021000 rw-p 00000000 00:00 0 
7ff838021000-7ff83c000000 ---p 00000000 00:00 0 
7ff83c000000-7ff83c021000 rw-p 00000000 00:00 0 
7ff83c021000-7ff840000000 ---p 00000000 00:00 0 
7ff840000000-7ff840021000 rw-p 00000000 00:00 0 
7ff840021000-7ff844000000 ---p 00000000 00:00 0 
7ff84600b000-7ff84600c000 ---p 00000000 00:00 0 
7ff84600c000-7ff84680c000 rw-p 00000000 00:00 0 
7ff84680c000-7ff84680f000 ---p 00000000 00:00 0 
7ff84680f000-7ff84690d000 rw-p 00000000 00:00 0 
7ff84690d000-7ff846910000 ---p 00000000 00:00 0 
7ff846910000-7ff846b8e000 rw-p 00000000 00:00 0 
7ff846b8e000-7ff846c0e000 ---p 00000000 00:00 0 
7ff846c0e000-7ff846c11000 ---p 00000000 00:00 0 
7ff846c11000-7ff846d0f000 rw-p 00000000 00:00 0 
7ff846d0f000-7ff846d12000 ---p 00000000 00:00 0 
7ff846d12000-7ff847010000 rw-p 00000000 00:00 0 
7ff847010000-7ff847099000 r--p 00000000 08:12 3551746                    /usr/lib/libstdc++.so.6.0.25
7ff847099000-7ff847151000 r-xp 00089000 08:12 3551746                    /usr/lib/libstdc++.so.6.0.25
7ff847151000-7ff84718e000 r--p 00141000 08:12 3551746                    /usr/lib/libstdc++.so.6.0.25
7ff84718e000-7ff84718f000 ---p 0017e000 08:12 3551746                    /usr/lib/libstdc++.so.6.0.25
7ff84718f000-7ff84719b000 r--p 0017e000 08:12 3551746                    /usr/lib/libstdc++.so.6.0.25
7ff84719b000-7ff84719c000 rw-p 0018a000 08:12 3551746                    /usr/lib/libstdc++.so.6.0.25
7ff84719c000-7ff84719f000 rw-p 00000000 00:00 0 
7ff84719f000-7ff84737b000 r-xp 00000000 08:12 4597242                    /opt/jprofiler11.0/bin/linux-x64/libjprofilerti.so
7ff84737b000-7ff84747b000 ---p 001dc000 08:12 4597242                    /opt/jprofiler11.0/bin/linux-x64/libjprofilerti.so
7ff84747b000-7ff847488000 rw-p 001dc000 08:12 4597242                    /opt/jprofiler11.0/bin/linux-x64/libjprofilerti.so
7ff847488000-7ff8474f5000 rw-p 00000000 00:00 0 
7ff8474f5000-7ff8474f8000 ---p 00000000 00:00 0 
7ff8474f8000-7ff8475f6000 rw-p 00000000 00:00 0 
7ff8475f6000-7ff8475f9000 ---p 00000000 00:00 0 
7ff8475f9000-7ff8476f7000 rw-p 00000000 00:00 0 
7ff8476f7000-7ff8476fa000 ---p 00000000 00:00 0 
7ff8476fa000-7ff8477f8000 rw-p 00000000 00:00 0 
7ff8477f8000-7ff8477fb000 ---p 00000000 00:00 0 
7ff8477fb000-7ff8478f9000 rw-p 00000000 00:00 0 
7ff8478f9000-7ff8478fc000 ---p 00000000 00:00 0 
7ff8478fc000-7ff8479fa000 rw-p 00000000 00:00 0 
7ff8479fa000-7ff8479fd000 ---p 00000000 00:00 0 
7ff8479fd000-7ff847afb000 rw-p 00000000 00:00 0 
7ff847afb000-7ff847afe000 ---p 00000000 00:00 0 
7ff847afe000-7ff847bfc000 rw-p 00000000 00:00 0 
7ff847bfc000-7ff847bff000 ---p 00000000 00:00 0 
7ff847bff000-7ff847cfd000 rw-p 00000000 00:00 0 
7ff847cfd000-7ff847d00000 ---p 00000000 00:00 0 
7ff847d00000-7ff847dfe000 rw-p 00000000 00:00 0 
7ff847dfe000-7ff847e01000 ---p 00000000 00:00 0 
7ff847e01000-7ff847eff000 rw-p 00000000 00:00 0 
7ff847eff000-7ff847f02000 ---p 00000000 00:00 0 
7ff847f02000-7ff848000000 rw-p 00000000 00:00 0 
7ff848000000-7ff848021000 rw-p 00000000 00:00 0 
7ff848021000-7ff84c000000 ---p 00000000 00:00 0 
7ff84c000000-7ff84c021000 rw-p 00000000 00:00 0 
7ff84c021000-7ff850000000 ---p 00000000 00:00 0 
7ff850000000-7ff850021000 rw-p 00000000 00:00 0 
7ff850021000-7ff854000000 ---p 00000000 00:00 0 
7ff854000000-7ff854021000 rw-p 00000000 00:00 0 
7ff854021000-7ff858000000 ---p 00000000 00:00 0 
7ff858000000-7ff858021000 rw-p 00000000 00:00 0 
7ff858021000-7ff85c000000 ---p 00000000 00:00 0 
7ff85c000000-7ff85c021000 rw-p 00000000 00:00 0 
7ff85c021000-7ff860000000 ---p 00000000 00:00 0 
7ff860000000-7ff860021000 rw-p 00000000 00:00 0 
7ff860021000-7ff864000000 ---p 00000000 00:00 0 
7ff864000000-7ff864021000 rw-p 00000000 00:00 0 
7ff864021000-7ff868000000 ---p 00000000 00:00 0 
7ff868000000-7ff868021000 rw-p 00000000 00:00 0 
7ff868021000-7ff86c000000 ---p 00000000 00:00 0 
7ff86c000000-7ff86c021000 rw-p 00000000 00:00 0 
7ff86c021000-7ff870000000 ---p 00000000 00:00 0 
7ff870000000-7ff870021000 rw-p 00000000 00:00 0 
7ff870021000-7ff874000000 ---p 00000000 00:00 0 
7ff874000000-7ff874021000 rw-p 00000000 00:00 0 
7ff874021000-7ff878000000 ---p 00000000 00:00 0 
7ff878000000-7ff878021000 rw-p 00000000 00:00 0 
7ff878021000-7ff87c000000 ---p 00000000 00:00 0 
7ff87c000000-7ff87c021000 rw-p 00000000 00:00 0 
7ff87c021000-7ff880000000 ---p 00000000 00:00 0 
7ff880000000-7ff880077000 rw-p 00000000 00:00 0 
7ff880077000-7ff884000000 ---p 00000000 00:00 0 
7ff884000000-7ff884021000 rw-p 00000000 00:00 0 
7ff884021000-7ff888000000 ---p 00000000 00:00 0 
7ff888000000-7ff888021000 rw-p 00000000 00:00 0 
7ff888021000-7ff88c000000 ---p 00000000 00:00 0 
7ff88c000000-7ff88d68f000 rw-p 00000000 00:00 0 
7ff88d68f000-7ff890000000 ---p 00000000 00:00 0 
7ff890000000-7ff890021000 rw-p 00000000 00:00 0 
7ff890021000-7ff894000000 ---p 00000000 00:00 0 
7ff894000000-7ff894021000 rw-p 00000000 00:00 0 
7ff894021000-7ff898000000 ---p 00000000 00:00 0 
7ff898000000-7ff898021000 rw-p 00000000 00:00 0 
7ff898021000-7ff89c000000 ---p 00000000 00:00 0 
7ff89c000000-7ff89c021000 rw-p 00000000 00:00 0 
7ff89c021000-7ff8a0000000 ---p 00000000 00:00 0 
7ff8a0000000-7ff8a0021000 rw-p 00000000 00:00 0 
7ff8a0021000-7ff8a4000000 ---p 00000000 00:00 0 
7ff8a4000000-7ff8a4021000 rw-p 00000000 00:00 0 
7ff8a4021000-7ff8a8000000 ---p 00000000 00:00 0 
7ff8a8000000-7ff8a8021000 rw-p 00000000 00:00 0 
7ff8a8021000-7ff8ac000000 ---p 00000000 00:00 0 
7ff8ac000000-7ff8ac021000 rw-p 00000000 00:00 0 
7ff8ac021000-7ff8b0000000 ---p 00000000 00:00 0 
7ff8b0000000-7ff8b0021000 rw-p 00000000 00:00 0 
7ff8b0021000-7ff8b4000000 ---p 00000000 00:00 0 
7ff8b4000000-7ff8b4021000 rw-p 00000000 00:00 0 
7ff8b4021000-7ff8b8000000 ---p 00000000 00:00 0 
7ff8b8000000-7ff8b84a7000 rw-p 00000000 00:00 0 
7ff8b84a7000-7ff8bc000000 ---p 00000000 00:00 0 
7ff8bc000000-7ff8bc021000 rw-p 00000000 00:00 0 
7ff8bc021000-7ff8c0000000 ---p 00000000 00:00 0 
7ff8c0000000-7ff8c0021000 rw-p 00000000 00:00 0 
7ff8c0021000-7ff8c4000000 ---p 00000000 00:00 0 
7ff8c4000000-7ff8c4021000 rw-p 00000000 00:00 0 
7ff8c4021000-7ff8c8000000 ---p 00000000 00:00 0 
7ff8c8000000-7ff8c8021000 rw-p 00000000 00:00 0 
7ff8c8021000-7ff8cc000000 ---p 00000000 00:00 0 
7ff8cc000000-7ff8cc021000 rw-p 00000000 00:00 0 
7ff8cc021000-7ff8d0000000 ---p 00000000 00:00 0 
7ff8d0000000-7ff8d0294000 rw-p 00000000 00:00 0 
7ff8d0294000-7ff8d4000000 ---p 00000000 00:00 0 
7ff8d4000000-7ff8d4195000 rw-p 00000000 00:00 0 
7ff8d4195000-7ff8d8000000 ---p 00000000 00:00 0 
7ff8d8000000-7ff8d8021000 rw-p 00000000 00:00 0 
7ff8d8021000-7ff8dc000000 ---p 00000000 00:00 0 
7ff8dc0a3000-7ff8dc0a6000 ---p 00000000 00:00 0 
7ff8dc0a6000-7ff8dc1a4000 rw-p 00000000 00:00 0 
7ff8dc1a4000-7ff8dc1a7000 ---p 00000000 00:00 0 
7ff8dc1a7000-7ff8dc2a5000 rw-p 00000000 00:00 0 
7ff8dc2a5000-7ff8dc2a8000 ---p 00000000 00:00 0 
7ff8dc2a8000-7ff8dc3a6000 rw-p 00000000 00:00 0 
7ff8dc3a6000-7ff8dc3a9000 ---p 00000000 00:00 0 
7ff8dc3a9000-7ff8dc4a7000 rw-p 00000000 00:00 0 
7ff8dc4a7000-7ff8dc4aa000 ---p 00000000 00:00 0 
7ff8dc4aa000-7ff8dc5a8000 rw-p 00000000 00:00 0 
7ff8dc5a8000-7ff8dc5ab000 ---p 00000000 00:00 0 
7ff8dc5ab000-7ff8dc6a9000 rw-p 00000000 00:00 0 
7ff8dc6a9000-7ff8dc6ac000 ---p 00000000 00:00 0 
7ff8dc6ac000-7ff8dc7aa000 rw-p 00000000 00:00 0 
7ff8dc7aa000-7ff8dc7ad000 ---p 00000000 00:00 0 
7ff8dc7ad000-7ff8dc8ab000 rw-p 00000000 00:00 0 
7ff8dc8ab000-7ff8dc8ae000 ---p 00000000 00:00 0 
7ff8dc8ae000-7ff8dc9ac000 rw-p 00000000 00:00 0 
7ff8dc9ac000-7ff8dc9af000 ---p 00000000 00:00 0 
7ff8dc9af000-7ff8dcaad000 rw-p 00000000 00:00 0 
7ff8dcaad000-7ff8dcab0000 ---p 00000000 00:00 0 
7ff8dcab0000-7ff8dcbae000 rw-p 00000000 00:00 0 
7ff8dcbae000-7ff8dcbb1000 ---p 00000000 00:00 0 
7ff8dcbb1000-7ff8dccaf000 rw-p 00000000 00:00 0 
7ff8dccaf000-7ff8dccb2000 ---p 00000000 00:00 0 
7ff8dccb2000-7ff8dcdb0000 rw-p 00000000 00:00 0 
7ff8dcdb0000-7ff8dcdb3000 ---p 00000000 00:00 0 
7ff8dcdb3000-7ff8dceb1000 rw-p 00000000 00:00 0 
7ff8dceb1000-7ff8dceb4000 ---p 00000000 00:00 0 
7ff8dceb4000-7ff8dcfb2000 rw-p 00000000 00:00 0 
7ff8dcfb2000-7ff8dcfb5000 ---p 00000000 00:00 0 
7ff8dcfb5000-7ff8dd0b3000 rw-p 00000000 00:00 0 
7ff8dd0b3000-7ff8dd0b6000 ---p 00000000 00:00 0 
7ff8dd0b6000-7ff8dd3b4000 rw-p 00000000 00:00 0 
7ff8dd3b4000-7ff8dd5b4000 rw-p 00000000 00:00 0 
7ff8dd5b4000-7ff8dd5b7000 ---p 00000000 00:00 0 
7ff8dd5b7000-7ff8dd6b5000 rw-p 00000000 00:00 0 
7ff8dd6b5000-7ff8dd6b8000 ---p 00000000 00:00 0 
7ff8dd6b8000-7ff8dd7b6000 rw-p 00000000 00:00 0 
7ff8dd7b6000-7ff8dd7b9000 ---p 00000000 00:00 0 
7ff8dd7b9000-7ff8dd8b7000 rw-p 00000000 00:00 0 
7ff8dd8b7000-7ff8dd8ba000 ---p 00000000 00:00 0 
7ff8dd8ba000-7ff8dd9b8000 rw-p 00000000 00:00 0 
7ff8dd9b8000-7ff8dd9bb000 ---p 00000000 00:00 0 
7ff8dd9bb000-7ff8ddab9000 rw-p 00000000 00:00 0 
7ff8ddab9000-7ff8ddabc000 ---p 00000000 00:00 0 
7ff8ddabc000-7ff8ddbba000 rw-p 00000000 00:00 0 
7ff8ddbba000-7ff8ddbbd000 ---p 00000000 00:00 0 
7ff8ddbbd000-7ff8ddcbb000 rw-p 00000000 00:00 0 
7ff8ddcbb000-7ff8ddcbe000 ---p 00000000 00:00 0 
7ff8ddcbe000-7ff8dddbc000 rw-p 00000000 00:00 0 
7ff8dddbc000-7ff8dddbf000 ---p 00000000 00:00 0 
7ff8dddbf000-7ff8ddebd000 rw-p 00000000 00:00 0 
7ff8ddebd000-7ff8ddec0000 ---p 00000000 00:00 0 
7ff8ddec0000-7ff8ddfbe000 rw-p 00000000 00:00 0 
7ff8ddfbe000-7ff8ddfc1000 ---p 00000000 00:00 0 
7ff8ddfc1000-7ff8de0bf000 rw-p 00000000 00:00 0 
7ff8de0bf000-7ff8de0c2000 ---p 00000000 00:00 0 
7ff8de0c2000-7ff8de1c0000 rw-p 00000000 00:00 0 
7ff8de1c0000-7ff8de1c3000 ---p 00000000 00:00 0 
7ff8de1c3000-7ff8de2c1000 rw-p 00000000 00:00 0 
7ff8de2c1000-7ff8de2c4000 ---p 00000000 00:00 0 
7ff8de2c4000-7ff8de3c2000 rw-p 00000000 00:00 0 
7ff8de3c2000-7ff8de3c5000 ---p 00000000 00:00 0 
7ff8de3c5000-7ff8de4c3000 rw-p 00000000 00:00 0 
7ff8de4c3000-7ff8de4c6000 ---p 00000000 00:00 0 
7ff8de4c6000-7ff8de7c4000 rw-p 00000000 00:00 0 
7ff8de7c4000-7ff8de9c4000 rw-p 00000000 00:00 0 
7ff8de9c4000-7ff8debc4000 rw-p 00000000 00:00 0 
7ff8debc4000-7ff8dedc4000 rw-p 00000000 00:00 0 
7ff8dedc4000-7ff8defc4000 rw-p 00000000 00:00 0 
7ff8defed000-7ff8df1ed000 rw-p 00000000 00:00 0 
7ff8df1ed000-7ff8df3ed000 rw-p 00000000 00:00 0 
7ff8df3ed000-7ff8df5ed000 rw-p 00000000 00:00 0 
7ff8df600000-7ff8df800000 rw-p 00000000 00:00 0 
7ff8df800000-7ff8dfa00000 rw-p 00000000 00:00 0 
7ff8dfa00000-7ff8dfc00000 rw-p 00000000 00:00 0 
7ff8dfc00000-7ff8dfe00000 rw-p 00000000 00:00 0 
7ff8dfe00000-7ff8e0000000 rw-p 00000000 00:00 0 
7ff8e0000000-7ff8e0021000 rw-p 00000000 00:00 0 
7ff8e0021000-7ff8e4000000 ---p 00000000 00:00 0 
7ff8e4000000-7ff8e4b50000 rw-p 00000000 00:00 0 
7ff8e4b50000-7ff8e8000000 ---p 00000000 00:00 0 
7ff8e8000000-7ff8e9a9a000 rw-p 00000000 00:00 0 
7ff8e9a9a000-7ff8ec000000 ---p 00000000 00:00 0 
7ff8ec000000-7ff8ec021000 rw-p 00000000 00:00 0 
7ff8ec021000-7ff8f0000000 ---p 00000000 00:00 0 
7ff8f0000000-7ff8f2db0000 rw-p 00000000 00:00 0 
7ff8f2db0000-7ff8f4000000 ---p 00000000 00:00 0 
7ff8f4000000-7ff8f67e5000 rw-p 00000000 00:00 0 
7ff8f67e5000-7ff8f8000000 ---p 00000000 00:00 0 
7ff8f8000000-7ff8f8021000 rw-p 00000000 00:00 0 
7ff8f8021000-7ff8fc000000 ---p 00000000 00:00 0 
7ff8fc000000-7ff8fecdf000 rw-p 00000000 00:00 0 
7ff8fecdf000-7ff900000000 ---p 00000000 00:00 0 
7ff900000000-7ff900032000 rw-p 00000000 00:00 0 
7ff900032000-7ff904000000 ---p 00000000 00:00 0 
7ff904000000-7ff904021000 rw-p 00000000 00:00 0 
7ff904021000-7ff908000000 ---p 00000000 00:00 0 
7ff908000000-7ff908021000 rw-p 00000000 00:00 0 
7ff908021000-7ff90c000000 ---p 00000000 00:00 0 
7ff90c000000-7ff90c021000 rw-p 00000000 00:00 0 
7ff90c021000-7ff910000000 ---p 00000000 00:00 0 
7ff910000000-7ff911b4d000 rw-p 00000000 00:00 0 
7ff911b4d000-7ff914000000 ---p 00000000 00:00 0 
7ff914000000-7ff914021000 rw-p 00000000 00:00 0 
7ff914021000-7ff918000000 ---p 00000000 00:00 0 
7ff918000000-7ff918021000 rw-p 00000000 00:00 0 
7ff918021000-7ff91c000000 ---p 00000000 00:00 0 
7ff91c07e000-7ff91c081000 ---p 00000000 00:00 0 
7ff91c081000-7ff91c17f000 rw-p 00000000 00:00 0 
7ff91c17f000-7ff91c190000 r-xp 00000000 08:12 5018741                    /usr/local/java/jdk1.8.0_172/jre/lib/amd64/libnio.so
7ff91c190000-7ff91c38f000 ---p 00011000 08:12 5018741                    /usr/local/java/jdk1.8.0_172/jre/lib/amd64/libnio.so
7ff91c38f000-7ff91c390000 rw-p 00010000 08:12 5018741                    /usr/local/java/jdk1.8.0_172/jre/lib/amd64/libnio.so
7ff91c390000-7ff924000000 rw-p 00000000 00:00 0 
7ff924000000-7ff924021000 rw-p 00000000 00:00 0 
7ff924021000-7ff928000000 ---p 00000000 00:00 0 
7ff9280f8000-7ff9280fb000 ---p 00000000 00:00 0 
7ff9280fb000-7ff9283f9000 rw-p 00000000 00:00 0 
7ff9284de000-7ff9284e1000 ---p 00000000 00:00 0 
7ff9284e1000-7ff9287df000 rw-p 00000000 00:00 0 
7ff9287df000-7ff9289df000 rw-p 00000000 00:00 0 
7ff9289df000-7ff92b9e0000 rw-p 00000000 00:00 0 
7ff92b9e0000-7ff92b9f6000 r-xp 00000000 08:12 5018738                    /usr/local/java/jdk1.8.0_172/jre/lib/amd64/libnet.so
7ff92b9f6000-7ff92bbf6000 ---p 00016000 08:12 5018738                    /usr/local/java/jdk1.8.0_172/jre/lib/amd64/libnet.so
7ff92bbf6000-7ff92bbf7000 rw-p 00016000 08:12 5018738                    /usr/local/java/jdk1.8.0_172/jre/lib/amd64/libnet.so
7ff92bbf7000-7ff92bc00000 r-xp 00000000 08:12 5018746                    /usr/local/java/jdk1.8.0_172/jre/lib/amd64/libmanagement.so
7ff92bc00000-7ff92bdff000 ---p 00009000 08:12 5018746                    /usr/local/java/jdk1.8.0_172/jre/lib/amd64/libmanagement.so
7ff92bdff000-7ff92be00000 rw-p 00008000 08:12 5018746                    /usr/local/java/jdk1.8.0_172/jre/lib/amd64/libmanagement.so
7ff92be00000-7ff92c000000 rw-p 00000000 00:00 0 
7ff92c000000-7ff92c021000 rw-p 00000000 00:00 0 
7ff92c021000-7ff930000000 ---p 00000000 00:00 0 
7ff930000000-7ff930021000 rw-p 00000000 00:00 0 
7ff930021000-7ff934000000 ---p 00000000 00:00 0 
7ff934000000-7ff934021000 rw-p 00000000 00:00 0 
7ff934021000-7ff938000000 ---p 00000000 00:00 0 
7ff93807c000-7ff93807f000 ---p 00000000 00:00 0 
7ff93807f000-7ff93817d000 rw-p 00000000 00:00 0 
7ff93817d000-7ff938213000 r--s 0110d000 08:12 5018676                    /usr/local/java/jdk1.8.0_172/jre/lib/ext/jfxrt.jar
7ff938213000-7ff938413000 rw-p 00000000 00:00 0 
7ff9384a3000-7ff9384a6000 r--p 00000000 08:12 3543203                    /usr/lib/libgcc_s.so.1
7ff9384a6000-7ff9384b7000 r-xp 00003000 08:12 3543203                    /usr/lib/libgcc_s.so.1
7ff9384b7000-7ff9384ba000 r--p 00014000 08:12 3543203                    /usr/lib/libgcc_s.so.1
7ff9384ba000-7ff9384bb000 ---p 00017000 08:12 3543203                    /usr/lib/libgcc_s.so.1
7ff9384bb000-7ff9384bc000 r--p 00017000 08:12 3543203                    /usr/lib/libgcc_s.so.1
7ff9384bc000-7ff9384bd000 rw-p 00018000 08:12 3543203                    /usr/lib/libgcc_s.so.1
7ff9384da000-7ff9384db000 r--p 00000000 00:00 0 
7ff9384db000-7ff9384f0000 r--s 000fc000 08:12 4596451                    /opt/jprofiler11.0/bin/agent.jar
7ff9384f0000-7ff9384f5000 r--s 002f9000 08:12 5018664                    /usr/local/java/jdk1.8.0_172/jre/lib/charsets.jar
7ff9384f5000-7ff9386f5000 rw-p 00000000 00:00 0 
7ff9386f5000-7ff9386f8000 ---p 00000000 00:00 0 
7ff9386f8000-7ff9389f6000 rw-p 00000000 00:00 0 
7ff9389f6000-7ff938a00000 r--s 00116000 08:12 5018682                    /usr/local/java/jdk1.8.0_172/jre/lib/ext/localedata.jar
7ff938a00000-7ff938a21000 r--p 00000000 08:12 4099041                    /usr/share/locale/zh_CN/LC_MESSAGES/libc.mo
7ff938a21000-7ff938a22000 ---p 00000000 00:00 0 
7ff938a22000-7ff938b22000 rw-p 00000000 00:00 0 
7ff938b22000-7ff938b25000 ---p 00000000 00:00 0 
7ff938b25000-7ff938c23000 rw-p 00000000 00:00 0 
7ff938c23000-7ff938c24000 ---p 00000000 00:00 0 
7ff938c24000-7ff938c27000 ---p 00000000 00:00 0 
7ff938c27000-7ff938d24000 rw-p 00000000 00:00 0 
7ff938d24000-7ff938d25000 ---p 00000000 00:00 0 
7ff938d25000-7ff938d28000 ---p 00000000 00:00 0 
7ff938d28000-7ff938e25000 rw-p 00000000 00:00 0 
7ff938e25000-7ff938e26000 ---p 00000000 00:00 0 
7ff938e26000-7ff938e29000 ---p 00000000 00:00 0 
7ff938e29000-7ff938f26000 rw-p 00000000 00:00 0 
7ff938f26000-7ff938f27000 ---p 00000000 00:00 0 
7ff938f27000-7ff938f2a000 ---p 00000000 00:00 0 
7ff938f2a000-7ff939027000 rw-p 00000000 00:00 0 
7ff939027000-7ff93902a000 r--s 0001a000 08:12 5018754                    /usr/local/java/jdk1.8.0_172/jre/lib/jce.jar
7ff93902a000-7ff93902f000 r--s 0009d000 08:12 5018671                    /usr/local/java/jdk1.8.0_172/jre/lib/jsse.jar
7ff93902f000-7ff939032000 r--s 0001d000 08:01 7471105                    /run/media/suoyao/office/eclipse/configuration/org.eclipse.osgi/413/0/.cp/lib/javaagent-shaded.jar
7ff939032000-7ff939049000 r--s 00188000 08:02 8914862                    /run/media/suoyao/develop/.m2/org/projectlombok/lombok/1.18.4/lombok-1.18.4.jar
7ff939049000-7ff93905a000 r--s 0008c000 08:02 8521925                    /run/media/suoyao/develop/.m2/joda-time/joda-time/2.10/joda-time-2.10.jar
7ff93905a000-7ff93905b000 r--s 00000000 08:02 8782267                    /run/media/suoyao/develop/.m2/org/codehaus/mojo/animal-sniffer-annotations/1.14/animal-sniffer-annotations-1.14.jar
7ff93905b000-7ff93905d000 r--s 00001000 08:02 8782265                    /run/media/suoyao/develop/.m2/com/google/j2objc/j2objc-annotations/1.1/j2objc-annotations-1.1.jar
7ff93905d000-7ff93905e000 r--s 00002000 08:02 8782263                    /run/media/suoyao/develop/.m2/com/google/errorprone/error_prone_annotations/2.0.18/error_prone_annotations-2.0.18.jar
7ff93905e000-7ff939061000 r--s 00006000 08:02 8652790                    /run/media/suoyao/develop/.m2/com/google/code/findbugs/jsr305/1.3.9/jsr305-1.3.9.jar
7ff939061000-7ff939091000 r--s 0024f000 08:02 8782260                    /run/media/suoyao/develop/.m2/com/google/guava/guava/23.0/guava-23.0.jar
7ff939091000-7ff939098000 r--s 00064000 08:02 8389904                    /run/media/suoyao/develop/.m2/org/apache/commons/commons-lang3/3.4/commons-lang3-3.4.jar
7ff939098000-7ff93909a000 r--s 00009000 08:02 8913540                    /run/media/suoyao/develop/.m2/org/apache/httpcomponents/httpmime/4.5.6/httpmime-4.5.6.jar
7ff93909a000-7ff9390a7000 r--s 00083000 08:02 8520288                    /run/media/suoyao/develop/.m2/commons-collections/commons-collections/3.2.2/commons-collections-3.2.2.jar
7ff9390a7000-7ff9390a9000 r--s 0001b000 08:02 8784012                    /run/media/suoyao/develop/.m2/com/zaxxer/HikariCP-java6/2.3.13/HikariCP-java6-2.3.13.jar
7ff9390a9000-7ff9390b9000 r--s 00085000 08:02 8784006                    /run/media/suoyao/develop/.m2/com/mchange/mchange-commons-java/0.2.11/mchange-commons-java-0.2.11.jar
7ff9390b9000-7ff9390c0000 r--s 00073000 08:02 8784004                    /run/media/suoyao/develop/.m2/com/mchange/c3p0/0.9.5.2/c3p0-0.9.5.2.jar
7ff9390c0000-7ff9390ca000 r--s 0009f000 08:02 8783936                    /run/media/suoyao/develop/.m2/org/quartz-scheduler/quartz/2.3.0/quartz-2.3.0.jar
7ff9390ca000-7ff9390d4000 r--s 000ec000 08:02 8783015                    /run/media/suoyao/develop/.m2/mysql/mysql-connector-java/5.1.46/mysql-connector-java-5.1.46.jar
7ff9390d4000-7ff9390f8000 r--s 00113000 08:02 8914566                    /run/media/suoyao/develop/.m2/org/springframework/boot/spring-boot-autoconfigure/2.1.1.RELEASE/spring-boot-autoconfigure-2.1.1.RELEASE.jar
7ff9390f8000-7ff93911f000 r--s 0027b000 08:02 8913321                    /run/media/suoyao/develop/.m2/com/alibaba/druid/1.1.10/druid-1.1.10.jar
7ff93911f000-7ff939120000 r--s 00004000 08:02 8915383                    /run/media/suoyao/develop/.m2/com/alibaba/druid-spring-boot-starter/1.1.10/druid-spring-boot-starter-1.1.10.jar
7ff939120000-7ff939127000 r--s 0007d000 08:02 8521349                    /run/media/suoyao/develop/.m2/com/alibaba/fastjson/1.2.44/fastjson-1.2.44.jar
7ff939127000-7ff93912e000 r--s 00052000 08:02 8651289                    /run/media/suoyao/develop/.m2/com/github/jsqlparser/jsqlparser/1.0/jsqlparser-1.0.jar
7ff93912e000-7ff939130000 r--s 00012000 08:02 8913367                    /run/media/suoyao/develop/.m2/com/github/pagehelper/pagehelper/5.1.4/pagehelper-5.1.4.jar
7ff939130000-7ff939131000 r--s 00001000 08:02 8913365                    /run/media/suoyao/develop/.m2/com/github/pagehelper/pagehelper-spring-boot-autoconfigure/1.2.5/pagehelper-spring-boot-autoconfigure-1.2.5.jar
7ff939131000-7ff939133000 r--s 0000c000 08:02 8913272                    /run/media/suoyao/develop/.m2/org/mybatis/mybatis-spring/1.3.2/mybatis-spring-1.3.2.jar
7ff939133000-7ff93914d000 r--s 00173000 08:02 8653059                    /run/media/suoyao/develop/.m2/org/mybatis/mybatis/3.4.6/mybatis-3.4.6.jar
7ff93914d000-7ff93914e000 r--s 00003000 08:02 8913363                    /run/media/suoyao/develop/.m2/org/mybatis/spring/boot/mybatis-spring-boot-autoconfigure/1.3.2/mybatis-spring-boot-autoconfigure-1.3.2.jar
7ff93914e000-7ff939157000 r--s 0005a000 08:02 8914744                    /run/media/suoyao/develop/.m2/org/springframework/spring-jdbc/5.1.3.RELEASE/spring-jdbc-5.1.3.RELEASE.jar
7ff939157000-7ff93915b000 r--s 00020000 08:02 8914742                    /run/media/suoyao/develop/.m2/com/zaxxer/HikariCP/3.2.0/HikariCP-3.2.0.jar
7ff93915b000-7ff93915c000 r--s 00000000 08:02 8914740                    /run/media/suoyao/develop/.m2/org/springframework/boot/spring-boot-starter-jdbc/2.1.1.RELEASE/spring-boot-starter-jdbc-2.1.1.RELEASE.jar
7ff93915c000-7ff93915d000 r--s 00000000 08:02 8913361                    /run/media/suoyao/develop/.m2/org/mybatis/spring/boot/mybatis-spring-boot-starter/1.3.2/mybatis-spring-boot-starter-1.3.2.jar
7ff93915d000-7ff93915e000 r--s 00000000 08:02 8913359                    /run/media/suoyao/develop/.m2/com/github/pagehelper/pagehelper-spring-boot-starter/1.2.5/pagehelper-spring-boot-starter-1.2.5.jar
7ff93915e000-7ff939167000 r--s 0002d000 08:02 8651267                    /run/media/suoyao/develop/.m2/xml-apis/xml-apis/1.4.01/xml-apis-1.4.01.jar
7ff939167000-7ff939180000 r--s 00135000 08:02 8651217                    /run/media/suoyao/develop/.m2/xerces/xercesImpl/2.11.0/xercesImpl-2.11.0.jar
7ff939180000-7ff939182000 r--s 0001d000 08:02 8913388                    /run/media/suoyao/develop/.m2/net/sourceforge/nekohtml/nekohtml/1.9.22/nekohtml-1.9.22.jar
7ff939182000-7ff93919b000 r--s 001de000 08:02 8915522                    /run/media/suoyao/develop/.m2/org/aspectj/aspectjweaver/1.9.2/aspectjweaver-1.9.2.jar
7ff93919b000-7ff939231000 r--s 00ca1000 08:02 8915520                    /run/media/suoyao/develop/.m2/org/aspectj/aspectjtools/1.9.2/aspectjtools-1.9.2.jar
7ff939231000-7ff939235000 r--s 0001a000 08:02 8915518                    /run/media/suoyao/develop/.m2/org/aspectj/aspectjrt/1.9.2/aspectjrt-1.9.2.jar
7ff939235000-7ff939236000 r--s 00005000 08:02 8914576                    /run/media/suoyao/develop/.m2/org/springframework/spring-jcl/5.1.3.RELEASE/spring-jcl-5.1.3.RELEASE.jar
7ff939236000-7ff93924e000 r--s 00123000 08:02 8914574                    /run/media/suoyao/develop/.m2/org/springframework/spring-core/5.1.3.RELEASE/spring-core-5.1.3.RELEASE.jar
7ff93924e000-7ff939268000 r--s 000f3000 08:02 8914600                    /run/media/suoyao/develop/.m2/org/springframework/spring-context/5.1.3.RELEASE/spring-context-5.1.3.RELEASE.jar
7ff939268000-7ff939274000 r--s 00098000 08:02 8914594                    /run/media/suoyao/develop/.m2/org/springframework/spring-beans/5.1.3.RELEASE/spring-beans-5.1.3.RELEASE.jar
7ff939274000-7ff939279000 r--s 00028000 08:02 8914774                    /run/media/suoyao/develop/.m2/org/springframework/spring-context-support/5.1.3.RELEASE/spring-context-support-5.1.3.RELEASE.jar
7ff939279000-7ff939280000 r--s 00047000 08:02 8914772                    /run/media/suoyao/develop/.m2/io/netty/netty-codec/4.1.31.Final/netty-codec-4.1.31.Final.jar
7ff939280000-7ff939288000 r--s 0005f000 08:02 8914770                    /run/media/suoyao/develop/.m2/io/netty/netty-handler/4.1.31.Final/netty-handler-4.1.31.Final.jar
7ff939288000-7ff93928a000 r--s 00007000 08:02 8914768                    /run/media/suoyao/develop/.m2/io/netty/netty-resolver/4.1.31.Final/netty-resolver-4.1.31.Final.jar
7ff93928a000-7ff93928e000 r--s 0003f000 08:02 8914766                    /run/media/suoyao/develop/.m2/io/netty/netty-buffer/4.1.31.Final/netty-buffer-4.1.31.Final.jar
7ff93928e000-7ff939298000 r--s 00068000 08:02 8914764                    /run/media/suoyao/develop/.m2/io/netty/netty-transport/4.1.31.Final/netty-transport-4.1.31.Final.jar
7ff939298000-7ff9392a5000 r--s 00083000 08:02 8914762                    /run/media/suoyao/develop/.m2/io/netty/netty-common/4.1.31.Final/netty-common-4.1.31.Final.jar
7ff9392a5000-7ff9392a6000 r--s 00000000 08:02 8913461                    /run/media/suoyao/develop/.m2/org/reactivestreams/reactive-streams/1.0.2/reactive-streams-1.0.2.jar
7ff9392a6000-7ff9392bb000 r--s 0014c000 08:02 8914760                    /run/media/suoyao/develop/.m2/io/projectreactor/reactor-core/3.2.3.RELEASE/reactor-core-3.2.3.RELEASE.jar
7ff9392bb000-7ff9392d4000 r--s 0012f000 08:02 8914758                    /run/media/suoyao/develop/.m2/io/lettuce/lettuce-core/5.1.3.RELEASE/lettuce-core-5.1.3.RELEASE.jar
7ff9392d4000-7ff9392d6000 r--s 00010000 08:02 8914756                    /run/media/suoyao/develop/.m2/org/springframework/spring-oxm/5.1.3.RELEASE/spring-oxm-5.1.3.RELEASE.jar
7ff9392d6000-7ff9392de000 r--s 00037000 08:02 8914754                    /run/media/suoyao/develop/.m2/org/springframework/spring-tx/5.1.3.RELEASE/spring-tx-5.1.3.RELEASE.jar
7ff9392de000-7ff9392f6000 r--s 00104000 08:02 8914752                    /run/media/suoyao/develop/.m2/org/springframework/data/spring-data-commons/2.1.3.RELEASE/spring-data-commons-2.1.3.RELEASE.jar
7ff9392f6000-7ff9392fa000 r--s 00016000 08:02 8914750                    /run/media/suoyao/develop/.m2/org/springframework/data/spring-data-keyvalue/2.1.3.RELEASE/spring-data-keyvalue-2.1.3.RELEASE.jar
7ff9392fa000-7ff939315000 r--s 00145000 08:02 8914748                    /run/media/suoyao/develop/.m2/org/springframework/data/spring-data-redis/2.1.3.RELEASE/spring-data-redis-2.1.3.RELEASE.jar
7ff939315000-7ff939316000 r--s 00000000 08:02 8914746                    /run/media/suoyao/develop/.m2/org/springframework/boot/spring-boot-starter-data-redis/2.1.1.RELEASE/spring-boot-starter-data-redis-2.1.1.RELEASE.jar
7ff939316000-7ff939317000 r--s 00009000 08:02 8914738                    /run/media/suoyao/develop/.m2/org/thymeleaf/extras/thymeleaf-extras-java8time/3.0.2.RELEASE/thymeleaf-extras-java8time-3.0.2.RELEASE.jar
7ff939317000-7ff93931a000 r--s 00028000 08:02 8914267                    /run/media/suoyao/develop/.m2/org/unbescape/unbescape/1.1.6.RELEASE/unbescape-1.1.6.RELEASE.jar
7ff93931a000-7ff93931f000 r--s 00037000 08:02 8914265                    /run/media/suoyao/develop/.m2/org/attoparser/attoparser/2.0.5.RELEASE/attoparser-2.0.5.RELEASE.jar
7ff93931f000-7ff93932f000 r--s 000c5000 08:02 8914736                    /run/media/suoyao/develop/.m2/org/thymeleaf/thymeleaf/3.0.11.RELEASE/thymeleaf-3.0.11.RELEASE.jar
7ff93932f000-7ff939334000 r--s 00027000 08:02 8914734                    /run/media/suoyao/develop/.m2/org/thymeleaf/thymeleaf-spring5/3.0.11.RELEASE/thymeleaf-spring5-3.0.11.RELEASE.jar
7ff939334000-7ff939335000 r--s 00000000 08:02 8914732                    /run/media/suoyao/develop/.m2/org/springframework/boot/spring-boot-starter-thymeleaf/2.1.1.RELEASE/spring-boot-starter-thymeleaf-2.1.1.RELEASE.jar
7ff939335000-7ff93933a000 r--s 00040000 08:02 8914602                    /run/media/suoyao/develop/.m2/org/springframework/spring-expression/5.1.3.RELEASE/spring-expression-5.1.3.RELEASE.jar
7ff93933a000-7ff939344000 r--s 00051000 08:02 8914598                    /run/media/suoyao/develop/.m2/org/springframework/spring-aop/5.1.3.RELEASE/spring-aop-5.1.3.RELEASE.jar
7ff939344000-7ff939353000 r--s 000b5000 08:02 8914596                    /run/media/suoyao/develop/.m2/org/springframework/spring-webmvc/5.1.3.RELEASE/spring-webmvc-5.1.3.RELEASE.jar
7ff939353000-7ff939355000 r--s 0000f000 08:02 8914590                    /run/media/suoyao/develop/.m2/com/fasterxml/classmate/1.4.0/classmate-1.4.0.jar
7ff939355000-7ff939357000 r--s 0000f000 08:02 8782903                    /run/media/suoyao/develop/.m2/org/jboss/logging/jboss-logging/3.3.2.Final/jboss-logging-3.3.2.Final.jar
7ff939357000-7ff93935c000 r--s 00012000 08:02 8782901                    /run/media/suoyao/develop/.m2/javax/validation/validation-api/2.0.1.Final/validation-api-2.0.1.Final.jar
7ff93935c000-7ff939379000 r--s 000fe000 08:02 8914134                    /run/media/suoyao/develop/.m2/org/hibernate/validator/hibernate-validator/6.0.13.Final/hibernate-validator-6.0.13.Final.jar
7ff939379000-7ff93937f000 r--s 0003b000 08:02 8914588                    /run/media/suoyao/develop/.m2/org/apache/tomcat/embed/tomcat-embed-websocket/9.0.13/tomcat-embed-websocket-9.0.13.jar
7ff93937f000-7ff939384000 r--s 00039000 08:02 8914586                    /run/media/suoyao/develop/.m2/org/apache/tomcat/embed/tomcat-embed-el/9.0.13/tomcat-embed-el-9.0.13.jar
7ff939384000-7ff9393ad000 r--s 002ed000 08:02 8914584                    /run/media/suoyao/develop/.m2/org/apache/tomcat/embed/tomcat-embed-core/9.0.13/tomcat-embed-core-9.0.13.jar
7ff9393ad000-7ff9393ae000 r--s 00000000 08:02 8914582                    /run/media/suoyao/develop/.m2/org/springframework/boot/spring-boot-starter-tomcat/2.1.1.RELEASE/spring-boot-starter-tomcat-2.1.1.RELEASE.jar
7ff9393ae000-7ff9393b0000 r--s 00001000 08:02 8914130                    /run/media/suoyao/develop/.m2/com/fasterxml/jackson/module/jackson-module-parameter-names/2.9.7/jackson-module-parameter-names-2.9.7.jar
7ff9393b0000-7ff9393b3000 r--s 00016000 08:02 8914128                    /run/media/suoyao/develop/.m2/com/fasterxml/jackson/datatype/jackson-datatype-jsr310/2.9.7/jackson-datatype-jsr310-2.9.7.jar
7ff9393b3000-7ff9393b5000 r--s 00007000 08:02 8914126                    /run/media/suoyao/develop/.m2/com/fasterxml/jackson/datatype/jackson-datatype-jdk8/2.9.7/jackson-datatype-jdk8-2.9.7.jar
7ff9393b5000-7ff9393b6000 r--s 00000000 08:02 8914580                    /run/media/suoyao/develop/.m2/org/springframework/boot/spring-boot-starter-json/2.1.1.RELEASE/spring-boot-starter-json-2.1.1.RELEASE.jar
7ff9393b6000-7ff9393bd000 r--s 00043000 08:02 8914578                    /run/media/suoyao/develop/.m2/org/yaml/snakeyaml/1.23/snakeyaml-1.23.jar
7ff9393bd000-7ff9393bf000 r--s 00005000 08:02 8782879                    /run/media/suoyao/develop/.m2/javax/annotation/javax.annotation-api/1.3.2/javax.annotation-api-1.3.2.jar
7ff9393bf000-7ff9393c5000 r--s 0003b000 08:02 8914572                    /run/media/suoyao/develop/.m2/org/apache/logging/log4j/log4j-api/2.11.1/log4j-api-2.11.1.jar
7ff9393c5000-7ff9393da000 r--s 000d5000 08:02 8914564                    /run/media/suoyao/develop/.m2/org/springframework/boot/spring-boot/2.1.1.RELEASE/spring-boot-2.1.1.RELEASE.jar
7ff9393da000-7ff9393dd000 ---p 00000000 00:00 0 
7ff9393dd000-7ff9394db000 rw-p 00000000 00:00 0 
7ff9394db000-7ff9394de000 ---p 00000000 00:00 0 
7ff9394de000-7ff9395dc000 rw-p 00000000 00:00 0 
7ff9395dc000-7ff9395df000 ---p 00000000 00:00 0 
7ff9395df000-7ff9396dd000 rw-p 00000000 00:00 0 
7ff9396dd000-7ff9396e1000 r-xp 00000000 08:12 5018707                    /usr/local/java/jdk1.8.0_172/jre/lib/amd64/libdt_socket.so
7ff9396e1000-7ff9398e0000 ---p 00004000 08:12 5018707                    /usr/local/java/jdk1.8.0_172/jre/lib/amd64/libdt_socket.so
7ff9398e0000-7ff9398e1000 rw-p 00003000 08:12 5018707                    /usr/local/java/jdk1.8.0_172/jre/lib/amd64/libdt_socket.so
7ff9398e1000-7ff9398e4000 ---p 00000000 00:00 0 
7ff9398e4000-7ff9399e2000 rw-p 00000000 00:00 0 
7ff9399e2000-7ff9399e5000 ---p 00000000 00:00 0 
7ff9399e5000-7ff939ae3000 rw-p 00000000 00:00 0 
7ff939ae3000-7ff939ae6000 ---p 00000000 00:00 0 
7ff939ae6000-7ff939be4000 rw-p 00000000 00:00 0 
7ff939be4000-7ff939be5000 ---p 00000000 00:00 0 
7ff939be5000-7ff93c000000 rw-p 00000000 00:00 0 
7ff93c000000-7ff93c021000 rw-p 00000000 00:00 0 
7ff93c021000-7ff940000000 ---p 00000000 00:00 0 
7ff940000000-7ff940021000 rw-p 00000000 00:00 0 
7ff940021000-7ff944000000 ---p 00000000 00:00 0 
7ff944000000-7ff944021000 rw-p 00000000 00:00 0 
7ff944021000-7ff948000000 ---p 00000000 00:00 0 
7ff948000000-7ff948002000 r--s 00000000 08:02 8389864                    /run/media/suoyao/develop/.m2/org/slf4j/jul-to-slf4j/1.7.25/jul-to-slf4j-1.7.25.jar
7ff948002000-7ff948004000 r--s 00003000 08:02 8914570                    /run/media/suoyao/develop/.m2/org/apache/logging/log4j/log4j-to-slf4j/2.11.1/log4j-to-slf4j-2.11.1.jar
7ff948004000-7ff948005000 r--s 00000000 08:02 8914568                    /run/media/suoyao/develop/.m2/org/springframework/boot/spring-boot-starter-logging/2.1.1.RELEASE/spring-boot-starter-logging-2.1.1.RELEASE.jar
7ff948005000-7ff948048000 r--s 00377000 08:02 8522099                    /run/media/suoyao/develop/.m2/io/netty/netty-all/4.1.31.Final/netty-all-4.1.31.Final.jar
7ff948048000-7ff94804b000 r--s 00015000 08:02 8785043                    /run/media/suoyao/develop/.m2/javax/servlet/javax.servlet-api/4.0.1/javax.servlet-api-4.0.1.jar
7ff94804b000-7ff948052000 r--s 0004b000 08:02 8782821                    /run/media/suoyao/develop/.m2/commons-codec/commons-codec/1.11/commons-codec-1.11.jar
7ff948052000-7ff948059000 r--s 00049000 08:02 8913170                    /run/media/suoyao/develop/.m2/org/apache/httpcomponents/httpcore/4.4.10/httpcore-4.4.10.jar
7ff948059000-7ff948066000 r--s 000af000 08:02 8390658                    /run/media/suoyao/develop/.m2/org/apache/httpcomponents/httpclient/4.5.6/httpclient-4.5.6.jar
7ff948066000-7ff948069000 r--s 0000e000 08:02 8782845                    /run/media/suoyao/develop/.m2/com/fasterxml/jackson/core/jackson-annotations/2.9.0/jackson-annotations-2.9.0.jar
7ff948069000-7ff94807c000 r--s 00137000 08:02 8914122                    /run/media/suoyao/develop/.m2/com/fasterxml/jackson/core/jackson-databind/2.9.7/jackson-databind-2.9.7.jar
7ff94807c000-7ff948080000 r--s 0004c000 08:02 8914124                    /run/media/suoyao/develop/.m2/com/fasterxml/jackson/core/jackson-core/2.9.7/jackson-core-2.9.7.jar
7ff948080000-7ff94808b000 r--s 00069000 08:02 8521642                    /run/media/suoyao/develop/.m2/ch/qos/logback/logback-core/1.2.3/logback-core-1.2.3.jar
7ff94808b000-7ff948091000 r--s 00041000 08:02 8782873                    /run/media/suoyao/develop/.m2/ch/qos/logback/logback-classic/1.2.3/logback-classic-1.2.3.jar
7