#
# A fatal error has been detected by the Java Runtime Environment:
#
#  SIGSEGV (0xb) at pc=0x00007f6a107b2747, pid=2739, tid=0x00007f68eada0700
#
# JRE version: Java(TM) SE Runtime Environment (8.0_172-b11) (build 1.8.0_172-b11)
# Java VM: Java HotSpot(TM) 64-Bit Server VM (25.172-b11 mixed mode linux-amd64 compressed oops)
# Problematic frame:
# C  [libc.so.6+0x15f747]  __strlen_avx2+0x47
#
# Core dump written. Default location: /run/media/suoyao/develop/radish/radish-scheduler/core or core.2739
#
# If you would like to submit a bug report, please visit:
#   http://bugreport.java.com/bugreport/crash.jsp
# The crash happened outside the Java Virtual Machine in native code.
# See problematic frame for where to report the bug.
#

---------------  T H R E A D  ---------------

Current thread (0x00007f69a8019000):  JavaThread "Thread-5" [_thread_in_native, id=6827, stack(0x00007f68eaca0000,0x00007f68eada1000)]

siginfo: si_signo: 11 (SIGSEGV), si_code: 1 (SEGV_MAPERR), si_addr: 0x0000000000000060

Registers:
RAX=0x0000000000000034, RBX=0x0000000000000065, RCX=0x0000000000000005, RDX=0x0000000000000065
RSP=0x00007f68ead9eff8, RBP=0x0000000000000001, RSI=0x00007f69192ab710, RDI=0x0000000000000060
R8 =0x0000000000000001, R9 =0x0000000000000034, R10=0x0000000000000048, R11=0x00007f68ebf94fc0
R12=0x0000000000000000, R13=0x0000000000000034, R14=0x00007f69192ab710, R15=0x00007f69192ab710
RIP=0x00007f6a107b2747, EFLAGS=0x0000000000010206, CSGSFS=0x002b000000000033, ERR=0x0000000000000004
  TRAPNO=0x000000000000000e

Top of Stack: (sp=0x00007f68ead9eff8)
0x00007f68ead9eff8:   00007f68ebe2d185 0000000000000000
0x00007f68ead9f008:   00007f69180191c0 00007f6918019140
0x00007f68ead9f018:   00007f68ec00cf40 00007f68ec003320
0x00007f68ead9f028:   00007f68ebd82f45 00007f68ebfe9730
0x00007f68ead9f038:   00007f68ec003328 00007f69a80191f8
0x00007f68ead9f048:   00007f6a0fe02184 00007f68ead9f070
0x00007f68ead9f058:   00007f6919199948 00007f69a80191f8
0x00007f68ead9f068:   0000000000000000 00007f68ec00cf40
0x00007f68ead9f078:   00007f68ec003320 00007f691801a360
0x00007f68ead9f088:   00007f68ebdb8347 0000000000000000
0x00007f68ead9f098:   00007f68ec003328 0000000000000000
0x00007f68ead9f0a8:   0000000000000000 00007f68ead9f0e0
0x00007f68ead9f0b8:   00007f6a0fdfb67f 00007f69a8019000
0x00007f68ead9f0c8:   00007f68ec003328 00007f68ec003328
0x00007f68ead9f0d8:   00007f68ead9f240 00007f69a8019000
0x00007f68ead9f0e8:   00007f6a0fdf1e7a 00007f69a8019000
0x00007f68ead9f0f8:   00007f68ead9f1e0 00007f68ead9f130
0x00007f68ead9f108:   00007f68ead9f1a0 00000007c0104ae8
0x00007f68ead9f118:   00007f69a80191d8 00007f69a80191f8
0x00007f68ead9f128:   00007f69f8ffd3b8 0000000600000001
0x00007f68ead9f138:   00007f69a8021cf0 00007f69a0113750
0x00007f68ead9f148:   00007f69a0113760 00007f69a0113b38
0x00007f68ead9f158:   00000000000003d8 00007f69a8019000
0x00007f68ead9f168:   00007f69a8019000 00007f69a8021d30
0x00007f68ead9f178:   00007f692802add0 00007f692802adf0
0x00007f68ead9f188:   00007f692802aeb8 00000000000000d8
0x00007f68ead9f198:   00007f68ead9f1a0 00007f69a8019000
0x00007f68ead9f1a8:   00007f69a8021d30 00007f692802add0
0x00007f68ead9f1b8:   00007f692802adf0 00007f692802aeb8
0x00007f68ead9f1c8:   00000000000000d8 00007f68ead9f3c0
0x00007f68ead9f1d8:   00000000000000d8 00007f68ead9f220
0x00007f68ead9f1e8:   00007f6a0fe23c46 00007f69f8ffd428 

Instructions: (pc=0x00007f6a107b2747)
0x00007f6a107b2727:   c7 20 83 e1 1f 48 83 e7 e0 eb 42 66 66 2e 0f 1f
0x00007f6a107b2737:   84 00 00 00 00 00 0f 1f 00 83 e1 1f 48 83 e7 e0
0x00007f6a107b2747:   c5 fd 74 0f c5 fd d7 c1 d3 f8 85 c0 74 1b f3 0f
0x00007f6a107b2757:   bc c0 48 01 f8 48 01 c8 48 29 d0 c5 f8 77 c3 66 

Register to memory mapping:

RAX=0x0000000000000034 is an unknown value
RBX=0x0000000000000065 is an unknown value
RCX=0x0000000000000005 is an unknown value
RDX=0x0000000000000065 is an unknown value
RSP=0x00007f68ead9eff8 is pointing into the stack for thread: 0x00007f69a8019000
RBP=0x0000000000000001 is an unknown value
RSI=0x00007f69192ab710 is an unknown value
RDI=0x0000000000000060 is an unknown value
R8 =0x0000000000000001 is an unknown value
R9 =0x0000000000000034 is an unknown value
R10=0x0000000000000048 is an unknown value
R11=0x00007f68ebf94fc0: _ZN13LiveProfiling13_classMonitorE+0 in /opt/jprofiler11.0/bin/linux-x64/libjprofilerti.so at 0x00007f68ebcaa000
R12=0x0000000000000000 is an unknown value
R13=0x0000000000000034 is an unknown value
R14=0x00007f69192ab710 is an unknown value
R15=0x00007f69192ab710 is an unknown value


Stack: [0x00007f68eaca0000,0x00007f68eada1000],  sp=0x00007f68ead9eff8,  free space=1019k
Native frames: (J=compiled Java code, j=interpreted, Vv=VM code, C=native code)
C  [libc.so.6+0x15f747]  __strlen_avx2+0x47

Java frames: (J=compiled Java code, j=interpreted, Vv=VM code)
j  org.springframework.context.support.AbstractApplicationContext.doClose()V+68
j  org.springframework.context.support.AbstractApplicationContext$1.run()V+14
v  ~StubRoutines::call_stub

---------------  P R O C E S S  ---------------

Java Threads: ( => current thread )
=>0x00007f69a8019000 JavaThread "Thread-5" [_thread_in_native, id=6827, stack(0x00007f68eaca0000,0x00007f68eada1000)]
  0x00007f69bc003000 JavaThread "SIGTERM handler" daemon [_thread_blocked, id=6826, stack(0x00007f69f20df000,0x00007f69f21e0000)]
  0x00007f6928027000 JavaThread "RMI TCP Connection(7)-127.0.0.1" daemon [_thread_in_native, id=4802, stack(0x00007f68eada1000,0x00007f68eaea2000)]
  0x00007f6928028800 JavaThread "RMI TCP Connection(6)-127.0.0.1" daemon [_thread_blocked, id=4800, stack(0x00007f68eaea2000,0x00007f68eafa3000)]
  0x00007f69380ff000 JavaThread "JMX server connection timeout 84" daemon [_thread_blocked, id=4795, stack(0x00007f68eb0a4000,0x00007f68eb1a5000)]
  0x00007f6928015000 JavaThread "RMI TCP Connection(2)-127.0.0.1" daemon [_thread_in_native, id=4690, stack(0x00007f68eafa3000,0x00007f68eb0a4000)]
  0x00007f6924125800 JavaThread "RMI Scheduler(0)" daemon [_thread_blocked, id=4676, stack(0x00007f68eb1a5000,0x00007f68eb2a6000)]
  0x00007f69186c3000 JavaThread "RMI TCP Accept-0" daemon [_thread_in_native, id=4672, stack(0x00007f68eb3a7000,0x00007f68eb4a8000)]
  0x00007f6920007800 JavaThread "_jprofiler_control_sampler" daemon [_thread_blocked, id=3038, stack(0x00007f68eb8a8000,0x00007f68eb9a9000)]
  0x00007f6920051000 JavaThread "_jprofiler_native_sampler" daemon [_thread_blocked, id=3037, stack(0x00007f698dced000,0x00007f698ddee000)]
  0x00007f6919609800 JavaThread "_jprofiler_native_comm" daemon [_thread_in_native, id=3024, stack(0x00007f68eb9a9000,0x00007f68ebaaa000)]
  0x00007f69184b3800 JavaThread "_jprofiler_sampler" daemon [_thread_blocked, id=3022, stack(0x00007f698c4d5000,0x00007f698c5d6000)]
  0x00007f69bc001000 JavaThread "Attach Listener" daemon [_thread_blocked, id=3021, stack(0x00007f698c2d3000,0x00007f698c3d4000)]
  0x0000000001473800 JavaThread "Sender-/192.168.140.216:2888" [_thread_blocked, id=2841, stack(0x00007f698c1d2000,0x00007f698c2d3000)]
  0x00007f6908004800 JavaThread "logback-2" daemon [_thread_blocked, id=2840, stack(0x00007f698c3d4000,0x00007f698c4d5000)]
  0x00007f68ec009000 JavaThread "RecvWorker:2" daemon [_thread_in_native, id=2835, stack(0x00007f698c5d6000,0x00007f698c6d7000)]
  0x00007f68ec007800 JavaThread "SendWorker:2" daemon [_thread_blocked, id=2834, stack(0x00007f698c6d7000,0x00007f698c7d8000)]
  0x00007f68ec005800 JavaThread "RecvWorker:1" daemon [_thread_in_native, id=2833, stack(0x00007f698c7d8000,0x00007f698c8d9000)]
  0x00007f68ec004800 JavaThread "SendWorker:1" daemon [_thread_blocked, id=2832, stack(0x00007f698c8d9000,0x00007f698c9da000)]
  0x00007f6a08014000 JavaThread "DestroyJavaVM" [_thread_blocked, id=2741, stack(0x00007f6a0f3cb000,0x00007f6a0f4cb000)]
  0x00007f6a0a66e800 JavaThread "ClusterPeer[myid=4]" [_thread_blocked, id=2831, stack(0x00007f698c9da000,0x00007f698cadb000)]
  0x00007f6a0a66d800 JavaThread "WorkerReceiver[myid=4]" daemon [_thread_blocked, id=2830, stack(0x00007f698cadb000,0x00007f698cbdc000)]
  0x00007f6a0a66a000 JavaThread "WorkerSender[myid=4]" daemon [_thread_blocked, id=2829, stack(0x00007f698cbdc000,0x00007f698ccdd000)]
  0x00007f6a0a666800 JavaThread "/192.168.140.21:3888" [_thread_in_native, id=2828, stack(0x00007f698ccdd000,0x00007f698cdde000)]
  0x00007f6a0a65f000 JavaThread "http-nio-8888-AsyncTimeout" daemon [_thread_blocked, id=2827, stack(0x00007f698cdde000,0x00007f698cedf000)]
  0x00007f6a0a65e000 JavaThread "http-nio-8888-Acceptor-0" daemon [_thread_in_native, id=2826, stack(0x00007f698cedf000,0x00007f698cfe0000)]
  0x00007f6a0a65a800 JavaThread "http-nio-8888-ClientPoller-1" daemon [_thread_in_native, id=2825, stack(0x00007f698cfe0000,0x00007f698d0e1000)]
  0x00007f6a0a640000 JavaThread "http-nio-8888-ClientPoller-0" daemon [_thread_in_native, id=2824, stack(0x00007f698d0e1000,0x00007f698d1e2000)]
  0x00007f6a0a624800 JavaThread "http-nio-8888-exec-10" daemon [_thread_blocked, id=2823, stack(0x00007f698d1e2000,0x00007f698d2e3000)]
  0x00007f6a0a5ab000 JavaThread "http-nio-8888-exec-9" daemon [_thread_blocked, id=2822, stack(0x00007f698d2e3000,0x00007f698d3e4000)]
  0x00007f6a0a5a9000 JavaThread "http-nio-8888-exec-8" daemon [_thread_blocked, id=2821, stack(0x00007f698d3e4000,0x00007f698d4e5000)]
  0x00007f6a0a5a7000 JavaThread "http-nio-8888-exec-7" daemon [_thread_blocked, id=2820, stack(0x00007f698d4e5000,0x00007f698d5e6000)]
  0x00007f6a0a5a5000 JavaThread "http-nio-8888-exec-6" daemon [_thread_blocked, id=2819, stack(0x00007f698d5e6000,0x00007f698d6e7000)]
  0x00007f6a0a5a3000 JavaThread "http-nio-8888-exec-5" daemon [_thread_blocked, id=2818, stack(0x00007f698d6e7000,0x00007f698d7e8000)]
  0x00007f6a0a5a1000 JavaThread "http-nio-8888-exec-4" daemon [_thread_blocked, id=2817, stack(0x00007f698d7e8000,0x00007f698d8e9000)]
  0x00007f6a0a59f000 JavaThread "http-nio-8888-exec-3" daemon [_thread_blocked, id=2816, stack(0x00007f698d8e9000,0x00007f698d9ea000)]
  0x00007f6a0a59a000 JavaThread "http-nio-8888-exec-2" daemon [_thread_blocked, id=2815, stack(0x00007f698d9ea000,0x00007f698daeb000)]
  0x00007f6a0a599000 JavaThread "http-nio-8888-exec-1" daemon [_thread_blocked, id=2814, stack(0x00007f698daeb000,0x00007f698dbec000)]
  0x00007f6a0a596000 JavaThread "NioBlockingSelector.BlockPoller-1" daemon [_thread_in_native, id=2813, stack(0x00007f698dbec000,0x00007f698dced000)]
  0x00007f6a0a928800 JavaThread "RadishQuartzScheduler_QuartzSchedulerThread" [_thread_blocked, id=2811, stack(0x00007f698e1ee000,0x00007f698e2ef000)]
  0x00007f6a0a96e800 JavaThread "RadishQuartzScheduler_Worker-15" [_thread_blocked, id=2810, stack(0x00007f698e2ef000,0x00007f698e3f0000)]
  0x00007f6a0a96c800 JavaThread "RadishQuartzScheduler_Worker-14" [_thread_blocked, id=2809, stack(0x00007f698e3f0000,0x00007f698e4f1000)]
  0x00007f6a0a96a800 JavaThread "RadishQuartzScheduler_Worker-13" [_thread_blocked, id=2808, stack(0x00007f698e4f1000,0x00007f698e5f2000)]
  0x00007f6a0a969000 JavaThread "RadishQuartzScheduler_Worker-12" [_thread_blocked, id=2807, stack(0x00007f698e5f2000,0x00007f698e6f3000)]
  0x00007f6a0a967800 JavaThread "RadishQuartzScheduler_Worker-11" [_thread_blocked, id=2806, stack(0x00007f698e6f3000,0x00007f698e7f4000)]
  0x00007f6a0a965800 JavaThread "RadishQuartzScheduler_Worker-10" [_thread_blocked, id=2805, stack(0x00007f698e7f4000,0x00007f698e8f5000)]
  0x00007f6a0a963800 JavaThread "RadishQuartzScheduler_Worker-9" [_thread_blocked, id=2803, stack(0x00007f698e8f5000,0x00007f698e9f6000)]
  0x00007f6a0a961800 JavaThread "RadishQuartzScheduler_Worker-8" [_thread_blocked, id=2802, stack(0x00007f698e9f6000,0x00007f698eaf7000)]
  0x00007f6a0a95f800 JavaThread "RadishQuartzScheduler_Worker-7" [_thread_blocked, id=2801, stack(0x00007f698eaf7000,0x00007f698ebf8000)]
  0x00007f6a0a95d800 JavaThread "RadishQuartzScheduler_Worker-6" [_thread_blocked, id=2800, stack(0x00007f698ebf8000,0x00007f698ecf9000)]
  0x00007f6a0a95b800 JavaThread "RadishQuartzScheduler_Worker-5" [_thread_blocked, id=2799, stack(0x00007f698ecf9000,0x00007f698edfa000)]
  0x00007f6a0a959800 JavaThread "RadishQuartzScheduler_Worker-4" [_thread_blocked, id=2798, stack(0x00007f698edfa000,0x00007f698eefb000)]
  0x00007f6a0a957800 JavaThread "RadishQuartzScheduler_Worker-3" [_thread_blocked, id=2797, stack(0x00007f698eefb000,0x00007f698effc000)]
  0x00007f6a0a956000 JavaThread "RadishQuartzScheduler_Worker-2" [_thread_blocked, id=2796, stack(0x00007f698effc000,0x00007f698f0fd000)]
  0x00007f6a0a954000 JavaThread "RadishQuartzScheduler_Worker-1" [_thread_blocked, id=2795, stack(0x00007f698f0fd000,0x00007f698f1fe000)]
  0x00007f6a0a612000 JavaThread "Druid-ConnectionPool-Destroy-1701331644" daemon [_thread_blocked, id=2791, stack(0x00007f698f9fe000,0x00007f698faff000)]
  0x00007f6a0ab97000 JavaThread "Druid-ConnectionPool-Create-1701331644" daemon [_thread_blocked, id=2790, stack(0x00007f698faff000,0x00007f698fc00000)]
  0x00007f6a0ab44800 JavaThread "Abandoned connection cleanup thread" daemon [_thread_blocked, id=2789, stack(0x00007f69cc08f000,0x00007f69cc190000)]
  0x00007f6a0aa84800 JavaThread "container-0" [_thread_blocked, id=2788, stack(0x00007f69d80f6000,0x00007f69d81f7000)]
  0x00007f6a0aa7d000 JavaThread "ContainerBackgroundProcessor[StandardEngine[Tomcat]]" daemon [_thread_blocked, id=2787, stack(0x00007f69f10b5000,0x00007f69f11b6000)]
  0x00007f6a09402000 JavaThread "logback-1" daemon [_thread_blocked, id=2779, stack(0x00007f69f091e000,0x00007f69f0a1f000)]
  0x00007f6a08817800 JavaThread "Service Thread" daemon [_thread_blocked, id=2775, stack(0x00007f69f17c4000,0x00007f69f18c5000)]
  0x00007f6a08828800 JavaThread "C1 CompilerThread3" daemon [_thread_blocked, id=2774, stack(0x00007f69f18c6000,0x00007f69f19c6000)]
  0x00007f6a08826800 JavaThread "C2 CompilerThread2" daemon [_thread_blocked, id=2773, stack(0x00007f69f19c7000,0x00007f69f1ac7000)]
  0x00007f6a0877c800 JavaThread "C2 CompilerThread1" daemon [_thread_blocked, id=2772, stack(0x00007f69f1ac8000,0x00007f69f1bc8000)]
  0x00007f6a0877f000 JavaThread "C2 CompilerThread0" daemon [_thread_blocked, id=2771, stack(0x00007f69f1bc9000,0x00007f69f1cc9000)]
  0x00007f6a08221800 JavaThread "JDWP Event Helper Thread" daemon [_thread_blocked, id=2765, stack(0x00007f69f21e0000,0x00007f69f22e1000)]
  0x00007f6a0821e000 JavaThread "JDWP Transport Listener: dt_socket" daemon [_thread_in_native, id=2763, stack(0x00007f69f22e1000,0x00007f69f23e2000)]
  0x00007f6a0820f000 JavaThread "Signal Dispatcher" daemon [_thread_blocked, id=2761, stack(0x00007f69f25e6000,0x00007f69f26e7000)]
  0x00007f6a081dd000 JavaThread "Finalizer" daemon [_thread_blocked, id=2760, stack(0x00007f69f26e7000,0x00007f69f27e8000)]
  0x00007f6a081da800 JavaThread "Reference Handler" daemon [_thread_blocked, id=2759, stack(0x00007f69f27e8000,0x00007f69f28e9000)]

Other Threads:
  0x00007f6a081d1000 VMThread [stack: 0x00007f69f28ea000,0x00007f69f29ea000] [id=2758]
  0x00007f6a0881a800 WatcherThread [stack: 0x00007f69f16c4000,0x00007f69f17c4000] [id=2776]

VM state:not at safepoint (normal execution)

VM Mutex/Monitor currently owned by a thread: None

Heap:
 PSYoungGen      total 93184K, used 48864K [0x000000076d100000, 0x0000000789580000, 0x00000007c0000000)
  eden space 92672K, 52% used [0x000000076d100000,0x00000007700683e8,0x0000000772b80000)
  from space 512K, 62% used [0x0000000789500000,0x0000000789550000,0x0000000789580000)
  to   space 512K, 0% used [0x0000000789480000,0x0000000789480000,0x0000000789500000)
 ParOldGen       total 184320K, used 35002K [0x00000006c7200000, 0x00000006d2600000, 0x000000076d100000)
  object space 184320K, 18% used [0x00000006c7200000,0x00000006c942ea48,0x00000006d2600000)
 Metaspace       used 66110K, capacity 68578K, committed 68864K, reserved 1110016K
  class space    used 7905K, capacity 8351K, committed 8448K, reserved 1048576K

Card table byte_map: [0x00007f6a0d5b5000,0x00007f6a0dd7d000] byte_map_base: 0x00007f6a09f7c000

Marking Bits: (ParMarkBitMap*) 0x00007f6a10623de0
 Begin Bits: [0x00007f69cc390000, 0x00007f69d01c8000)
 End Bits:   [0x00007f69d01c8000, 0x00007f69d4000000)

Polling page: 0x00007f6a10a87000

CodeCache: size=245760Kb used=15464Kb max_used=20160Kb free=230295Kb
 bounds [0x00007f69f9000000, 0x00007f69fa3f0000, 0x00007f6a08000000]
 total_blobs=5815 nmethods=5243 adapters=492
 compilation: enabled

Compilation events (10 events):
Event: 10163.746 Thread 0x00007f6a08828800 8236   !   3       org.quartz.simpl.RAMJobStore::acquireNextTriggers (387 bytes)
Event: 10163.748 Thread 0x00007f6a08828800 nmethod 8236 0x00007f69f9f1d290 code [0x00007f69f9f1d860, 0x00007f69f9f214f8]
Event: 10163.749 Thread 0x00007f6a08828800 8237       3       java.util.Random::nextInt (74 bytes)
Event: 10163.749 Thread 0x00007f6a08828800 nmethod 8237 0x00007f69f9f1c9d0 code [0x00007f69f9f1cb80, 0x00007f69f9f1d0c8]
Event: 10163.749 Thread 0x00007f6a08828800 8238       3       java.util.Random::next (47 bytes)
Event: 10163.749 Thread 0x00007f6a08828800 nmethod 8238 0x00007f69f99cc890 code [0x00007f69f99cca00, 0x00007f69f99cce10]
Event: 10225.064 Thread 0x00007f6a08828800 8239       3       org.apache.catalina.core.StandardContext$1::bind (1 bytes)
Event: 10225.064 Thread 0x00007f6a08828800 nmethod 8239 0x00007f69f99cc4d0 code [0x00007f69f99cc620, 0x00007f69f99cc770]
Event: 10225.064 Thread 0x00007f6a08828800 8240       3       org.apache.catalina.core.StandardContext$1::unbind (1 bytes)
Event: 10225.064 Thread 0x00007f6a08828800 nmethod 8240 0x00007f69f9528110 code [0x00007f69f9528260, 0x00007f69f95283b0]

GC Heap History (10 events):
Event: 10257.111 GC heap before
{Heap before GC invocations=83 (full 3):
 PSYoungGen      total 101376K, used 100640K [0x000000076d100000, 0x0000000789680000, 0x00000007c0000000)
  eden space 100352K, 100% used [0x000000076d100000,0x0000000773300000,0x0000000773300000)
  from space 1024K, 28% used [0x0000000789480000,0x00000007894c8000,0x0000000789580000)
  to   space 1024K, 0% used [0x0000000789580000,0x0000000789580000,0x0000000789680000)
 ParOldGen       total 184320K, used 34922K [0x00000006c7200000, 0x00000006d2600000, 0x000000076d100000)
  object space 184320K, 18% used [0x00000006c7200000,0x00000006c941aa48,0x00000006d2600000)
 Metaspace       used 66106K, capacity 68578K, committed 68864K, reserved 1110016K
  class space    used 7904K, capacity 8351K, committed 8448K, reserved 1048576K
Event: 10257.127 GC heap after
Heap after GC invocations=83 (full 3):
 PSYoungGen      total 99328K, used 320K [0x000000076d100000, 0x0000000789600000, 0x00000007c0000000)
  eden space 98816K, 0% used [0x000000076d100000,0x000000076d100000,0x0000000773180000)
  from space 512K, 62% used [0x0000000789580000,0x00000007895d0000,0x0000000789600000)
  to   space 1024K, 0% used [0x0000000789400000,0x0000000789400000,0x0000000789500000)
 ParOldGen       total 184320K, used 34938K [0x00000006c7200000, 0x00000006d2600000, 0x000000076d100000)
  object space 184320K, 18% used [0x00000006c7200000,0x00000006c941ea48,0x00000006d2600000)
 Metaspace       used 66106K, capacity 68578K, committed 68864K, reserved 1110016K
  class space    used 7904K, capacity 8351K, committed 8448K, reserved 1048576K
}
Event: 10276.589 GC heap before
{Heap before GC invocations=84 (full 3):
 PSYoungGen      total 99328K, used 99136K [0x000000076d100000, 0x0000000789600000, 0x00000007c0000000)
  eden space 98816K, 100% used [0x000000076d100000,0x0000000773180000,0x0000000773180000)
  from space 512K, 62% used [0x0000000789580000,0x00000007895d0000,0x0000000789600000)
  to   space 1024K, 0% used [0x0000000789400000,0x0000000789400000,0x0000000789500000)
 ParOldGen       total 184320K, used 34938K [0x00000006c7200000, 0x00000006d2600000, 0x000000076d100000)
  object space 184320K, 18% used [0x00000006c7200000,0x00000006c941ea48,0x00000006d2600000)
 Metaspace       used 66106K, capacity 68578K, committed 68864K, reserved 1110016K
  class space    used 7904K, capacity 8351K, committed 8448K, reserved 1048576K
Event: 10276.604 GC heap after
Heap after GC invocations=84 (full 3):
 PSYoungGen      total 98304K, used 352K [0x000000076d100000, 0x0000000789600000, 0x00000007c0000000)
  eden space 97280K, 0% used [0x000000076d100000,0x000000076d100000,0x0000000773000000)
  from space 1024K, 34% used [0x0000000789400000,0x0000000789458000,0x0000000789500000)
  to   space 1024K, 0% used [0x0000000789500000,0x0000000789500000,0x0000000789600000)
 ParOldGen       total 184320K, used 34954K [0x00000006c7200000, 0x00000006d2600000, 0x000000076d100000)
  object space 184320K, 18% used [0x00000006c7200000,0x00000006c9422a48,0x00000006d2600000)
 Metaspace       used 66106K, capacity 68578K, committed 68864K, reserved 1110016K
  class space    used 7904K, capacity 8351K, committed 8448K, reserved 1048576K
}
Event: 10295.468 