#
# A fatal error has been detected by the Java Runtime Environment:
#
#  SIGSEGV (0xb) at pc=0x00007f4a40b91f75, pid=16799, tid=0x00007f4a50660700
#
# JRE version: Java(TM) SE Runtime Environment (8.0_172-b11) (build 1.8.0_172-b11)
# Java VM: Java HotSpot(TM) 64-Bit Server VM (25.172-b11 mixed mode linux-amd64 compressed oops)
# Problematic frame:
# C  [libjprofilerti.so+0xe8f75]  ProbePatches::getPatchFunction(jprofiler::String&, std::vector<std::pair<int, char const*>, std::allocator<std::pair<int, char const*> > >&)+0x185
#
# Core dump written. Default location: /run/media/suoyao/develop/radish/radish-scheduler/core or core.16799
#
# If you would like to submit a bug report, please visit:
#   http://bugreport.java.com/bugreport/crash.jsp
# The crash happened outside the Java Virtual Machine in native code.
# See problematic frame for where to report the bug.
#

---------------  T H R E A D  ---------------

Current thread (0x00007f4a6420f000):  JavaThread "Signal Dispatcher" daemon [_thread_in_native, id=16819, stack(0x00007f4a50560000,0x00007f4a50661000)]

siginfo: si_signo: 11 (SIGSEGV), si_code: 2 (SEGV_ACCERR), si_addr: 0x00007f49fd813624

Registers:
RAX=0x00000000c7c1a095, RBX=0x00000000c5018015, RCX=0x000000000000000a, RDX=0x00007f49cc40d620
RSP=0x00007f4a5065bec0, RBP=0x00007f49cc0195f0, RSI=0x000000000c501801, RDI=0x00007f49cc40d620
R8 =0x000000000c501801, R9 =0x0000000000000000, R10=0x00007f4a000008d0, R11=0x00007f4a40c2bfc0
R12=0x00007f4a5065c1a0, R13=0x0000000000000000, R14=0x00007f4a5065e200, R15=0x00000000cd258b1f
RIP=0x00007f4a40b91f75, EFLAGS=0x0000000000010206, CSGSFS=0x002b000000000033, ERR=0x0000000000000004
  TRAPNO=0x000000000000000e

Top of Stack: (sp=0x00007f4a5065bec0)
0x00007f4a5065bec0:   00007f49cc40d620 c501801540de4660
0x00007f4a5065bed0:   00007f4a5065bf20 00007f4a5065c1d0
0x00007f4a5065bee0:   00007f4a000029a0 000000000000000b
0x00007f4a5065bef0:   3f40000000000008 00007f4a00002a00
0x00007f4a5065bf00:   00007f4a6420be72 0000000201de8740
0x00007f4a5065bf10:   00007f4a00000002 0000000000000000
0x00007f4a5065bf20:   0000000000000000 00007f4900000000
0x00007f4a5065bf30:   0000000000000000 00007f4a5065bf28
0x00007f4a5065bf40:   00007f4a5065bf28 0000000000000000
0x00007f4a5065bf50:   000000000000026e 00007f4a40de4660
0x00007f4a5065bf60:   00007f4a5065c1d0 00007f4a5065c1a0
0x00007f4a5065bf70:   0000000000000000 00007f49cd176c50
0x00007f4a5065bf80:   0000000000000000 00007f4a40bb56c7
0x00007f4a5065bf90:   00007f4a5065c078 00007f49cd176c50
0x00007f4a5065bfa0:   00007f4a40de4660 0000000000000000
0x00007f4a5065bfb0:   00007f4a5065e294 0000000000000000
0x00007f4a5065bfc0:   00007f4a5065c1d0 00007f4a5065c160
0x00007f4a5065bfd0:   00007f4a5065c110 0000000000000000
0x00007f4a5065bfe0:   0000000000000000 0000000000000000
0x00007f4a5065bff0:   0000000000000000 0000000000000000
0x00007f4a5065c000:   0100000000000000 0000000000000000
0x00007f4a5065c010:   0000000000000000 00007f4a00003120
0x00007f4a5065c020:   00007f4a40de4660 0000000000000000
0x00007f4a5065c030:   00007f49cc018ca0 0000000100000000
0x00007f4a5065c040:   00007f4a5065e3ec 00007f4a5065e288
0x00007f4a5065c050:   0000026e00000000 00007f4a6420bdb0
0x00007f4a5065c060:   00007f4a6420f1f8 0000000000000000
0x00007f4a5065c070:   0000000000000000 000001c900000000
0x00007f4a5065c080:   0000000000000000 0000000000000000
0x00007f4a5065c090:   0000000000000000 0000000000000000
0x00007f4a5065c0a0:   0000000000000000 0000000000000000
0x00007f4a5065c0b0:   0000000000000000 0000000000000000 

Instructions: (pc=0x00007f4a40b91f75)
0x00007f4a40b91f55:   44 21 fb 89 5c 24 0c 48 89 14 24 41 89 d8 48 8b
0x00007f4a40b91f65:   3c 24 89 d9 41 c1 e8 04 83 e1 0f 44 89 c6 01 c9
0x00007f4a40b91f75:   8b 04 b7 d3 e8 a8 02 0f 85 9c 00 00 00 a8 01 75
0x00007f4a40b91f85:   3f 41 89 db 49 8b 7e 10 49 c1 e3 05 4c 03 5d 18 

Register to memory mapping:

RAX=0x00000000c7c1a095 is an unknown value
RBX=0x00000000c5018015 is an unknown value
RCX=0x000000000000000a is an unknown value
RDX=0x00007f49cc40d620 is an unknown value
RSP=0x00007f4a5065bec0 is pointing into the stack for thread: 0x00007f4a6420f000
RBP=0x00007f49cc0195f0 is an unknown value
RSI=0x000000000c501801 is an unknown value
RDI=0x00007f49cc40d620 is an unknown value
R8 =0x000000000c501801 is an unknown value
R9 =0x0000000000000000 is an unknown value
R10=0x00007f4a000008d0 is an unknown value
R11=0x00007f4a40c2bfc0: _ZN9jprofiler6String8hashCodeEv+0 in /opt/jprofiler11.0/bin/linux-x64/libjprofilerti.so at 0x00007f4a40aa9000
R12=0x00007f4a5065c1a0 is pointing into the stack for thread: 0x00007f4a6420f000
R13=0x0000000000000000 is an unknown value
R14=0x00007f4a5065e200 is pointing into the stack for thread: 0x00007f4a6420f000
R15=0x00000000cd258b1f is an unknown value


Stack: [0x00007f4a50560000,0x00007f4a50661000],  sp=0x00007f4a5065bec0,  free space=1007k
Native frames: (J=compiled Java code, j=interpreted, Vv=VM code, C=native code)
C  [libjprofilerti.so+0xe8f75]  ProbePatches::getPatchFunction(jprofiler::String&, std::vector<std::pair<int, char const*>, std::allocator<std::pair<int, char const*> > >&)+0x185

Java frames: (J=compiled Java code, j=interpreted, Vv=VM code)
j  sun.misc.Signal.dispatch(I)V+25
v  ~StubRoutines::call_stub

---------------  P R O C E S S  ---------------

Java Threads: ( => current thread )
  0x00007f493802d800 JavaThread "RecvWorker:4" [_thread_in_native, id=16911, stack(0x00007f4a392c1000,0x00007f4a393c2000)]
  0x000000000244e000 JavaThread "RecvWorker:4" daemon [_thread_in_native, id=16910, stack(0x00007f4a394c3000,0x00007f4a395c4000)]
  0x00007f493802f800 JavaThread "SendWorker:4" [_thread_blocked, id=16909, stack(0x00007f4a3b2f5000,0x00007f4a3b3f6000)]
  0x0000000002450000 JavaThread "SendWorker:4" daemon [_thread_blocked, id=16908, stack(0x00007f4a3b1f4000,0x00007f4a3b2f5000)]
  0x00007f49c405d800 JavaThread "_jprofiler_control_sampler" daemon [_thread_blocked, id=16902, stack(0x00007f4a393c2000,0x00007f4a394c3000)]
  0x00007f49c4010800 JavaThread "_jprofiler_native_sampler" daemon [_thread_blocked, id=16901, stack(0x00007f4a391c0000,0x00007f4a392c1000)]
  0x000000000244c000 JavaThread "RecvWorker:2" daemon [_thread_in_native, id=16886, stack(0x00007f4a395c4000,0x00007f4a396c5000)]
  0x000000000244a800 JavaThread "SendWorker:2" daemon [_thread_blocked, id=16885, stack(0x00007f4a396c5000,0x00007f4a397c6000)]
  0x0000000002448800 JavaThread "RecvWorker:1" daemon [_thread_in_Java, id=16884, stack(0x00007f4a397c6000,0x00007f4a398c7000)]
  0x0000000002447000 JavaThread "SendWorker:1" daemon [_thread_blocked, id=16883, stack(0x00007f4a398c7000,0x00007f4a399c8000)]
  0x00007f4a64014000 JavaThread "DestroyJavaVM" [_thread_blocked, id=16801, stack(0x00007f4a692fb000,0x00007f4a693fb000)]
  0x00007f4a66f2e800 JavaThread "ClusterPeer[myid=4]" [_thread_blocked, id=16882, stack(0x00007f4a399c8000,0x00007f4a39ac9000)]
  0x00007f4a66f2d800 JavaThread "WorkerReceiver[myid=4]" daemon [_thread_blocked, id=16881, stack(0x00007f4a39ac9000,0x00007f4a39bca000)]
  0x00007f4a66f2b800 JavaThread "WorkerSender[myid=4]" daemon [_thread_blocked, id=16880, stack(0x00007f4a39bca000,0x00007f4a39ccb000)]
  0x00007f4a66f25800 JavaThread "/192.168.140.21:3888" [_thread_in_native, id=16879, stack(0x00007f4a39ccb000,0x00007f4a39dcc000)]
  0x00007f4a66f0f000 JavaThread "http-nio-8888-AsyncTimeout" daemon [_thread_blocked, id=16878, stack(0x00007f4a39dcc000,0x00007f4a39ecd000)]
  0x00007f4a66f0e000 JavaThread "http-nio-8888-Acceptor-0" daemon [_thread_in_native, id=16877, stack(0x00007f4a39ecd000,0x00007f4a39fce000)]
  0x00007f4a66f07000 JavaThread "http-nio-8888-ClientPoller-1" daemon [_thread_in_native, id=16876, stack(0x00007f4a39fce000,0x00007f4a3a0cf000)]
  0x00007f4a66eec000 JavaThread "http-nio-8888-ClientPoller-0" daemon [_thread_in_native, id=16875, stack(0x00007f4a3a0cf000,0x00007f4a3a1d0000)]
  0x00007f4a66ed0800 JavaThread "http-nio-8888-exec-10" daemon [_thread_blocked, id=16874, stack(0x00007f4a3a1d0000,0x00007f4a3a2d1000)]
  0x00007f4a66ece800 JavaThread "http-nio-8888-exec-9" daemon [_thread_blocked, id=16873, stack(0x00007f4a3a2d1000,0x00007f4a3a3d2000)]
  0x00007f4a66ecc800 JavaThread "http-nio-8888-exec-8" daemon [_thread_blocked, id=16872, stack(0x00007f4a3a3d2000,0x00007f4a3a4d3000)]
  0x00007f4a66eca800 JavaThread "http-nio-8888-exec-7" daemon [_thread_blocked, id=16871, stack(0x00007f4a3a4d3000,0x00007f4a3a5d4000)]
  0x00007f4a66ec8800 JavaThread "http-nio-8888-exec-6" daemon [_thread_blocked, id=16870, stack(0x00007f4a3a5d4000,0x00007f4a3a6d5000)]
  0x00007f4a66ec6800 JavaThread "http-nio-8888-exec-5" daemon [_thread_blocked, id=16869, stack(0x00007f4a3a6d5000,0x00007f4a3a7d6000)]
  0x00007f4a66ec4800 JavaThread "http-nio-8888-exec-4" daemon [_thread_blocked, id=16868, stack(0x00007f4a3a7d6000,0x00007f4a3a8d7000)]
  0x00007f4a66ec2800 JavaThread "http-nio-8888-exec-3" daemon [_thread_blocked, id=16867, stack(0x00007f4a3a8d7000,0x00007f4a3a9d8000)]
  0x00007f4a66ec1000 JavaThread "http-nio-8888-exec-2" daemon [_thread_blocked, id=16866, stack(0x00007f4a3a9d8000,0x00007f4a3aad9000)]
  0x00007f4a66ebe800 JavaThread "http-nio-8888-exec-1" daemon [_thread_blocked, id=16865, stack(0x00007f4a3aad9000,0x00007f4a3abda000)]
  0x00007f4a66ebb000 JavaThread "NioBlockingSelector.BlockPoller-1" daemon [_thread_in_native, id=16864, stack(0x00007f4a3abda000,0x00007f4a3acdb000)]
  0x00007f4a666da800 JavaThread "RadishQuartzScheduler_QuartzSchedulerThread" [_thread_blocked, id=16862, stack(0x00007f4a3b5f6000,0x00007f4a3b6f7000)]
  0x00007f4a666c7000 JavaThread "RadishQuartzScheduler_Worker-15" [_thread_blocked, id=16861, stack(0x00007f4a3b6f7000,0x00007f4a3b7f8000)]
  0x00007f4a666c5000 JavaThread "RadishQuartzScheduler_Worker-14" [_thread_blocked, id=16860, stack(0x00007f4a3b7f8000,0x00007f4a3b8f9000)]
  0x00007f4a666c3000 JavaThread "RadishQuartzScheduler_Worker-13" [_thread_blocked, id=16859, stack(0x00007f4a3b8f9000,0x00007f4a3b9fa000)]
  0x00007f4a666c1000 JavaThread "RadishQuartzScheduler_Worker-12" [_thread_blocked, id=16858, stack(0x00007f4a3b9fa000,0x00007f4a3bafb000)]
  0x00007f4a666bf000 JavaThread "RadishQuartzScheduler_Worker-11" [_thread_blocked, id=16857, stack(0x00007f4a3bafb000,0x00007f4a3bbfc000)]
  0x00007f4a666bd000 JavaThread "RadishQuartzScheduler_Worker-10" [_thread_blocked, id=16856, stack(0x00007f4a3bbfc000,0x00007f4a3bcfd000)]
  0x00007f4a66675000 JavaThread "RadishQuartzScheduler_Worker-9" [_thread_blocked, id=16855, stack(0x00007f4a3bcfd000,0x00007f4a3bdfe000)]
  0x00007f4a66673000 JavaThread "RadishQuartzScheduler_Worker-8" [_thread_blocked, id=16854, stack(0x00007f4a3bdfe000,0x00007f4a3beff000)]
  0x00007f4a66671000 JavaThread "RadishQuartzScheduler_Worker-7" [_thread_blocked, id=16853, stack(0x00007f4a3beff000,0x00007f4a3c000000)]
  0x00007f4a6666f000 JavaThread "RadishQuartzScheduler_Worker-6" [_thread_blocked, id=16852, stack(0x00007f4a40013000,0x00007f4a40114000)]
  0x00007f4a6666d000 JavaThread "RadishQuartzScheduler_Worker-5" [_thread_blocked, id=16851, stack(0x00007f4a40114000,0x00007f4a40215000)]
  0x00007f4a6666b000 JavaThread "RadishQuartzScheduler_Worker-4" [_thread_blocked, id=16850, stack(0x00007f4a40215000,0x00007f4a40316000)]
  0x00007f4a66669800 JavaThread "RadishQuartzScheduler_Worker-3" [_thread_blocked, id=16849, stack(0x00007f4a40316000,0x00007f4a40417000)]
  0x00007f4a66667800 JavaThread "RadishQuartzScheduler_Worker-2" [_thread_blocked, id=16848, stack(0x00007f4a40417000,0x00007f4a40518000)]
  0x00007f4a66686000 JavaThread "RadishQuartzScheduler_Worker-1" [_thread_blocked, id=16847, stack(0x00007f4a40518000,0x00007f4a40619000)]
  0x00007f49cd182800 JavaThread "_jprofiler_native_comm" daemon [_thread_in_native, id=16845, stack(0x00007f4a40619000,0x00007f4a4071a000)]
  0x00007f49cc49c800 JavaThread "_jprofiler_sampler" daemon [_thread_blocked, id=16844, stack(0x00007f4a48056000,0x00007f4a48157000)]
  0x00007f4a00001000 JavaThread "Attach Listener" daemon [_thread_blocked, id=16843, stack(0x00007f4a48157000,0x00007f4a48258000)]
  0x00007f4a6655f800 JavaThread "Druid-ConnectionPool-Destroy-41595398" daemon [_thread_blocked, id=16841, stack(0x00007f4a48858000,0x00007f4a48959000)]
  0x00007f4a6655f000 JavaThread "Druid-ConnectionPool-Create-41595398" daemon [_thread_blocked, id=16840, stack(0x00007f4a48959000,0x00007f4a48a5a000)]
  0x00007f4a664a5800 JavaThread "Abandoned connection cleanup thread" daemon [_thread_blocked, id=16839, stack(0x00007f4a48c5a000,0x00007f4a48d5b000)]
  0x00007f4a6640f000 JavaThread "container-0" [_thread_blocked, id=16838, stack(0x00007f4a4a85c000,0x00007f4a4a95d000)]
  0x00007f4a66406800 JavaThread "ContainerBackgroundProcessor[StandardEngine[Tomcat]]" daemon [_thread_blocked, id=16837, stack(0x00007f4a4aff3000,0x00007f4a4b0f4000)]
  0x00007f4a64827800 JavaThread "Service Thread" daemon [_thread_blocked, id=16833, stack(0x00007f4a4b6f4000,0x00007f4a4b7f5000)]
  0x00007f4a64782800 JavaThread "C1 CompilerThread3" daemon [_thread_blocked, id=16832, stack(0x00007f4a4b7f6000,0x00007f4a4b8f6000)]
  0x00007f4a6477d800 JavaThread "C2 CompilerThread2" daemon [_thread_blocked, id=16831, stack(0x00007f4a4b8f7000,0x00007f4a4b9f7000)]
  0x00007f4a64780000 JavaThread "C2 CompilerThread1" daemon [_thread_blocked, id=16830, stack(0x00007f4a4b9f8000,0x00007f4a4baf8000)]
  0x00007f4a64787800 JavaThread "C2 CompilerThread0" daemon [_thread_blocked, id=16829, stack(0x00007f4a4baf9000,0x00007f4a4bbf9000)]
  0x00007f4a64221800 JavaThread "JDWP Event Helper Thread" daemon [_thread_blocked, id=16823, stack(0x00007f4a5015a000,0x00007f4a5025b000)]
  0x00007f4a6421e000 JavaThread "JDWP Transport Listener: dt_socket" daemon [_thread_in_native, id=16821, stack(0x00007f4a5025b000,0x00007f4a5035c000)]
=>0x00007f4a6420f000 JavaThread "Signal Dispatcher" daemon [_thread_in_native, id=16819, stack(0x00007f4a50560000,0x00007f4a50661000)]
  0x00007f4a641dd000 JavaThread "Finalizer" daemon [_thread_blocked, id=16818, stack(0x00007f4a50661000,0x00007f4a50762000)]
  0x00007f4a641da800 JavaThread "Reference Handler" daemon [_thread_blocked, id=16817, stack(0x00007f4a50762000,0x00007f4a50863000)]

Other Threads:
  0x00007f4a641d1000 VMThread [stack: 0x00007f4a50864000,0x00007f4a50964000] [id=16816]
  0x00007f4a6483a800 WatcherThread [stack: 0x00007f4a4b5f4000,0x00007f4a4b6f4000] [id=16834]

VM state:not at safepoint (normal execution)

VM Mutex/Monitor currently owned by a thread: None

Heap:
 PSYoungGen      total 350720K, used 215302K [0x000000076d100000, 0x0000000784d00000, 0x00000007c0000000)
  eden space 332288K, 64% used [0x000000076d100000,0x000000077a341a00,0x0000000781580000)
  from space 18432K, 0% used [0x0000000782980000,0x0000000782980000,0x0000000783b80000)
  to   space 20480K, 0% used [0x0000000781580000,0x0000000781580000,0x0000000782980000)
 ParOldGen       total 237568K, used 28049K [0x00000006c7200000, 0x00000006d5a00000, 0x000000076d100000)
  object space 237568K, 11% used [0x00000006c7200000,0x00000006c8d647e0,0x00000006d5a00000)
 Metaspace       used 62096K, capacity 64132K, committed 64384K, reserved 1105920K
  class space    used 7578K, capacity 7952K, committed 8064K, reserved 1048576K

Card table byte_map: [0x00007f4a54478000,0x00007f4a54c40000] byte_map_base: 0x00007f4a50e3f000

Marking Bits: (ParMarkBitMap*) 0x00007f4a6a553de0
 Begin Bits: [0x00007f4a14390000, 0x00007f4a181c8000)
 End Bits:   [0x00007f4a181c8000, 0x00007f4a1c000000)

Polling page: 0x00007f4a6a9b7000

CodeCache: size=245760Kb used=14751Kb max_used=22745Kb free=231008Kb
 bounds [0x00007f4a55000000, 0x00007f4a56650000, 0x00007f4a64000000]
 total_blobs=5406 nmethods=4841 adapters=485
 compilation: enabled

Compilation events (10 events):
Event: 139.519 Thread 0x00007f4a64782800 7135       3       sun.nio.ch.SelectorImpl::keys (28 bytes)
Event: 139.519 Thread 0x00007f4a64782800 nmethod 7135 0x00007f4a5525cbd0 code [0x00007f4a5525cd80, 0x00007f4a5525d238]
Event: 142.128 Thread 0x00007f4a64782800 7136       3       com.jprofiler.agent.probe.f.l::a (98 bytes)
Event: 142.129 Thread 0x00007f4a64782800 nmethod 7136 0x00007f4a55332110 code [0x00007f4a55332300, 0x00007f4a553329a8]
Event: 142.129 Thread 0x00007f4a64782800 7137   !   3       com.jprofiler.agent.probe.w::a (57 bytes)
Event: 142.129 Thread 0x00007f4a64782800 nmethod 7137 0x00007f4a55112950 code [0x00007f4a55112b00, 0x00007f4a55113008]
Event: 144.474 Thread 0x00007f4a64782800 7138       1       org.apache.catalina.valves.ValveBase::getNext (5 bytes)
Event: 144.474 Thread 0x00007f4a64782800 nmethod 7138 0x00007f4a552d4450 code [0x00007f4a552d45a0, 0x00007f4a552d46b0]
Event: 144.524 Thread 0x00007f4a64782800 7139       3       java.util.Collections$UnmodifiableCollection::iterator (9 bytes)
Event: 144.524 Thread 0x00007f4a64782800 nmethod 7139 0x00007f4a55202d90 code [0x00007f4a55202f40, 0x00007f4a55203498]

GC Heap History (10 events):
Event: 3.531 GC heap before
{Heap before GC invocations=9 (full 2):
 PSYoungGen      total 204800K, used 8857K [0x000000076d100000, 0x0000000780100000, 0x00000007c0000000)
  eden space 194048K, 0% used [0x000000076d100000,0x000000076d100000,0x0000000778e80000)
  from space 10752K, 82% used [0x0000000778e80000,0x00000007797267e8,0x0000000779900000)
  to   space 11264K, 0% used [0x000000077f600000,0x000000077f600000,0x0000000780100000)
 ParOldGen       total 99328K, used 7907K [0x00000006c7200000, 0x00000006cd300000, 0x000000076d100000)
  object space 99328K, 7% used [0x00000006c7200000,0x00000006c79b8da0,0x00000006cd300000)
 Metaspace       used 34310K, capacity 35296K, committed 35416K, reserved 1081344K
  class space    used 4326K, capacity 4568K, committed 4608K, reserved 1048576K
Event: 3.591 GC heap after
Heap after GC invocations=9 (full 2):
 PSYoungGen      total 204800K, used 0K [0x000000076d100000, 0x0000000780100000, 0x00000007c0000000)
  eden space 194048K, 0% used [0x000000076d100000,0x000000076d100000,0x0000000778e80000)
  from space 10752K, 0% used [0x0000000778e80000,0x0000000778e80000,0x0000000779900000)
  to   space 11264K, 0% used [0x000000077f600000,0x000000077f600000,0x0000000780100000)
 ParOldGen       total 160256K, used 13359K [0x00000006c7200000, 0x00000006d0e80000, 0x000000076d100000)
  object space 160256K, 8% used [0x00000006c7200000,0x00000006c7f0bfd8,0x00000006d0e80000)
 Metaspace       used 34310K, capacity 35296K, committed 35416K, reserved 1081344K
  class space    used 4326K, capacity 4568K, committed 4608K, reserved 1048576K
}
Event: 4.821 GC heap before
{Heap before GC invocations=10 (full 2):
 PSYoungGen      total 204800K, used 194048K [0x000000076d100000, 0x0000000780100000, 0x00000007c0000000)
  eden space 194048K, 100% used [0x000000076d100000,0x0000000778e80000,0x0000000778e80000)
  from space 10752K, 0% used [0x0000000778e80000,0x0000000778e80000,0x0000000779900000)
  to   space 11264K, 0% used [0x000000077f600000,0x000000077f600000,0x0000000780100000)
 ParOldGen       total 160256K, used 13359K [0x00000006c7200000, 0x00000006d0e80000, 0x000000076d100000)
  object space 160256K, 8% used [0x00000006c7200000,0x00000006c7f0bfd8,0x00000006d0e80000)
 Metaspace       used 42671K, capacity 44128K, committed 44160K, reserved 1087488K
  class space    used 5197K, capacity 5500K, committed 5504K, reserved 1048576K
Event: 4.836 GC heap after
Heap after GC invocations=10 (full 2):
 PSYoungGen      total 283648K, used 11263K [0x000000076d100000, 0x0000000780100000, 0x00000007c0000000)
  eden space 272384K, 0% used [0x000000076d100000,0x000000076d100000,0x000000077db00000)
  from space 11264K, 99% used [0x000000077f600000,0x00000007800ffdb8,0x0000000780100000)
  to   space 13312K, 0% used [0x000000077e700000,0x000000077e700000,0x000000077f400000)
 ParOldGen       total 160256K, used 15710K [0x00000006c7200000, 0x00000006d0e80000, 0x000000076d100000)
  object space 160256K, 9% used [0x00000006c7200000,0x00000006c8157aa8,0x00000006d0e80000)
 Metaspace       used 42671K, capacity 44128K, committed 44160K, reserved 1087488K
  class space    used 5197K, capacity 5500K, committed 5504K, reserved 1048576K
}
Event: 6.681 GC heap before
{Heap before GC invocations=11 (full 2):
 PSYoungGen      total 283648K, used 283647K [0x000000076d100000, 0x0000000780100000, 0x00000007c0000000)
  eden space 272384K, 100% used [0x000000076d100000,0x000000077db00000,0x000000077db00000)
  from space 11264K, 99% used [0x000000077f600000,0x00000007800ffdb8,0x0000000780100000)
  to   space 13312K, 0% used [0x000000077e700000,0x000000077e700000,0x000000077f400000)
 ParOldGen       total 160256K, used 15710K [0x00000006c7200000, 0x00000006d0e80000, 0x000000076d100000)
  object space 160256K, 9% used [0x00000006c7200000,0x00000006c8157aa8,0x00000006d0e80000)
 Metaspace       used 54728K, capacity 56406K, committed 56576K, reserved 1099776K
  class space    used 6697K, capacity 7041K, committed 7168K, reserved 1048576K
Event: 6.700 GC heap after
Heap after GC invocations=11 (full 2):
 PSYoungGen      total 297984K, used 13299K [0x000000076d100000, 0x0000000783b80000, 0x00000007c0000000)
  eden space 284672K, 0% used [0x000000076d100000,0x000000076d100000,0x000000077e700000)
  from space 13312K, 99% used [0x000000077e700000,0x000000077f3fcec0,0x000000077f400000)
  to   space 18432K, 0% used [0x0000000782980000,0x0000000782980000,0x0000000783b80000)
 ParOldGen       total 160256K, used 24108K [0x00000006c7200000, 0x00000006d0e80000, 0x000000076d100000)
  object space 160256K, 15% used [0x00000006c7200000,0x00000006c898b320,0x00000006d0e80000)
 Metaspace       used 54728K, capacity 56406K, committed 56576K, reserved 1099776K
  class space    used 6697K, capacity 7041K, committed 7168K, reserved 1048576K
}
Event: 7.976 GC heap before
{Heap before GC invocations=12 (full 2):
 PSYoungGen      total 297984K, used 100905K [0x000000076d100000, 0x0000000783b80000, 0x00000007c0000000)
  eden space 284672K, 30% used [0x000000076d100000,0x000000077268d550,0x000000077e700000)
  from space 13312K, 99% used [0x000000077e700000,0x000000077f3fcec0,0x000000077f400000)
  to   space 18432K, 0% used [0x0000000782980000,0x0000000782980000,0x0000000783b80000)
 ParOldGen       total 160256K, used 24108K [0x00000006c7200000, 0x00000006d0e80000, 0x000000076d100000)
  object space 160256K, 15% used [0x00000006c7200000,0x00000006c898b320,0x00000006d0e80000)
 Metaspace       used 57229K, capacity 58988K, committed 59028K, reserved 1101824K
  class space    used 7021K, capacity 7384K, committed 7424K, reserved 1048576K
Event: 7.994 GC heap after
Heap after GC invocations=12 (full 2):
 PSYoungGen      total 350720K, used 17269K [0x000000076d100000, 0x0000000784d00000, 0x00000007c0000000)
  eden space 332288K, 0% used [0x000000076d100000,0x000000076d100000,0x0000000781580000)
  from space 18432K, 93% used [0x0000000782980000,0x0000000783a5d6a8,0x0000000783b80000)
  to   space 20480K, 0% used [0x0000000781580000,0x0000000781580000,0x0000000782980000)
 ParOldGen       total 160256K, used 24124K [0x00000006c7200000, 0x00000006d0e80000, 0x000000076d100000)
  object space 160256K, 15% used [0x00000006c7200000,0x00000006c898f338,0x00000006d0e80000)
 Metaspace       used 57229K, capacity 58988K, committed 59028K, reserved 1101824K
  class space    used 7021K, capacity 7384K, committed 7424K, reserved 1048576K
}
Event: 7.994 GC heap before
{Heap before GC invocations=13 (full 3):
 PSYoungGen      total 350720K, used 17269K [0x000000076d100000, 0x0000000784d00000, 0x00000007c0000000)
  eden space 332288K, 0% used [0x000000076d100000,0x000000076d100000,0x0000000781580000)
  from space 18432K, 93% used [0x0000000782980000,0x0000000783a5d6a8,0x0000000783b80000)
  to   space 20480K, 0% used [0x0000000781580000,0x0000000781580000,0x0000000782980000)
 ParOldGen       total 160256K, used 24124K [0x00000006c7200000, 0x00000006d0e80000, 0x000000076d100000)
  object space 160256K, 15% used [0x00000006c7200000,0x00000006c898f338,0x00000006d0e80000)
 Metaspace       used 57229K, capacity 58988K, committed 59028K, reserved 1101824K
  class space    used 7021K, capacity 7384K, committed 7424K, reserved 1048576K
Event: 8.174 GC heap after
Heap after GC invocations=13 (full 3):
 PSYoungGen      total 350720K, used 0K [0x000000076d100000, 0x0000000784d00000, 0x00000007c0000000)
  eden space 332288K, 0% used [0x000000076d100000,0x000000076d100000,0x0000000781580000)
  from space 18432K, 0% used [0x0000000782980000,0x0000000782980000,0x0000000783b80000)
  to   space 20480K, 0% used [0x0000000781580000,0x0000000781580000,0x0000000782980000)
 ParOldGen       total 237568K, used 28049K [0x00000006c7200000, 0x00000006d5a00000, 0x000000076d100000)
  object space 237568K, 11% used [0x00000006c7200000,0x00000006c8d647e0,0x00000006d5a00000)
 Metaspace       used 57149K, capacity 58862K, committed 59028K, reserved 1101824K
  class space    used 7009K, capacity 7363K, committed 7424K, reserved 1048576K
}

Deoptimization events (10 events):
Event: 12.445 Thread 0x00007f49cd182800 Uncommon trap: reason=unhandled action=none pc=0x00007f4a55b5f3e0 method=java.net.URLClassLoader.findClass(Ljava/lang/String;)Ljava/lang/Class; @ 44
Event: 14.469 Thread 0x00007f4a66406800 Uncommon trap: reason=predicate action=maybe_recompile pc=0x00007f4a55189dcc method=java.util.AbstractCollection.toArray([Ljava/lang/Object;)[Ljava/lang/Object; @ 49
Event: 14.469 Thread 0x00007f4a66406800 Uncommon trap: reason=unhandled action=none pc=0x00007f4a55b5f3e0 method=java.net.URLClassLoader.findClass(Ljava/lang/String;)Ljava/lang/Class; @ 44
Event: 14.470 Thread 0x00007f4a66406800 Uncommon trap: reason=unhandled action=none pc=0x00007f4a55b5f3e0 method=java.net.URLClassLoader.findClass(Ljava/lang/String;)Ljava/lang/Class; @ 44
Event: 64.472 Thread 0x00007f4a66406800 Uncommon trap: reason=array_check action=maybe_recompile pc=0x00007f4a5526027c method=java.util.AbstractCollection.toArray([Ljava/lang/Object;)[Ljava/lang/Object; @ 119
Event: 64.472 Thread 0x00007f4a66406800 Uncommon trap: reason=array_check action=maybe_recompile pc=0x00007f4a5526027c method=java.util.AbstractCollection.toArray([Ljava/lang/Object;)[Ljava/lang/Object; @ 119
Event: 64.472 Thread 0x00007f4a66406800 Uncommon trap: reason=array_check action=maybe_recompile pc=0x00007f4a5526027c method=java.util.AbstractCollection.toArray([Ljava/lang/Object;)[Ljava/lang/Object; @ 119
Event: 74.472 Thread 0x00007f4a66406800 Uncommon trap: reason=array_check action=maybe_recompile pc=0x00007f4a5526027c method=java.util.AbstractCollection.toArray([Ljava/lang/Object;)[Ljava/lang/Object; @ 119
Event: 147.359 Thread 0x00007f4a6420f000 Uncommon trap: reason=bimorphic action=maybe_recompile pc=0x00007f4a55185d48 method=java.util.Hashtable.get(Ljava/lang/Object;)Ljava/lang/Object; @ 45
Event: 147.359 Thread 0x00007f4a6420f000 Uncommon trap: reason=bimorphic action=maybe_recompile pc=0x00007f4a55185d48 method=java.util.Hashtable.get(Ljava/lang/Object;)Ljava/lang/Object; @ 45

Classes redefined (10 events):
Event: 12.240 Thread 0x00007f4a641d1000 redefined class name=java.net.Socket, count=2
Event: 12.258 Thread 0x00007f4a641d1000 redefined class name=sun.nio.ch.FileChannelImpl, count=2
Event: 12.275 Thread 0x00007f4a641d1000 redefined class name=javax.management.MBeanServerBuilder, count=2
Event: 12.292 Thread 0x00007f4a641d1000 redefined class name=java.lang.management.ManagementFactory, count=2
Event: 12.308 Thread 0x00007f4a641d1000 redefined class name=java.util.concurrent.locks.LockSupport, count=3
Event: 12.325 Thread 0x00007f4a641d1000 redefined class name=javax.naming.InitialContext, count=2
Event: 12.343 Thread 0x00007f4a641d1000 redefined class name=java.nio.Bits, count=2
Event: 12.361 Thread 0x00007f4a641d1000 redefined class name=java.io.FileOutputStream, count=2
Event: 12.378 Thread 0x00007f4a641d1000 redefined class name=java.io.FileInputStream, count=2
Event: 12.396 Thread 0x00007f4a641d1000 redefined class name=java.lang.Thread, count=3

Internal exceptions (10 events):
Event: 9.097 Thread 0x00007f4a64014000 Exception <a 'java/lang/ArrayIndexOutOfBoundsException': 93> (0x00000007743dbe48) thrown at [/HUDSON/workspace/8-2-build-linux-amd64/jdk8u172/10810/hotspot/src/share/vm/interpreter/interpreterRuntime.cpp, line 366]
Event: 9.098 Thread 0x00007f4a64014000 Exception <a 'java/lang/ArrayIndexOutOfBoundsException': 234> (0x000000077441cc80) thrown at [/HUDSON/workspace/8-2-build-linux-amd64/jdk8u172/10810/hotspot/src/share/vm/interpreter/interpreterRuntime.cpp, line 366]
Event: 9.156 Thread 0x00007f4a64014000 Exception <a 'java/lang/ArrayIndexOutOfBoundsException': 323> (0x00000007749b54d8) thrown at [/HUDSON/workspace/8-2-build-linux-amd64/jdk8u172/10810/hotspot/src/share/vm/interpreter/interpreterRuntime.cpp, line 366]
Event: 9.280 Thread 0x000000000244e000 Exception <a 'java/net/SocketException': Socket closed> (0x00000007768d8668) thrown at [/HUDSON/workspace/8-2-build-linux-amd64/jdk8u172/10810/hotspot/src/share/vm/prims/jni.cpp, line 735]
Event: 9.281 Thread 0x00007f493802c000 Exception <a 'java/net/SocketException'> (0x0000000776f560b8) thrown at [/HUDSON/workspace/8-2-build-linux-amd64/jdk8u172/10810/hotspot/src/share/vm/prims/jni.cpp, line 709]
Event: 9.498 Thread 0x00007f493802d800 Exception <a 'java/net/SocketException'> (0x0000000777c50e90) thrown at [/HUDSON/workspace/8-2-build-linux-amd64/jdk8u172/10810/hotspot/src/share/vm/prims/jni.cpp, line 709]
Event: 9.893 Thread 0x00007f493802d800 Exception <a 'java/net/SocketException'> (0x00000007782ce670) thrown at [/HUDSON/workspace/8-2-build-linux-amd64/jdk8u172/10810/hotspot/src/share/vm/prims/jni.cpp, line 709]
Event: 10.210 Thread 0x00007f49c405d800 Exception <a 'java/lang/InterruptedException': sleep interrupted> (0x0000000778c8a878) thrown at [/HUDSON/workspace/8-2-build-linux-amd64/jdk8u172/10810/hotspot/src/share/vm/prims/jvm.cpp, line 3225]
Event: 10.697 Thread 0x0000000002450000 Exception <a 'java/net/SocketException': Socket closed> (0x0000000778e29f38) thrown at [/HUDSON/workspace/8-2-build-linux-amd64/jdk8u172/10810/hotspot/src/share/vm/prims/jni.cpp, line 735]
Event: 10.702 Thread 0x00007f493802d800 Exception <a 'java/net/SocketException'> (0x0000000779168db8) thrown at [/HUDSON/workspace/8-2-build-linux-amd64/jdk8u172/10810/hotspot/src/share/vm/prims/jni.cpp, line 709]

Events (10 events):
Event: 144.524 Thread 0x00007f4a64782800 flushing nmethod 0x00007f4a55759310
Event: 144.524 Thread 0x00007f4a64782800 flushing nmethod 0x00007f4a5576bcd0
Event: 147.359 Thread 0x00007f4a04001000 Thread exited: 0x00007f4a04001000
Event: 147.359 Thread 0x00007f4a6420f000 Uncommon trap: trap_request=0xffffffc6 fr.pc=0x00007f4a55185d48
Event: 147.359 Thread 0x00007f4a6420f000 DEOPT PACKING pc=0x00007f4a55185d48 sp=0x00007f4a5065f5e0
Event: 147.359 Thread 0x00007f4a6420f000 DEOPT UNPACKING pc=0x00007f4a5504573a sp=0x00007f4a5065f5a0 mode 2
Event: 147.359 Thread 0x00007f4a6420f000 Uncommon trap: trap_request=0xffffffc6 fr.pc=0x00007f4a55185d48
Event: 147.359 Thread 0x00007f4a6420f000 DEOPT PACKING pc=0x00007f4a55185d48 sp=0x00007f4a5065f5e0
Event: 147.359 Thread 0x00007f4a6420f000 DEOPT UNPACKING pc=0x00007f4a5504573a sp=0x00007f4a5065f5a0 mode 2
Event: 147.359 loading class sun/misc/Signal$1


Dynamic libraries:
00400000-00401000 r-xp 00000000 08:12 3676775                            /usr/local/java/jdk1.8.0_172/bin/java
00600000-00601000 rw-p 00000000 08:12 3676775                            /usr/local/java/jdk1.8.0_172/bin/java
0242a000-0246c000 rw-p 00000000 00:00 0                                  [heap]
6c7200000-6d5a00000 rw-p 00000000 00:00 0 
6d5a00000-76d100000 ---p 00000000 00:00 0 
76d100000-784d00000 rw-p 00000000 00:00 0 
784d00000-7c0000000 ---p 00000000 00:00 0 
7c0000000-7c07e0000 rw-p 00000000 00:00 0 
7c07e0000-800000000 ---p 00000000 00:00 0 
7f4938000000-7f4938031000 rw-p 00000000 00:00 0 
7f4938031000-7f493c000000 ---p 00000000 00:00 0 
7f4940000000-7f494002a000 rw-p 00000000 00:00 0 
7f494002a000-7f4944000000 ---p 00000000 00:00 0 
7f4944000000-7f494403d000 rw-p 00000000 00:00 0 
7f494403d000-7f4948000000 ---p 00000000 00:00 0 
7f4948000000-7f494802a000 rw-p 00000000 00:00 0 
7f494802a000-7f494c000000 ---p 00000000 00:00 0 
7f494c000000-7f494c02d000 rw-p 00000000 00:00 0 
7f494c02d000-7f4950000000 ---p 00000000 00:00 0 
7f4950000000-7f495002b000 rw-p 00000000 00:00 0 
7f495002b000-7f4954000000 ---p 00000000 00:00 0 
7f4954000000-7f4954099000 rw-p 00000000 00:00 0 
7f4954099000-7f4958000000 ---p 00000000 00:00 0 
7f4958000000-7f495802f000 rw-p 00000000 00:00 0 
7f495802f000-7f495c000000 ---p 00000000 00:00 0 
7f495c000000-7f495c02f000 rw-p 00000000 00:00 0 
7f495c02f000-7f4960000000 ---p 00000000 00:00 0 
7f4960000000-7f496002a000 rw-p 00000000 00:00 0 
7f496002a000-7f4964000000 ---p 00000000 00:00 0 
7f4964000000-7f496402c000 rw-p 00000000 00:00 0 
7f496402c000-7f4968000000 ---p 00000000 00:00 0 
7f4968000000-7f496802b000 rw-p 00000000 00:00 0 
7f496802b000-7f496c000000 ---p 00000000 00:00 0 
7f496c000000-7f496c02a000 rw-p 00000000 00:00 0 
7f496c02a000-7f4970000000 ---p 00000000 00:00 0 
7f4970000000-7f497002a000 rw-p 00000000 00:00 0 
7f497002a000-7f4974000000 ---p 00000000 00:00 0 
7f4974000000-7f497402d000 rw-p 00000000 00:00 0 
7f497402d000-7f4978000000 ---p 00000000 00:00 0 
7f4978000000-7f497802b000 rw-p 00000000 00:00 0 
7f497802b000-7f497c000000 ---p 00000000 00:00 0 
7f497c000000-7f497c02c000 rw-p 00000000 00:00 0 
7f497c02c000-7f4980000000 ---p 00000000 00:00 0 
7f4980000000-7f498002d000 rw-p 00000000 00:00 0 
7f498002d000-7f4984000000 ---p 00000000 00:00 0 
7f4984000000-7f498497e000 rw-p 00000000 00:00 0 
7f498497e000-7f4988000000 ---p 00000000 00:00 0 
7f4988000000-7f49882b4000 rw-p 00000000 00:00 0 
7f49882b4000-7f498c000000 ---p 00000000 00:00 0 
7f498c000000-7f498c05a000 rw-p 00000000 00:00 0 
7f498c05a000-7f4990000000 ---p 00000000 00:00 0 
7f4990000000-7f499002d000 rw-p 00000000 00:00 0 
7f499002d000-7f4994000000 ---p 00000000 00:00 0 
7f4994000000-7f499402c000 rw-p 00000000 00:00 0 
7f499402c000-7f4998000000 ---p 00000000 00:00 0 
7f4998000000-7f499802c000 rw-p 00000000 00:00 0 
7f499802c000-7f499c000000 ---p 00000000 00:00 0 
7f499c000000-7f499c02b000 rw-p 00000000 00:00 0 
7f499c02b000-7f49a0000000 ---p 00000000 00:00 0 
7f49a0000000-7f49a002a000 rw-p 00000000 00:00 0 
7f49a002a000-7f49a4000000 ---p 00000000 00:00 0 
7f49a4000000-7f49a402a000 rw-p 00000000 00:00 0 
7f49a402a000-7f49a8000000 ---p 00000000 00:00 0 
7f49a8000000-7f49a8021000 rw-p 00000000 00:00 0 
7f49a8021000-7f49ac000000 ---p 00000000 00:00 0 
7f49ac000000-7f49ac02a000 rw-p 00000000 00:00 0 
7f49ac02a000-7f49b0000000 ---p 00000000 00:00 0 
7f49b0000000-7f49b0021000 rw-p 00000000 00:00 0 
7f49b0021000-7f49b4000000 ---p 00000000 00:00 0 
7f49b4000000-7f49b4021000 rw-p 00000000 00:00 0 
7f49b4021000-7f49b8000000 ---p 00000000 00:00 0 
7f49b8000000-7f49b8021000 rw-p 00000000 00:00 0 
7f49b8021000-7f49bc000000 ---p 00000000 00:00 0 
7f49bc000000-7f49bc021000 rw-p 00000000 00:00 0 
7f49bc021000-7f49c0000000 ---p 00000000 00:00 0 
7f49c0000000-7f49c0021000 rw-p 00000000 00:00 0 
7f49c0021000-7f49c4000000 ---p 00000000 00:00 0 
7f49c4000000-7f49c4437000 rw-p 00000000 00:00 0 
7f49c4437000-7f49c8000000 ---p 00000000 00:00 0 
7f49c8000000-7f49c8021000 rw-p 00000000 00:00 0 
7f49c8021000-7f49cc000000 ---p 00000000 00:00 0 
7f49cc000000-7f49cd271000 rw-p 00000000 00:00 0 
7f49cd271000-7f49d0000000 ---p 00000000 00:00 0 
7f49d0000000-7f49d0021000 rw-p 00000000 00:00 0 
7f49d0021000-7f49d4000000 ---p 00000000 00:00 0 
7f49d4000000-7f49d4021000 rw-p 00000000 00:00 0 
7f49d4021000-7f49d8000000 ---p 00000000 00:00 0 
7f49d8000000-7f49d87ce000 rw-p 00000000 00:00 0 
7f49d87ce000-7f49dc000000 ---p 00000000 00:00 0 
7f49dc000000-7f49dc021000 rw-p 00000000 00:00 0 
7f49dc021000-7f49e0000000 ---p 00000000 00:00 0 
7f49e0000000-7f49e0021000 rw-p 00000000 00:00 0 
7f49e0021000-7f49e4000000 ---p 00000000 00:00 0 
7f49e4000000-7f49e4021000 rw-p 00000000 00:00 0 
7f49e4021000-7f49e8000000 ---p 00000000 00:00 0 
7f49e8000000-7f49ea63d000 rw-p 00000000 00:00 0 
7f49ea63d000-7f49ec000000 ---p 00000000 00:00 0 
7f49ec000000-7f49ed6ed000 rw-p 00000000 00:00 0 
7f49ed6ed000-7f49f0000000 ---p 00000000 00:00 0 
7f49f0000000-7f49f3ffd000 rw-p 00000000 00:00 0 
7f49f3ffd000-7f49f4000000 ---p 00000000 00:00 0 
7f49f4000000-7f49f6e57000 rw-p 00000000 00:00 0 
7f49f6e57000-7f49f8000000 ---p 00000000 00:00 0 
7f49f8000000-7f49f8021000 rw-p 00000000 00:00 0 
7f49f8021000-7f49fc000000 ---p 00000000 00:00 0 
7f49fc000000-7f49fc021000 rw-p 00000000 00:00 0 
7f49fc021000-7f4a00000000 ---p 00000000 00:00 0 
7f4a00000000-7f4a00021000 rw-p 00000000 00:00 0 
7f4a00021000-7f4a04000000 ---p 00000000 00:00 0 
7f4a04000000-7f4a040d5000 rw-p 00000000 00:00 0 
7f4a040d5000-7f4a08000000 ---p 00000000 00:00 0 
7f4a08000000-7f4a08021000 rw-p 00000000 00:00 0 
7f4a08021000-7f4a0c000000 ---p 00000000 00:00 0 
7f4a0c000000-7f4a0c021000 rw-p 00000000 00:00 0 
7f4a0c021000-7f4a10000000 ---p 00000000 00:00 0 
7f4a10000000-7f4a11a7c000 rw-p 00000000 00:00 0 
7f4a11a7c000-7f4a14000000 ---p 00000000 00:00 0 
7f4a14390000-7f4a1c000000 rw-p 00000000 00:00 0 
7f4a1c000000-7f4a1c021000 rw-p 00000000 00:00 0 
7f4a1c021000-7f4a20000000 ---p 00000000 00:00 0 
7f4a20000000-7f4a20021000 rw-p 00000000 00:00 0 
7f4a20021000-7f4a24000000 ---p 00000000 00:00 0 
7f4a24000000-7f4a24021000 rw-p 00000000 00:00 0 
7f4a24021000-7f4a28000000 ---p 00000000 00:00 0 
7f4a2c000000-7f4a2c021000 rw-p 00000000 00:00 0 
7f4a2c021000-7f4a30000000 ---p 00000000 00:00 0 
7f4a30000000-7f4a3002a000 rw-p 00000000 00:00 0 
7f4a3002a000-7f4a34000000 ---p 00000000 00:00 0 
7f4a34000000-7f4a34021000 rw-p 00000000 00:00 0 
7f4a34021000-7f4a38000000 ---p 00000000 00:00 0 
7f4a391c0000-7f4a391c3000 ---p 00000000 00:00 0 
7f4a391c3000-7f4a392c1000 rw-p 00000000 00:00 0 
7f4a392c1000-7f4a392c4000 ---p 00000000 00:00 0 
7f4a392c4000-7f4a393c2000 rw-p 00000000 00:00 0 
7f4a393c2000-7f4a393c5000 ---p 00000000 00:00 0 
7f4a393c5000-7f4a394c3000 rw-p 00000000 00:00 0 
7f4a394c3000-7f4a394c6000 ---p 00000000 00:00 0 
7f4a394c6000-7f4a395c4000 rw-p 00000000 00:00 0 
7f4a395c4000-7f4a395c7000 ---p 00000000 00:00 0 
7f4a395c7000-7f4a396c5000 rw-p 00000000 00:00 0 
7f4a396c5000-7f4a396c8000 ---p 00000000 00:00 0 
7f4a396c8000-7f4a397c6000 rw-p 00000000 00:00 0 
7f4a397c6000-7f4a397c9000 ---p 00000000 00:00 0 
7f4a397c9000-7f4a398c7000 rw-p 00000000 00:00 0 
7f4a398c7000-7f4a398ca000 ---p 00000000 00:00 0 
7f4a398ca000-7f4a399c8000 rw-p 00000000 00:00 0 
7f4a399c8000-7f4a399cb000 ---p 00000000 00:00 0 
7f4a399cb000-7f4a39ac9000 rw-p 00000000 00:00 0 
7f4a39ac9000-7f4a39acc000 ---p 00000000 00:00 0 
7f4a39acc000-7f4a39bca000 rw-p 00000000 00:00 0 
7f4a39bca000-7f4a39bcd000 ---p 00000000 00:00 0 
7f4a39bcd000-7f4a39ccb000 rw-p 00000000 00:00 0 
7f4a39ccb000-7f4a39cce000 ---p 00000000 00:00 0 
7f4a39cce000-7f4a39dcc000 rw-p 00000000 00:00 0 
7f4a39dcc000-7f4a39dcf000 ---p 00000000 00:00 0 
7f4a39dcf000-7f4a39ecd000 rw-p 00000000 00:00 0 
7f4a39ecd000-7f4a39ed0000 ---p 00000000 00:00 0 
7f4a39ed0000-7f4a39fce000 rw-p 00000000 00:00 0 
7f4a39fce000-7f4a39fd1000 ---p 00000000 00:00 0 
7f4a39fd1000-7f4a3a0cf000 rw-p 00000000 00:00 0 
7f4a3a0cf000-7f4a3a0d2000 ---p 00000000 00:00 0 
7f4a3a0d2000-7f4a3a1d0000 rw-p 00000000 00:00 0 
7f4a3a1d0000-7f4a3a1d3000 ---p 00000000 00:00 0 
7f4a3a1d3000-7f4a3a2d1000 rw-p 00000000 00:00 0 
7f4a3a2d1000-7f4a3a2d4000 ---p 00000000 00:00 0 
7f4a3a2d4000-7f4a3a3d2000 rw-p 00000000 00:00 0 
7f4a3a3d2000-7f4a3a3d5000 ---p 00000000 00:00 0 
7f4a3a3d5000-7f4a3a4d3000 rw-p 00000000 00:00 0 
7f4a3a4d3000-7f4a3a4d6000 ---p 00000000 00:00 0 
7f4a3a4d6000-7f4a3a5d4000 rw-p 00000000 00:00 0 
7f4a3a5d4000-7f4a3a5d7000 ---p 00000000 00:00 0 
7f4a3a5d7000-7f4a3a6d5000 rw-p 00000000 00:00 0 
7f4a3a6d5000-7f4a3a6d8000 ---p 00000000 00:00 0 
7f4a3a6d8000-7f4a3a7d6000 rw-p 00000000 00:0